CRITICAL - 2023-01-05 17:02:03 --> syntax error, unexpected '?>'
in APPPATH\Views\auth\signin.php on line 26.
 1 SYSTEMPATH\View\View.php(216): CodeIgniter\View\View->CodeIgniter\View\{closure}()
 2 SYSTEMPATH\Common.php(1135): CodeIgniter\View\View->render('auth/signin', [], true)
 3 APPPATH\Controllers\SigninController.php(14): view('auth/signin')
 4 SYSTEMPATH\CodeIgniter.php(925): App\Controllers\SigninController->index()
 5 SYSTEMPATH\CodeIgniter.php(480): CodeIgniter\CodeIgniter->runController(Object(App\Controllers\SigninController))
 6 SYSTEMPATH\CodeIgniter.php(349): CodeIgniter\CodeIgniter->handleRequest(null, Object(Config\Cache), false)
 7 FCPATH\index.php(67): CodeIgniter\CodeIgniter->run()
 8 SYSTEMPATH\Commands\Server\rewrite.php(47): require_once('FCPATH\\index.php')
CRITICAL - 2023-01-05 17:08:22 --> Trying to access array offset on value of type null
in APPPATH\Views\product\product_edit.php on line 53.
 1 APPPATH\Views\product\product_edit.php(53): CodeIgniter\Debug\Exceptions->errorHandler(8, 'Trying to access array offset on value of type null', 'APPPATH\\Views\\product\\product_edit.php', 53, [...])
 2 SYSTEMPATH\View\View.php(213): include('APPPATH\\Views\\product\\product_edit.php')
 3 SYSTEMPATH\View\View.php(216): CodeIgniter\View\View->CodeIgniter\View\{closure}()
 4 SYSTEMPATH\Common.php(1135): CodeIgniter\View\View->render('product/product_edit', [], true)
 5 APPPATH\Controllers\Products.php(144): view('product/product_edit', [...])
 6 SYSTEMPATH\CodeIgniter.php(925): App\Controllers\Products->edit('FCPATH\\assets', 'dist', 'img', 'user1-128x128.jpg')
 7 SYSTEMPATH\CodeIgniter.php(480): CodeIgniter\CodeIgniter->runController(Object(App\Controllers\Products))
 8 SYSTEMPATH\CodeIgniter.php(349): CodeIgniter\CodeIgniter->handleRequest(null, Object(Config\Cache), false)
 9 FCPATH\index.php(67): CodeIgniter\CodeIgniter->run()
10 SYSTEMPATH\Commands\Server\rewrite.php(47): require_once('FCPATH\\index.php')
CRITICAL - 2023-01-05 17:08:22 --> Trying to access array offset on value of type null
in APPPATH\Views\product\product_edit.php on line 53.
 1 APPPATH\Views\product\product_edit.php(53): CodeIgniter\Debug\Exceptions->errorHandler(8, 'Trying to access array offset on value of type null', 'APPPATH\\Views\\product\\product_edit.php', 53, [...])
 2 SYSTEMPATH\View\View.php(213): include('APPPATH\\Views\\product\\product_edit.php')
 3 SYSTEMPATH\View\View.php(216): CodeIgniter\View\View->CodeIgniter\View\{closure}()
 4 SYSTEMPATH\Common.php(1135): CodeIgniter\View\View->render('product/product_edit', [], true)
 5 APPPATH\Controllers\Products.php(144): view('product/product_edit', [...])
 6 SYSTEMPATH\CodeIgniter.php(925): App\Controllers\Products->edit('FCPATH\\assets', 'dist', 'img', 'user8-128x128.jpg')
 7 SYSTEMPATH\CodeIgniter.php(480): CodeIgniter\CodeIgniter->runController(Object(App\Controllers\Products))
 8 SYSTEMPATH\CodeIgniter.php(349): CodeIgniter\CodeIgniter->handleRequest(null, Object(Config\Cache), false)
 9 FCPATH\index.php(67): CodeIgniter\CodeIgniter->run()
10 SYSTEMPATH\Commands\Server\rewrite.php(47): require_once('FCPATH\\index.php')
CRITICAL - 2023-01-05 17:08:23 --> Trying to access array offset on value of type null
in APPPATH\Views\product\product_edit.php on line 53.
 1 APPPATH\Views\product\product_edit.php(53): CodeIgniter\Debug\Exceptions->errorHandler(8, 'Trying to access array offset on value of type null', 'APPPATH\\Views\\product\\product_edit.php', 53, [...])
 2 SYSTEMPATH\View\View.php(213): include('APPPATH\\Views\\product\\product_edit.php')
 3 SYSTEMPATH\View\View.php(216): CodeIgniter\View\View->CodeIgniter\View\{closure}()
 4 SYSTEMPATH\Common.php(1135): CodeIgniter\View\View->render('product/product_edit', [], true)
 5 APPPATH\Controllers\Products.php(144): view('product/product_edit', [...])
 6 SYSTEMPATH\CodeIgniter.php(925): App\Controllers\Products->edit('FCPATH\\assets', 'dist', 'img', 'user3-128x128.jpg')
 7 SYSTEMPATH\CodeIgniter.php(480): CodeIgniter\CodeIgniter->runController(Object(App\Controllers\Products))
 8 SYSTEMPATH\CodeIgniter.php(349): CodeIgniter\CodeIgniter->handleRequest(null, Object(Config\Cache), false)
 9 FCPATH\index.php(67): CodeIgniter\CodeIgniter->run()
10 SYSTEMPATH\Commands\Server\rewrite.php(47): require_once('FCPATH\\index.php')
CRITICAL - 2023-01-05 17:08:31 --> Trying to access array offset on value of type null
in APPPATH\Views\product\product_edit.php on line 53.
 1 APPPATH\Views\product\product_edit.php(53): CodeIgniter\Debug\Exceptions->errorHandler(8, 'Trying to access array offset on value of type null', 'APPPATH\\Views\\product\\product_edit.php', 53, [...])
 2 SYSTEMPATH\View\View.php(213): include('APPPATH\\Views\\product\\product_edit.php')
 3 SYSTEMPATH\View\View.php(216): CodeIgniter\View\View->CodeIgniter\View\{closure}()
 4 SYSTEMPATH\Common.php(1135): CodeIgniter\View\View->render('product/product_edit', [], true)
 5 APPPATH\Controllers\Products.php(144): view('product/product_edit', [...])
 6 SYSTEMPATH\CodeIgniter.php(925): App\Controllers\Products->edit('FCPATH\\assets', 'dist', 'img', 'user1-128x128.jpg')
 7 SYSTEMPATH\CodeIgniter.php(480): CodeIgniter\CodeIgniter->runController(Object(App\Controllers\Products))
 8 SYSTEMPATH\CodeIgniter.php(349): CodeIgniter\CodeIgniter->handleRequest(null, Object(Config\Cache), false)
 9 FCPATH\index.php(67): CodeIgniter\CodeIgniter->run()
10 SYSTEMPATH\Commands\Server\rewrite.php(47): require_once('FCPATH\\index.php')
CRITICAL - 2023-01-05 17:08:31 --> Trying to access array offset on value of type null
in APPPATH\Views\product\product_edit.php on line 53.
 1 APPPATH\Views\product\product_edit.php(53): CodeIgniter\Debug\Exceptions->errorHandler(8, 'Trying to access array offset on value of type null', 'APPPATH\\Views\\product\\product_edit.php', 53, [...])
 2 SYSTEMPATH\View\View.php(213): include('APPPATH\\Views\\product\\product_edit.php')
 3 SYSTEMPATH\View\View.php(216): CodeIgniter\View\View->CodeIgniter\View\{closure}()
 4 SYSTEMPATH\Common.php(1135): CodeIgniter\View\View->render('product/product_edit', [], true)
 5 APPPATH\Controllers\Products.php(144): view('product/product_edit', [...])
 6 SYSTEMPATH\CodeIgniter.php(925): App\Controllers\Products->edit('FCPATH\\assets', 'dist', 'img', 'user8-128x128.jpg')
 7 SYSTEMPATH\CodeIgniter.php(480): CodeIgniter\CodeIgniter->runController(Object(App\Controllers\Products))
 8 SYSTEMPATH\CodeIgniter.php(349): CodeIgniter\CodeIgniter->handleRequest(null, Object(Config\Cache), false)
 9 FCPATH\index.php(67): CodeIgniter\CodeIgniter->run()
10 SYSTEMPATH\Commands\Server\rewrite.php(47): require_once('FCPATH\\index.php')
CRITICAL - 2023-01-05 17:08:32 --> Trying to access array offset on value of type null
in APPPATH\Views\product\product_edit.php on line 53.
 1 APPPATH\Views\product\product_edit.php(53): CodeIgniter\Debug\Exceptions->errorHandler(8, 'Trying to access array offset on value of type null', 'APPPATH\\Views\\product\\product_edit.php', 53, [...])
 2 SYSTEMPATH\View\View.php(213): include('APPPATH\\Views\\product\\product_edit.php')
 3 SYSTEMPATH\View\View.php(216): CodeIgniter\View\View->CodeIgniter\View\{closure}()
 4 SYSTEMPATH\Common.php(1135): CodeIgniter\View\View->render('product/product_edit', [], true)
 5 APPPATH\Controllers\Products.php(144): view('product/product_edit', [...])
 6 SYSTEMPATH\CodeIgniter.php(925): App\Controllers\Products->edit('FCPATH\\assets', 'dist', 'img', 'user3-128x128.jpg')
 7 SYSTEMPATH\CodeIgniter.php(480): CodeIgniter\CodeIgniter->runController(Object(App\Controllers\Products))
 8 SYSTEMPATH\CodeIgniter.php(349): CodeIgniter\CodeIgniter->handleRequest(null, Object(Config\Cache), false)
 9 FCPATH\index.php(67): CodeIgniter\CodeIgniter->run()
10 SYSTEMPATH\Commands\Server\rewrite.php(47): require_once('FCPATH\\index.php')
CRITICAL - 2023-01-05 17:08:43 --> Trying to access array offset on value of type null
in APPPATH\Views\product\product_edit.php on line 53.
 1 APPPATH\Views\product\product_edit.php(53): CodeIgniter\Debug\Exceptions->errorHandler(8, 'Trying to access array offset on value of type null', 'APPPATH\\Views\\product\\product_edit.php', 53, [...])
 2 SYSTEMPATH\View\View.php(213): include('APPPATH\\Views\\product\\product_edit.php')
 3 SYSTEMPATH\View\View.php(216): CodeIgniter\View\View->CodeIgniter\View\{closure}()
 4 SYSTEMPATH\Common.php(1135): CodeIgniter\View\View->render('product/product_edit', [], true)
 5 APPPATH\Controllers\Products.php(144): view('product/product_edit', [...])
 6 SYSTEMPATH\CodeIgniter.php(925): App\Controllers\Products->edit('FCPATH\\assets', 'dist', 'img', 'user1-128x128.jpg')
 7 SYSTEMPATH\CodeIgniter.php(480): CodeIgniter\CodeIgniter->runController(Object(App\Controllers\Products))
 8 SYSTEMPATH\CodeIgniter.php(349): CodeIgniter\CodeIgniter->handleRequest(null, Object(Config\Cache), false)
 9 FCPATH\index.php(67): CodeIgniter\CodeIgniter->run()
10 SYSTEMPATH\Commands\Server\rewrite.php(47): require_once('FCPATH\\index.php')
CRITICAL - 2023-01-05 17:08:43 --> Trying to access array offset on value of type null
in APPPATH\Views\product\product_edit.php on line 53.
 1 APPPATH\Views\product\product_edit.php(53): CodeIgniter\Debug\Exceptions->errorHandler(8, 'Trying to access array offset on value of type null', 'APPPATH\\Views\\product\\product_edit.php', 53, [...])
 2 SYSTEMPATH\View\View.php(213): include('APPPATH\\Views\\product\\product_edit.php')
 3 SYSTEMPATH\View\View.php(216): CodeIgniter\View\View->CodeIgniter\View\{closure}()
 4 SYSTEMPATH\Common.php(1135): CodeIgniter\View\View->render('product/product_edit', [], true)
 5 APPPATH\Controllers\Products.php(144): view('product/product_edit', [...])
 6 SYSTEMPATH\CodeIgniter.php(925): App\Controllers\Products->edit('FCPATH\\assets', 'dist', 'img', 'user8-128x128.jpg')
 7 SYSTEMPATH\CodeIgniter.php(480): CodeIgniter\CodeIgniter->runController(Object(App\Controllers\Products))
 8 SYSTEMPATH\CodeIgniter.php(349): CodeIgniter\CodeIgniter->handleRequest(null, Object(Config\Cache), false)
 9 FCPATH\index.php(67): CodeIgniter\CodeIgniter->run()
10 SYSTEMPATH\Commands\Server\rewrite.php(47): require_once('FCPATH\\index.php')
CRITICAL - 2023-01-05 17:08:43 --> Trying to access array offset on value of type null
in APPPATH\Views\product\product_edit.php on line 53.
 1 APPPATH\Views\product\product_edit.php(53): CodeIgniter\Debug\Exceptions->errorHandler(8, 'Trying to access array offset on value of type null', 'APPPATH\\Views\\product\\product_edit.php', 53, [...])
 2 SYSTEMPATH\View\View.php(213): include('APPPATH\\Views\\product\\product_edit.php')
 3 SYSTEMPATH\View\View.php(216): CodeIgniter\View\View->CodeIgniter\View\{closure}()
 4 SYSTEMPATH\Common.php(1135): CodeIgniter\View\View->render('product/product_edit', [], true)
 5 APPPATH\Controllers\Products.php(144): view('product/product_edit', [...])
 6 SYSTEMPATH\CodeIgniter.php(925): App\Controllers\Products->edit('FCPATH\\assets', 'dist', 'img', 'user3-128x128.jpg')
 7 SYSTEMPATH\CodeIgniter.php(480): CodeIgniter\CodeIgniter->runController(Object(App\Controllers\Products))
 8 SYSTEMPATH\CodeIgniter.php(349): CodeIgniter\CodeIgniter->handleRequest(null, Object(Config\Cache), false)
 9 FCPATH\index.php(67): CodeIgniter\CodeIgniter->run()
10 SYSTEMPATH\Commands\Server\rewrite.php(47): require_once('FCPATH\\index.php')
CRITICAL - 2023-01-05 17:08:57 --> Trying to access array offset on value of type null
in APPPATH\Views\product\product_edit.php on line 53.
 1 APPPATH\Views\product\product_edit.php(53): CodeIgniter\Debug\Exceptions->errorHandler(8, 'Trying to access array offset on value of type null', 'APPPATH\\Views\\product\\product_edit.php', 53, [...])
 2 SYSTEMPATH\View\View.php(213): include('APPPATH\\Views\\product\\product_edit.php')
 3 SYSTEMPATH\View\View.php(216): CodeIgniter\View\View->CodeIgniter\View\{closure}()
 4 SYSTEMPATH\Common.php(1135): CodeIgniter\View\View->render('product/product_edit', [], true)
 5 APPPATH\Controllers\Products.php(144): view('product/product_edit', [...])
 6 SYSTEMPATH\CodeIgniter.php(925): App\Controllers\Products->edit('FCPATH\\assets', 'dist', 'img', 'user1-128x128.jpg')
 7 SYSTEMPATH\CodeIgniter.php(480): CodeIgniter\CodeIgniter->runController(Object(App\Controllers\Products))
 8 SYSTEMPATH\CodeIgniter.php(349): CodeIgniter\CodeIgniter->handleRequest(null, Object(Config\Cache), false)
 9 FCPATH\index.php(67): CodeIgniter\CodeIgniter->run()
10 SYSTEMPATH\Commands\Server\rewrite.php(47): require_once('FCPATH\\index.php')
CRITICAL - 2023-01-05 17:08:57 --> Trying to access array offset on value of type null
in APPPATH\Views\product\product_edit.php on line 53.
 1 APPPATH\Views\product\product_edit.php(53): CodeIgniter\Debug\Exceptions->errorHandler(8, 'Trying to access array offset on value of type null', 'APPPATH\\Views\\product\\product_edit.php', 53, [...])
 2 SYSTEMPATH\View\View.php(213): include('APPPATH\\Views\\product\\product_edit.php')
 3 SYSTEMPATH\View\View.php(216): CodeIgniter\View\View->CodeIgniter\View\{closure}()
 4 SYSTEMPATH\Common.php(1135): CodeIgniter\View\View->render('product/product_edit', [], true)
 5 APPPATH\Controllers\Products.php(144): view('product/product_edit', [...])
 6 SYSTEMPATH\CodeIgniter.php(925): App\Controllers\Products->edit('FCPATH\\assets', 'dist', 'img', 'user8-128x128.jpg')
 7 SYSTEMPATH\CodeIgniter.php(480): CodeIgniter\CodeIgniter->runController(Object(App\Controllers\Products))
 8 SYSTEMPATH\CodeIgniter.php(349): CodeIgniter\CodeIgniter->handleRequest(null, Object(Config\Cache), false)
 9 FCPATH\index.php(67): CodeIgniter\CodeIgniter->run()
10 SYSTEMPATH\Commands\Server\rewrite.php(47): require_once('FCPATH\\index.php')
CRITICAL - 2023-01-05 17:08:57 --> Trying to access array offset on value of type null
in APPPATH\Views\product\product_edit.php on line 53.
 1 APPPATH\Views\product\product_edit.php(53): CodeIgniter\Debug\Exceptions->errorHandler(8, 'Trying to access array offset on value of type null', 'APPPATH\\Views\\product\\product_edit.php', 53, [...])
 2 SYSTEMPATH\View\View.php(213): include('APPPATH\\Views\\product\\product_edit.php')
 3 SYSTEMPATH\View\View.php(216): CodeIgniter\View\View->CodeIgniter\View\{closure}()
 4 SYSTEMPATH\Common.php(1135): CodeIgniter\View\View->render('product/product_edit', [], true)
 5 APPPATH\Controllers\Products.php(144): view('product/product_edit', [...])
 6 SYSTEMPATH\CodeIgniter.php(925): App\Controllers\Products->edit('FCPATH\\assets', 'dist', 'img', 'user3-128x128.jpg')
 7 SYSTEMPATH\CodeIgniter.php(480): CodeIgniter\CodeIgniter->runController(Object(App\Controllers\Products))
 8 SYSTEMPATH\CodeIgniter.php(349): CodeIgniter\CodeIgniter->handleRequest(null, Object(Config\Cache), false)
 9 FCPATH\index.php(67): CodeIgniter\CodeIgniter->run()
10 SYSTEMPATH\Commands\Server\rewrite.php(47): require_once('FCPATH\\index.php')
CRITICAL - 2023-01-05 17:39:14 --> Trying to access array offset on value of type null
in APPPATH\Views\product\product_edit.php on line 53.
 1 APPPATH\Views\product\product_edit.php(53): CodeIgniter\Debug\Exceptions->errorHandler(8, 'Trying to access array offset on value of type null', 'APPPATH\\Views\\product\\product_edit.php', 53, [...])
 2 SYSTEMPATH\View\View.php(213): include('APPPATH\\Views\\product\\product_edit.php')
 3 SYSTEMPATH\View\View.php(216): CodeIgniter\View\View->CodeIgniter\View\{closure}()
 4 SYSTEMPATH\Common.php(1135): CodeIgniter\View\View->render('product/product_edit', [], true)
 5 APPPATH\Controllers\Products.php(144): view('product/product_edit', [...])
 6 SYSTEMPATH\CodeIgniter.php(925): App\Controllers\Products->edit('FCPATH\\assets', 'dist', 'img', 'user1-128x128.jpg')
 7 SYSTEMPATH\CodeIgniter.php(480): CodeIgniter\CodeIgniter->runController(Object(App\Controllers\Products))
 8 SYSTEMPATH\CodeIgniter.php(349): CodeIgniter\CodeIgniter->handleRequest(null, Object(Config\Cache), false)
 9 FCPATH\index.php(67): CodeIgniter\CodeIgniter->run()
10 SYSTEMPATH\Commands\Server\rewrite.php(47): require_once('FCPATH\\index.php')
CRITICAL - 2023-01-05 17:39:14 --> Trying to access array offset on value of type null
in APPPATH\Views\product\product_edit.php on line 53.
 1 APPPATH\Views\product\product_edit.php(53): CodeIgniter\Debug\Exceptions->errorHandler(8, 'Trying to access array offset on value of type null', 'APPPATH\\Views\\product\\product_edit.php', 53, [...])
 2 SYSTEMPATH\View\View.php(213): include('APPPATH\\Views\\product\\product_edit.php')
 3 SYSTEMPATH\View\View.php(216): CodeIgniter\View\View->CodeIgniter\View\{closure}()
 4 SYSTEMPATH\Common.php(1135): CodeIgniter\View\View->render('product/product_edit', [], true)
 5 APPPATH\Controllers\Products.php(144): view('product/product_edit', [...])
 6 SYSTEMPATH\CodeIgniter.php(925): App\Controllers\Products->edit('FCPATH\\assets', 'dist', 'img', 'user8-128x128.jpg')
 7 SYSTEMPATH\CodeIgniter.php(480): CodeIgniter\CodeIgniter->runController(Object(App\Controllers\Products))
 8 SYSTEMPATH\CodeIgniter.php(349): CodeIgniter\CodeIgniter->handleRequest(null, Object(Config\Cache), false)
 9 FCPATH\index.php(67): CodeIgniter\CodeIgniter->run()
10 SYSTEMPATH\Commands\Server\rewrite.php(47): require_once('FCPATH\\index.php')
CRITICAL - 2023-01-05 17:39:14 --> Trying to access array offset on value of type null
in APPPATH\Views\product\product_edit.php on line 53.
 1 APPPATH\Views\product\product_edit.php(53): CodeIgniter\Debug\Exceptions->errorHandler(8, 'Trying to access array offset on value of type null', 'APPPATH\\Views\\product\\product_edit.php', 53, [...])
 2 SYSTEMPATH\View\View.php(213): include('APPPATH\\Views\\product\\product_edit.php')
 3 SYSTEMPATH\View\View.php(216): CodeIgniter\View\View->CodeIgniter\View\{closure}()
 4 SYSTEMPATH\Common.php(1135): CodeIgniter\View\View->render('product/product_edit', [], true)
 5 APPPATH\Controllers\Products.php(144): view('product/product_edit', [...])
 6 SYSTEMPATH\CodeIgniter.php(925): App\Controllers\Products->edit('FCPATH\\assets', 'dist', 'img', 'user3-128x128.jpg')
 7 SYSTEMPATH\CodeIgniter.php(480): CodeIgniter\CodeIgniter->runController(Object(App\Controllers\Products))
 8 SYSTEMPATH\CodeIgniter.php(349): CodeIgniter\CodeIgniter->handleRequest(null, Object(Config\Cache), false)
 9 FCPATH\index.php(67): CodeIgniter\CodeIgniter->run()
10 SYSTEMPATH\Commands\Server\rewrite.php(47): require_once('FCPATH\\index.php')
CRITICAL - 2023-01-05 17:39:18 --> Trying to access array offset on value of type null
in APPPATH\Views\product\product_edit.php on line 53.
 1 APPPATH\Views\product\product_edit.php(53): CodeIgniter\Debug\Exceptions->errorHandler(8, 'Trying to access array offset on value of type null', 'APPPATH\\Views\\product\\product_edit.php', 53, [...])
 2 SYSTEMPATH\View\View.php(213): include('APPPATH\\Views\\product\\product_edit.php')
 3 SYSTEMPATH\View\View.php(216): CodeIgniter\View\View->CodeIgniter\View\{closure}()
 4 SYSTEMPATH\Common.php(1135): CodeIgniter\View\View->render('product/product_edit', [], true)
 5 APPPATH\Controllers\Products.php(144): view('product/product_edit', [...])
 6 SYSTEMPATH\CodeIgniter.php(925): App\Controllers\Products->edit('FCPATH\\assets', 'dist', 'img', 'user1-128x128.jpg')
 7 SYSTEMPATH\CodeIgniter.php(480): CodeIgniter\CodeIgniter->runController(Object(App\Controllers\Products))
 8 SYSTEMPATH\CodeIgniter.php(349): CodeIgniter\CodeIgniter->handleRequest(null, Object(Config\Cache), false)
 9 FCPATH\index.php(67): CodeIgniter\CodeIgniter->run()
10 SYSTEMPATH\Commands\Server\rewrite.php(47): require_once('FCPATH\\index.php')
CRITICAL - 2023-01-05 17:39:19 --> Trying to access array offset on value of type null
in APPPATH\Views\product\product_edit.php on line 53.
 1 APPPATH\Views\product\product_edit.php(53): CodeIgniter\Debug\Exceptions->errorHandler(8, 'Trying to access array offset on value of type null', 'APPPATH\\Views\\product\\product_edit.php', 53, [...])
 2 SYSTEMPATH\View\View.php(213): include('APPPATH\\Views\\product\\product_edit.php')
 3 SYSTEMPATH\View\View.php(216): CodeIgniter\View\View->CodeIgniter\View\{closure}()
 4 SYSTEMPATH\Common.php(1135): CodeIgniter\View\View->render('product/product_edit', [], true)
 5 APPPATH\Controllers\Products.php(144): view('product/product_edit', [...])
 6 SYSTEMPATH\CodeIgniter.php(925): App\Controllers\Products->edit('FCPATH\\assets', 'dist', 'img', 'user8-128x128.jpg')
 7 SYSTEMPATH\CodeIgniter.php(480): CodeIgniter\CodeIgniter->runController(Object(App\Controllers\Products))
 8 SYSTEMPATH\CodeIgniter.php(349): CodeIgniter\CodeIgniter->handleRequest(null, Object(Config\Cache), false)
 9 FCPATH\index.php(67): CodeIgniter\CodeIgniter->run()
10 SYSTEMPATH\Commands\Server\rewrite.php(47): require_once('FCPATH\\index.php')
CRITICAL - 2023-01-05 17:39:19 --> Trying to access array offset on value of type null
in APPPATH\Views\product\product_edit.php on line 53.
 1 APPPATH\Views\product\product_edit.php(53): CodeIgniter\Debug\Exceptions->errorHandler(8, 'Trying to access array offset on value of type null', 'APPPATH\\Views\\product\\product_edit.php', 53, [...])
 2 SYSTEMPATH\View\View.php(213): include('APPPATH\\Views\\product\\product_edit.php')
 3 SYSTEMPATH\View\View.php(216): CodeIgniter\View\View->CodeIgniter\View\{closure}()
 4 SYSTEMPATH\Common.php(1135): CodeIgniter\View\View->render('product/product_edit', [], true)
 5 APPPATH\Controllers\Products.php(144): view('product/product_edit', [...])
 6 SYSTEMPATH\CodeIgniter.php(925): App\Controllers\Products->edit('FCPATH\\assets', 'dist', 'img', 'user3-128x128.jpg')
 7 SYSTEMPATH\CodeIgniter.php(480): CodeIgniter\CodeIgniter->runController(Object(App\Controllers\Products))
 8 SYSTEMPATH\CodeIgniter.php(349): CodeIgniter\CodeIgniter->handleRequest(null, Object(Config\Cache), false)
 9 FCPATH\index.php(67): CodeIgniter\CodeIgniter->run()
10 SYSTEMPATH\Commands\Server\rewrite.php(47): require_once('FCPATH\\index.php')
