CRITICAL - 2023-01-07 15:30:26 --> syntax error, unexpected '?>'
in APPPATH\Views\pages\list.php on line 65.
 1 SYSTEMPATH\View\View.php(216): CodeIgniter\View\View->CodeIgniter\View\{closure}()
 2 SYSTEMPATH\Common.php(1135): CodeIgniter\View\View->render('pages/list', [], true)
 3 APPPATH\Controllers\TestController.php(26): view('pages/list', [...])
 4 SYSTEMPATH\CodeIgniter.php(925): App\Controllers\TestController->productList()
 5 SYSTEMPATH\CodeIgniter.php(480): CodeIgniter\CodeIgniter->runController(Object(App\Controllers\TestController))
 6 SYSTEMPATH\CodeIgniter.php(349): CodeIgniter\CodeIgniter->handleRequest(null, Object(Config\Cache), false)
 7 FCPATH\index.php(67): CodeIgniter\CodeIgniter->run()
 8 SYSTEMPATH\Commands\Server\rewrite.php(47): require_once('FCPATH\\index.php')
CRITICAL - 2023-01-07 15:33:44 --> Undefined variable: pager
in APPPATH\Views\product\product_list.php on line 119.
 1 APPPATH\Views\product\product_list.php(119): CodeIgniter\Debug\Exceptions->errorHandler(8, 'Undefined variable: pager', 'APPPATH\\Views\\product\\product_list.php', 119, [...])
 2 SYSTEMPATH\View\View.php(213): include('APPPATH\\Views\\product\\product_list.php')
 3 SYSTEMPATH\View\View.php(216): CodeIgniter\View\View->CodeIgniter\View\{closure}()
 4 SYSTEMPATH\Common.php(1135): CodeIgniter\View\View->render('product/product_list', [], true)
 5 APPPATH\Controllers\Products.php(34): view('product/product_list', [...])
 6 SYSTEMPATH\CodeIgniter.php(925): App\Controllers\Products->index()
 7 SYSTEMPATH\CodeIgniter.php(480): CodeIgniter\CodeIgniter->runController(Object(App\Controllers\Products))
 8 SYSTEMPATH\CodeIgniter.php(349): CodeIgniter\CodeIgniter->handleRequest(null, Object(Config\Cache), false)
 9 FCPATH\index.php(67): CodeIgniter\CodeIgniter->run()
10 SYSTEMPATH\Commands\Server\rewrite.php(47): require_once('FCPATH\\index.php')
CRITICAL - 2023-01-07 15:33:45 --> Undefined variable: pager
in APPPATH\Views\product\product_list.php on line 119.
 1 APPPATH\Views\product\product_list.php(119): CodeIgniter\Debug\Exceptions->errorHandler(8, 'Undefined variable: pager', 'APPPATH\\Views\\product\\product_list.php', 119, [...])
 2 SYSTEMPATH\View\View.php(213): include('APPPATH\\Views\\product\\product_list.php')
 3 SYSTEMPATH\View\View.php(216): CodeIgniter\View\View->CodeIgniter\View\{closure}()
 4 SYSTEMPATH\Common.php(1135): CodeIgniter\View\View->render('product/product_list', [], true)
 5 APPPATH\Controllers\Products.php(34): view('product/product_list', [...])
 6 SYSTEMPATH\CodeIgniter.php(925): App\Controllers\Products->index()
 7 SYSTEMPATH\CodeIgniter.php(480): CodeIgniter\CodeIgniter->runController(Object(App\Controllers\Products))
 8 SYSTEMPATH\CodeIgniter.php(349): CodeIgniter\CodeIgniter->handleRequest(null, Object(Config\Cache), false)
 9 FCPATH\index.php(67): CodeIgniter\CodeIgniter->run()
10 SYSTEMPATH\Commands\Server\rewrite.php(47): require_once('FCPATH\\index.php')
CRITICAL - 2023-01-07 15:40:44 --> Undefined variable: categories
in APPPATH\Views\product\product_list.php on line 83.
 1 APPPATH\Views\product\product_list.php(83): CodeIgniter\Debug\Exceptions->errorHandler(8, 'Undefined variable: categories', 'APPPATH\\Views\\product\\product_list.php', 83, [...])
 2 SYSTEMPATH\View\View.php(213): include('APPPATH\\Views\\product\\product_list.php')
 3 SYSTEMPATH\View\View.php(216): CodeIgniter\View\View->CodeIgniter\View\{closure}()
 4 SYSTEMPATH\Common.php(1135): CodeIgniter\View\View->render('product/product_list', [], true)
 5 APPPATH\Controllers\Products.php(34): view('product/product_list', [...])
 6 SYSTEMPATH\CodeIgniter.php(925): App\Controllers\Products->index()
 7 SYSTEMPATH\CodeIgniter.php(480): CodeIgniter\CodeIgniter->runController(Object(App\Controllers\Products))
 8 SYSTEMPATH\CodeIgniter.php(349): CodeIgniter\CodeIgniter->handleRequest(null, Object(Config\Cache), false)
 9 FCPATH\index.php(67): CodeIgniter\CodeIgniter->run()
10 SYSTEMPATH\Commands\Server\rewrite.php(47): require_once('FCPATH\\index.php')
CRITICAL - 2023-01-07 15:41:45 --> Undefined index: cat_id
in APPPATH\Views\product\product_list.php on line 85.
 1 APPPATH\Views\product\product_list.php(85): CodeIgniter\Debug\Exceptions->errorHandler(8, 'Undefined index: cat_id', 'APPPATH\\Views\\product\\product_list.php', 85, [...])
 2 SYSTEMPATH\View\View.php(213): include('APPPATH\\Views\\product\\product_list.php')
 3 SYSTEMPATH\View\View.php(216): CodeIgniter\View\View->CodeIgniter\View\{closure}()
 4 SYSTEMPATH\Common.php(1135): CodeIgniter\View\View->render('product/product_list', [], true)
 5 APPPATH\Controllers\Products.php(34): view('product/product_list', [...])
 6 SYSTEMPATH\CodeIgniter.php(925): App\Controllers\Products->index()
 7 SYSTEMPATH\CodeIgniter.php(480): CodeIgniter\CodeIgniter->runController(Object(App\Controllers\Products))
 8 SYSTEMPATH\CodeIgniter.php(349): CodeIgniter\CodeIgniter->handleRequest(null, Object(Config\Cache), false)
 9 FCPATH\index.php(67): CodeIgniter\CodeIgniter->run()
10 SYSTEMPATH\Commands\Server\rewrite.php(47): require_once('FCPATH\\index.php')
CRITICAL - 2023-01-07 15:44:08 --> Undefined index: category_name
in APPPATH\Views\product\product_list.php on line 93.
 1 APPPATH\Views\product\product_list.php(93): CodeIgniter\Debug\Exceptions->errorHandler(8, 'Undefined index: category_name', 'APPPATH\\Views\\product\\product_list.php', 93, [...])
 2 SYSTEMPATH\View\View.php(213): include('APPPATH\\Views\\product\\product_list.php')
 3 SYSTEMPATH\View\View.php(216): CodeIgniter\View\View->CodeIgniter\View\{closure}()
 4 SYSTEMPATH\Common.php(1135): CodeIgniter\View\View->render('product/product_list', [], true)
 5 APPPATH\Controllers\Products.php(34): view('product/product_list', [...])
 6 SYSTEMPATH\CodeIgniter.php(925): App\Controllers\Products->index()
 7 SYSTEMPATH\CodeIgniter.php(480): CodeIgniter\CodeIgniter->runController(Object(App\Controllers\Products))
 8 SYSTEMPATH\CodeIgniter.php(349): CodeIgniter\CodeIgniter->handleRequest(null, Object(Config\Cache), false)
 9 FCPATH\index.php(67): CodeIgniter\CodeIgniter->run()
10 SYSTEMPATH\Commands\Server\rewrite.php(47): require_once('FCPATH\\index.php')
CRITICAL - 2023-01-07 15:44:41 --> Trying to access array offset on value of type null
in APPPATH\Views\product\product_edit.php on line 53.
 1 APPPATH\Views\product\product_edit.php(53): CodeIgniter\Debug\Exceptions->errorHandler(8, 'Trying to access array offset on value of type null', 'APPPATH\\Views\\product\\product_edit.php', 53, [...])
 2 SYSTEMPATH\View\View.php(213): include('APPPATH\\Views\\product\\product_edit.php')
 3 SYSTEMPATH\View\View.php(216): CodeIgniter\View\View->CodeIgniter\View\{closure}()
 4 SYSTEMPATH\Common.php(1135): CodeIgniter\View\View->render('product/product_edit', [], true)
 5 APPPATH\Controllers\Products.php(144): view('product/product_edit', [...])
 6 SYSTEMPATH\CodeIgniter.php(925): App\Controllers\Products->edit('FCPATH\\assets', 'dist', 'img', 'user1-128x128.jpg')
 7 SYSTEMPATH\CodeIgniter.php(480): CodeIgniter\CodeIgniter->runController(Object(App\Controllers\Products))
 8 SYSTEMPATH\CodeIgniter.php(349): CodeIgniter\CodeIgniter->handleRequest(null, Object(Config\Cache), false)
 9 FCPATH\index.php(67): CodeIgniter\CodeIgniter->run()
10 SYSTEMPATH\Commands\Server\rewrite.php(47): require_once('FCPATH\\index.php')
CRITICAL - 2023-01-07 15:44:41 --> Trying to access array offset on value of type null
in APPPATH\Views\product\product_edit.php on line 53.
 1 APPPATH\Views\product\product_edit.php(53): CodeIgniter\Debug\Exceptions->errorHandler(8, 'Trying to access array offset on value of type null', 'APPPATH\\Views\\product\\product_edit.php', 53, [...])
 2 SYSTEMPATH\View\View.php(213): include('APPPATH\\Views\\product\\product_edit.php')
 3 SYSTEMPATH\View\View.php(216): CodeIgniter\View\View->CodeIgniter\View\{closure}()
 4 SYSTEMPATH\Common.php(1135): CodeIgniter\View\View->render('product/product_edit', [], true)
 5 APPPATH\Controllers\Products.php(144): view('product/product_edit', [...])
 6 SYSTEMPATH\CodeIgniter.php(925): App\Controllers\Products->edit('FCPATH\\assets', 'dist', 'img', 'user8-128x128.jpg')
 7 SYSTEMPATH\CodeIgniter.php(480): CodeIgniter\CodeIgniter->runController(Object(App\Controllers\Products))
 8 SYSTEMPATH\CodeIgniter.php(349): CodeIgniter\CodeIgniter->handleRequest(null, Object(Config\Cache), false)
 9 FCPATH\index.php(67): CodeIgniter\CodeIgniter->run()
10 SYSTEMPATH\Commands\Server\rewrite.php(47): require_once('FCPATH\\index.php')
CRITICAL - 2023-01-07 15:44:41 --> Trying to access array offset on value of type null
in APPPATH\Views\product\product_edit.php on line 53.
 1 APPPATH\Views\product\product_edit.php(53): CodeIgniter\Debug\Exceptions->errorHandler(8, 'Trying to access array offset on value of type null', 'APPPATH\\Views\\product\\product_edit.php', 53, [...])
 2 SYSTEMPATH\View\View.php(213): include('APPPATH\\Views\\product\\product_edit.php')
 3 SYSTEMPATH\View\View.php(216): CodeIgniter\View\View->CodeIgniter\View\{closure}()
 4 SYSTEMPATH\Common.php(1135): CodeIgniter\View\View->render('product/product_edit', [], true)
 5 APPPATH\Controllers\Products.php(144): view('product/product_edit', [...])
 6 SYSTEMPATH\CodeIgniter.php(925): App\Controllers\Products->edit('FCPATH\\assets', 'dist', 'img', 'user3-128x128.jpg')
 7 SYSTEMPATH\CodeIgniter.php(480): CodeIgniter\CodeIgniter->runController(Object(App\Controllers\Products))
 8 SYSTEMPATH\CodeIgniter.php(349): CodeIgniter\CodeIgniter->handleRequest(null, Object(Config\Cache), false)
 9 FCPATH\index.php(67): CodeIgniter\CodeIgniter->run()
10 SYSTEMPATH\Commands\Server\rewrite.php(47): require_once('FCPATH\\index.php')
CRITICAL - 2023-01-07 15:45:13 --> Trying to access array offset on value of type null
in APPPATH\Views\product\product_edit.php on line 53.
 1 APPPATH\Views\product\product_edit.php(53): CodeIgniter\Debug\Exceptions->errorHandler(8, 'Trying to access array offset on value of type null', 'APPPATH\\Views\\product\\product_edit.php', 53, [...])
 2 SYSTEMPATH\View\View.php(213): include('APPPATH\\Views\\product\\product_edit.php')
 3 SYSTEMPATH\View\View.php(216): CodeIgniter\View\View->CodeIgniter\View\{closure}()
 4 SYSTEMPATH\Common.php(1135): CodeIgniter\View\View->render('product/product_edit', [], true)
 5 APPPATH\Controllers\Products.php(144): view('product/product_edit', [...])
 6 SYSTEMPATH\CodeIgniter.php(925): App\Controllers\Products->edit('FCPATH\\assets', 'dist', 'img', 'user1-128x128.jpg')
 7 SYSTEMPATH\CodeIgniter.php(480): CodeIgniter\CodeIgniter->runController(Object(App\Controllers\Products))
 8 SYSTEMPATH\CodeIgniter.php(349): CodeIgniter\CodeIgniter->handleRequest(null, Object(Config\Cache), false)
 9 FCPATH\index.php(67): CodeIgniter\CodeIgniter->run()
10 SYSTEMPATH\Commands\Server\rewrite.php(47): require_once('FCPATH\\index.php')
CRITICAL - 2023-01-07 15:45:13 --> Trying to access array offset on value of type null
in APPPATH\Views\product\product_edit.php on line 53.
 1 APPPATH\Views\product\product_edit.php(53): CodeIgniter\Debug\Exceptions->errorHandler(8, 'Trying to access array offset on value of type null', 'APPPATH\\Views\\product\\product_edit.php', 53, [...])
 2 SYSTEMPATH\View\View.php(213): include('APPPATH\\Views\\product\\product_edit.php')
 3 SYSTEMPATH\View\View.php(216): CodeIgniter\View\View->CodeIgniter\View\{closure}()
 4 SYSTEMPATH\Common.php(1135): CodeIgniter\View\View->render('product/product_edit', [], true)
 5 APPPATH\Controllers\Products.php(144): view('product/product_edit', [...])
 6 SYSTEMPATH\CodeIgniter.php(925): App\Controllers\Products->edit('FCPATH\\assets', 'dist', 'img', 'user8-128x128.jpg')
 7 SYSTEMPATH\CodeIgniter.php(480): CodeIgniter\CodeIgniter->runController(Object(App\Controllers\Products))
 8 SYSTEMPATH\CodeIgniter.php(349): CodeIgniter\CodeIgniter->handleRequest(null, Object(Config\Cache), false)
 9 FCPATH\index.php(67): CodeIgniter\CodeIgniter->run()
10 SYSTEMPATH\Commands\Server\rewrite.php(47): require_once('FCPATH\\index.php')
CRITICAL - 2023-01-07 15:45:13 --> Trying to access array offset on value of type null
in APPPATH\Views\product\product_edit.php on line 53.
 1 APPPATH\Views\product\product_edit.php(53): CodeIgniter\Debug\Exceptions->errorHandler(8, 'Trying to access array offset on value of type null', 'APPPATH\\Views\\product\\product_edit.php', 53, [...])
 2 SYSTEMPATH\View\View.php(213): include('APPPATH\\Views\\product\\product_edit.php')
 3 SYSTEMPATH\View\View.php(216): CodeIgniter\View\View->CodeIgniter\View\{closure}()
 4 SYSTEMPATH\Common.php(1135): CodeIgniter\View\View->render('product/product_edit', [], true)
 5 APPPATH\Controllers\Products.php(144): view('product/product_edit', [...])
 6 SYSTEMPATH\CodeIgniter.php(925): App\Controllers\Products->edit('FCPATH\\assets', 'dist', 'img', 'user3-128x128.jpg')
 7 SYSTEMPATH\CodeIgniter.php(480): CodeIgniter\CodeIgniter->runController(Object(App\Controllers\Products))
 8 SYSTEMPATH\CodeIgniter.php(349): CodeIgniter\CodeIgniter->handleRequest(null, Object(Config\Cache), false)
 9 FCPATH\index.php(67): CodeIgniter\CodeIgniter->run()
10 SYSTEMPATH\Commands\Server\rewrite.php(47): require_once('FCPATH\\index.php')
CRITICAL - 2023-01-07 15:47:25 --> Trying to access array offset on value of type null
in APPPATH\Views\product\product_edit.php on line 53.
 1 APPPATH\Views\product\product_edit.php(53): CodeIgniter\Debug\Exceptions->errorHandler(8, 'Trying to access array offset on value of type null', 'APPPATH\\Views\\product\\product_edit.php', 53, [...])
 2 SYSTEMPATH\View\View.php(213): include('APPPATH\\Views\\product\\product_edit.php')
 3 SYSTEMPATH\View\View.php(216): CodeIgniter\View\View->CodeIgniter\View\{closure}()
 4 SYSTEMPATH\Common.php(1135): CodeIgniter\View\View->render('product/product_edit', [], true)
 5 APPPATH\Controllers\Products.php(144): view('product/product_edit', [...])
 6 SYSTEMPATH\CodeIgniter.php(925): App\Controllers\Products->edit('FCPATH\\assets', 'dist', 'img', 'user1-128x128.jpg')
 7 SYSTEMPATH\CodeIgniter.php(480): CodeIgniter\CodeIgniter->runController(Object(App\Controllers\Products))
 8 SYSTEMPATH\CodeIgniter.php(349): CodeIgniter\CodeIgniter->handleRequest(null, Object(Config\Cache), false)
 9 FCPATH\index.php(67): CodeIgniter\CodeIgniter->run()
10 SYSTEMPATH\Commands\Server\rewrite.php(47): require_once('FCPATH\\index.php')
CRITICAL - 2023-01-07 15:47:26 --> Trying to access array offset on value of type null
in APPPATH\Views\product\product_edit.php on line 53.
 1 APPPATH\Views\product\product_edit.php(53): CodeIgniter\Debug\Exceptions->errorHandler(8, 'Trying to access array offset on value of type null', 'APPPATH\\Views\\product\\product_edit.php', 53, [...])
 2 SYSTEMPATH\View\View.php(213): include('APPPATH\\Views\\product\\product_edit.php')
 3 SYSTEMPATH\View\View.php(216): CodeIgniter\View\View->CodeIgniter\View\{closure}()
 4 SYSTEMPATH\Common.php(1135): CodeIgniter\View\View->render('product/product_edit', [], true)
 5 APPPATH\Controllers\Products.php(144): view('product/product_edit', [...])
 6 SYSTEMPATH\CodeIgniter.php(925): App\Controllers\Products->edit('FCPATH\\assets', 'dist', 'img', 'user8-128x128.jpg')
 7 SYSTEMPATH\CodeIgniter.php(480): CodeIgniter\CodeIgniter->runController(Object(App\Controllers\Products))
 8 SYSTEMPATH\CodeIgniter.php(349): CodeIgniter\CodeIgniter->handleRequest(null, Object(Config\Cache), false)
 9 FCPATH\index.php(67): CodeIgniter\CodeIgniter->run()
10 SYSTEMPATH\Commands\Server\rewrite.php(47): require_once('FCPATH\\index.php')
CRITICAL - 2023-01-07 15:47:26 --> Trying to access array offset on value of type null
in APPPATH\Views\product\product_edit.php on line 53.
 1 APPPATH\Views\product\product_edit.php(53): CodeIgniter\Debug\Exceptions->errorHandler(8, 'Trying to access array offset on value of type null', 'APPPATH\\Views\\product\\product_edit.php', 53, [...])
 2 SYSTEMPATH\View\View.php(213): include('APPPATH\\Views\\product\\product_edit.php')
 3 SYSTEMPATH\View\View.php(216): CodeIgniter\View\View->CodeIgniter\View\{closure}()
 4 SYSTEMPATH\Common.php(1135): CodeIgniter\View\View->render('product/product_edit', [], true)
 5 APPPATH\Controllers\Products.php(144): view('product/product_edit', [...])
 6 SYSTEMPATH\CodeIgniter.php(925): App\Controllers\Products->edit('FCPATH\\assets', 'dist', 'img', 'user3-128x128.jpg')
 7 SYSTEMPATH\CodeIgniter.php(480): CodeIgniter\CodeIgniter->runController(Object(App\Controllers\Products))
 8 SYSTEMPATH\CodeIgniter.php(349): CodeIgniter\CodeIgniter->handleRequest(null, Object(Config\Cache), false)
 9 FCPATH\index.php(67): CodeIgniter\CodeIgniter->run()
10 SYSTEMPATH\Commands\Server\rewrite.php(47): require_once('FCPATH\\index.php')
CRITICAL - 2023-01-07 15:49:59 --> Trying to access array offset on value of type null
in APPPATH\Views\product\product_edit.php on line 53.
 1 APPPATH\Views\product\product_edit.php(53): CodeIgniter\Debug\Exceptions->errorHandler(8, 'Trying to access array offset on value of type null', 'APPPATH\\Views\\product\\product_edit.php', 53, [...])
 2 SYSTEMPATH\View\View.php(213): include('APPPATH\\Views\\product\\product_edit.php')
 3 SYSTEMPATH\View\View.php(216): CodeIgniter\View\View->CodeIgniter\View\{closure}()
 4 SYSTEMPATH\Common.php(1135): CodeIgniter\View\View->render('product/product_edit', [], true)
 5 APPPATH\Controllers\Products.php(144): view('product/product_edit', [...])
 6 SYSTEMPATH\CodeIgniter.php(925): App\Controllers\Products->edit('FCPATH\\assets', 'dist', 'img', 'user1-128x128.jpg')
 7 SYSTEMPATH\CodeIgniter.php(480): CodeIgniter\CodeIgniter->runController(Object(App\Controllers\Products))
 8 SYSTEMPATH\CodeIgniter.php(349): CodeIgniter\CodeIgniter->handleRequest(null, Object(Config\Cache), false)
 9 FCPATH\index.php(67): CodeIgniter\CodeIgniter->run()
10 SYSTEMPATH\Commands\Server\rewrite.php(47): require_once('FCPATH\\index.php')
CRITICAL - 2023-01-07 15:49:59 --> Trying to access array offset on value of type null
in APPPATH\Views\product\product_edit.php on line 53.
 1 APPPATH\Views\product\product_edit.php(53): CodeIgniter\Debug\Exceptions->errorHandler(8, 'Trying to access array offset on value of type null', 'APPPATH\\Views\\product\\product_edit.php', 53, [...])
 2 SYSTEMPATH\View\View.php(213): include('APPPATH\\Views\\product\\product_edit.php')
 3 SYSTEMPATH\View\View.php(216): CodeIgniter\View\View->CodeIgniter\View\{closure}()
 4 SYSTEMPATH\Common.php(1135): CodeIgniter\View\View->render('product/product_edit', [], true)
 5 APPPATH\Controllers\Products.php(144): view('product/product_edit', [...])
 6 SYSTEMPATH\CodeIgniter.php(925): App\Controllers\Products->edit('FCPATH\\assets', 'dist', 'img', 'user8-128x128.jpg')
 7 SYSTEMPATH\CodeIgniter.php(480): CodeIgniter\CodeIgniter->runController(Object(App\Controllers\Products))
 8 SYSTEMPATH\CodeIgniter.php(349): CodeIgniter\CodeIgniter->handleRequest(null, Object(Config\Cache), false)
 9 FCPATH\index.php(67): CodeIgniter\CodeIgniter->run()
10 SYSTEMPATH\Commands\Server\rewrite.php(47): require_once('FCPATH\\index.php')
CRITICAL - 2023-01-07 15:49:59 --> Trying to access array offset on value of type null
in APPPATH\Views\product\product_edit.php on line 53.
 1 APPPATH\Views\product\product_edit.php(53): CodeIgniter\Debug\Exceptions->errorHandler(8, 'Trying to access array offset on value of type null', 'APPPATH\\Views\\product\\product_edit.php', 53, [...])
 2 SYSTEMPATH\View\View.php(213): include('APPPATH\\Views\\product\\product_edit.php')
 3 SYSTEMPATH\View\View.php(216): CodeIgniter\View\View->CodeIgniter\View\{closure}()
 4 SYSTEMPATH\Common.php(1135): CodeIgniter\View\View->render('product/product_edit', [], true)
 5 APPPATH\Controllers\Products.php(144): view('product/product_edit', [...])
 6 SYSTEMPATH\CodeIgniter.php(925): App\Controllers\Products->edit('FCPATH\\assets', 'dist', 'img', 'user3-128x128.jpg')
 7 SYSTEMPATH\CodeIgniter.php(480): CodeIgniter\CodeIgniter->runController(Object(App\Controllers\Products))
 8 SYSTEMPATH\CodeIgniter.php(349): CodeIgniter\CodeIgniter->handleRequest(null, Object(Config\Cache), false)
 9 FCPATH\index.php(67): CodeIgniter\CodeIgniter->run()
10 SYSTEMPATH\Commands\Server\rewrite.php(47): require_once('FCPATH\\index.php')
CRITICAL - 2023-01-07 15:51:55 --> Trying to access array offset on value of type null
in APPPATH\Views\product\product_edit.php on line 53.
 1 APPPATH\Views\product\product_edit.php(53): CodeIgniter\Debug\Exceptions->errorHandler(8, 'Trying to access array offset on value of type null', 'APPPATH\\Views\\product\\product_edit.php', 53, [...])
 2 SYSTEMPATH\View\View.php(213): include('APPPATH\\Views\\product\\product_edit.php')
 3 SYSTEMPATH\View\View.php(216): CodeIgniter\View\View->CodeIgniter\View\{closure}()
 4 SYSTEMPATH\Common.php(1135): CodeIgniter\View\View->render('product/product_edit', [], true)
 5 APPPATH\Controllers\Products.php(144): view('product/product_edit', [...])
 6 SYSTEMPATH\CodeIgniter.php(925): App\Controllers\Products->edit('FCPATH\\assets', 'dist', 'img', 'user1-128x128.jpg')
 7 SYSTEMPATH\CodeIgniter.php(480): CodeIgniter\CodeIgniter->runController(Object(App\Controllers\Products))
 8 SYSTEMPATH\CodeIgniter.php(349): CodeIgniter\CodeIgniter->handleRequest(null, Object(Config\Cache), false)
 9 FCPATH\index.php(67): CodeIgniter\CodeIgniter->run()
10 SYSTEMPATH\Commands\Server\rewrite.php(47): require_once('FCPATH\\index.php')
CRITICAL - 2023-01-07 15:51:56 --> Trying to access array offset on value of type null
in APPPATH\Views\product\product_edit.php on line 53.
 1 APPPATH\Views\product\product_edit.php(53): CodeIgniter\Debug\Exceptions->errorHandler(8, 'Trying to access array offset on value of type null', 'APPPATH\\Views\\product\\product_edit.php', 53, [...])
 2 SYSTEMPATH\View\View.php(213): include('APPPATH\\Views\\product\\product_edit.php')
 3 SYSTEMPATH\View\View.php(216): CodeIgniter\View\View->CodeIgniter\View\{closure}()
 4 SYSTEMPATH\Common.php(1135): CodeIgniter\View\View->render('product/product_edit', [], true)
 5 APPPATH\Controllers\Products.php(144): view('product/product_edit', [...])
 6 SYSTEMPATH\CodeIgniter.php(925): App\Controllers\Products->edit('FCPATH\\assets', 'dist', 'img', 'user8-128x128.jpg')
 7 SYSTEMPATH\CodeIgniter.php(480): CodeIgniter\CodeIgniter->runController(Object(App\Controllers\Products))
 8 SYSTEMPATH\CodeIgniter.php(349): CodeIgniter\CodeIgniter->handleRequest(null, Object(Config\Cache), false)
 9 FCPATH\index.php(67): CodeIgniter\CodeIgniter->run()
10 SYSTEMPATH\Commands\Server\rewrite.php(47): require_once('FCPATH\\index.php')
CRITICAL - 2023-01-07 15:51:56 --> Trying to access array offset on value of type null
in APPPATH\Views\product\product_edit.php on line 53.
 1 APPPATH\Views\product\product_edit.php(53): CodeIgniter\Debug\Exceptions->errorHandler(8, 'Trying to access array offset on value of type null', 'APPPATH\\Views\\product\\product_edit.php', 53, [...])
 2 SYSTEMPATH\View\View.php(213): include('APPPATH\\Views\\product\\product_edit.php')
 3 SYSTEMPATH\View\View.php(216): CodeIgniter\View\View->CodeIgniter\View\{closure}()
 4 SYSTEMPATH\Common.php(1135): CodeIgniter\View\View->render('product/product_edit', [], true)
 5 APPPATH\Controllers\Products.php(144): view('product/product_edit', [...])
 6 SYSTEMPATH\CodeIgniter.php(925): App\Controllers\Products->edit('FCPATH\\assets', 'dist', 'img', 'user3-128x128.jpg')
 7 SYSTEMPATH\CodeIgniter.php(480): CodeIgniter\CodeIgniter->runController(Object(App\Controllers\Products))
 8 SYSTEMPATH\CodeIgniter.php(349): CodeIgniter\CodeIgniter->handleRequest(null, Object(Config\Cache), false)
 9 FCPATH\index.php(67): CodeIgniter\CodeIgniter->run()
10 SYSTEMPATH\Commands\Server\rewrite.php(47): require_once('FCPATH\\index.php')
CRITICAL - 2023-01-07 15:53:52 --> Trying to access array offset on value of type null
in APPPATH\Views\product\product_edit.php on line 53.
 1 APPPATH\Views\product\product_edit.php(53): CodeIgniter\Debug\Exceptions->errorHandler(8, 'Trying to access array offset on value of type null', 'APPPATH\\Views\\product\\product_edit.php', 53, [...])
 2 SYSTEMPATH\View\View.php(213): include('APPPATH\\Views\\product\\product_edit.php')
 3 SYSTEMPATH\View\View.php(216): CodeIgniter\View\View->CodeIgniter\View\{closure}()
 4 SYSTEMPATH\Common.php(1135): CodeIgniter\View\View->render('product/product_edit', [], true)
 5 APPPATH\Controllers\Products.php(144): view('product/product_edit', [...])
 6 SYSTEMPATH\CodeIgniter.php(925): App\Controllers\Products->edit('11')
 7 SYSTEMPATH\CodeIgniter.php(480): CodeIgniter\CodeIgniter->runController(Object(App\Controllers\Products))
 8 SYSTEMPATH\CodeIgniter.php(349): CodeIgniter\CodeIgniter->handleRequest(null, Object(Config\Cache), false)
 9 FCPATH\index.php(67): CodeIgniter\CodeIgniter->run()
10 SYSTEMPATH\Commands\Server\rewrite.php(47): require_once('FCPATH\\index.php')
CRITICAL - 2023-01-07 15:53:58 --> Trying to access array offset on value of type null
in APPPATH\Views\product\product_edit.php on line 53.
 1 APPPATH\Views\product\product_edit.php(53): CodeIgniter\Debug\Exceptions->errorHandler(8, 'Trying to access array offset on value of type null', 'APPPATH\\Views\\product\\product_edit.php', 53, [...])
 2 SYSTEMPATH\View\View.php(213): include('APPPATH\\Views\\product\\product_edit.php')
 3 SYSTEMPATH\View\View.php(216): CodeIgniter\View\View->CodeIgniter\View\{closure}()
 4 SYSTEMPATH\Common.php(1135): CodeIgniter\View\View->render('product/product_edit', [], true)
 5 APPPATH\Controllers\Products.php(144): view('product/product_edit', [...])
 6 SYSTEMPATH\CodeIgniter.php(925): App\Controllers\Products->edit('11')
 7 SYSTEMPATH\CodeIgniter.php(480): CodeIgniter\CodeIgniter->runController(Object(App\Controllers\Products))
 8 SYSTEMPATH\CodeIgniter.php(349): CodeIgniter\CodeIgniter->handleRequest(null, Object(Config\Cache), false)
 9 FCPATH\index.php(67): CodeIgniter\CodeIgniter->run()
10 SYSTEMPATH\Commands\Server\rewrite.php(47): require_once('FCPATH\\index.php')
CRITICAL - 2023-01-07 15:54:05 --> Trying to access array offset on value of type null
in APPPATH\Views\product\product_edit.php on line 53.
 1 APPPATH\Views\product\product_edit.php(53): CodeIgniter\Debug\Exceptions->errorHandler(8, 'Trying to access array offset on value of type null', 'APPPATH\\Views\\product\\product_edit.php', 53, [...])
 2 SYSTEMPATH\View\View.php(213): include('APPPATH\\Views\\product\\product_edit.php')
 3 SYSTEMPATH\View\View.php(216): CodeIgniter\View\View->CodeIgniter\View\{closure}()
 4 SYSTEMPATH\Common.php(1135): CodeIgniter\View\View->render('product/product_edit', [], true)
 5 APPPATH\Controllers\Products.php(144): view('product/product_edit', [...])
 6 SYSTEMPATH\CodeIgniter.php(925): App\Controllers\Products->edit('FCPATH\\assets', 'dist', 'img', 'user1-128x128.jpg')
 7 SYSTEMPATH\CodeIgniter.php(480): CodeIgniter\CodeIgniter->runController(Object(App\Controllers\Products))
 8 SYSTEMPATH\CodeIgniter.php(349): CodeIgniter\CodeIgniter->handleRequest(null, Object(Config\Cache), false)
 9 FCPATH\index.php(67): CodeIgniter\CodeIgniter->run()
10 SYSTEMPATH\Commands\Server\rewrite.php(47): require_once('FCPATH\\index.php')
CRITICAL - 2023-01-07 15:54:05 --> Trying to access array offset on value of type null
in APPPATH\Views\product\product_edit.php on line 53.
 1 APPPATH\Views\product\product_edit.php(53): CodeIgniter\Debug\Exceptions->errorHandler(8, 'Trying to access array offset on value of type null', 'APPPATH\\Views\\product\\product_edit.php', 53, [...])
 2 SYSTEMPATH\View\View.php(213): include('APPPATH\\Views\\product\\product_edit.php')
 3 SYSTEMPATH\View\View.php(216): CodeIgniter\View\View->CodeIgniter\View\{closure}()
 4 SYSTEMPATH\Common.php(1135): CodeIgniter\View\View->render('product/product_edit', [], true)
 5 APPPATH\Controllers\Products.php(144): view('product/product_edit', [...])
 6 SYSTEMPATH\CodeIgniter.php(925): App\Controllers\Products->edit('FCPATH\\assets', 'dist', 'img', 'user8-128x128.jpg')
 7 SYSTEMPATH\CodeIgniter.php(480): CodeIgniter\CodeIgniter->runController(Object(App\Controllers\Products))
 8 SYSTEMPATH\CodeIgniter.php(349): CodeIgniter\CodeIgniter->handleRequest(null, Object(Config\Cache), false)
 9 FCPATH\index.php(67): CodeIgniter\CodeIgniter->run()
10 SYSTEMPATH\Commands\Server\rewrite.php(47): require_once('FCPATH\\index.php')
CRITICAL - 2023-01-07 15:54:05 --> Trying to access array offset on value of type null
in APPPATH\Views\product\product_edit.php on line 53.
 1 APPPATH\Views\product\product_edit.php(53): CodeIgniter\Debug\Exceptions->errorHandler(8, 'Trying to access array offset on value of type null', 'APPPATH\\Views\\product\\product_edit.php', 53, [...])
 2 SYSTEMPATH\View\View.php(213): include('APPPATH\\Views\\product\\product_edit.php')
 3 SYSTEMPATH\View\View.php(216): CodeIgniter\View\View->CodeIgniter\View\{closure}()
 4 SYSTEMPATH\Common.php(1135): CodeIgniter\View\View->render('product/product_edit', [], true)
 5 APPPATH\Controllers\Products.php(144): view('product/product_edit', [...])
 6 SYSTEMPATH\CodeIgniter.php(925): App\Controllers\Products->edit('FCPATH\\assets', 'dist', 'img', 'user3-128x128.jpg')
 7 SYSTEMPATH\CodeIgniter.php(480): CodeIgniter\CodeIgniter->runController(Object(App\Controllers\Products))
 8 SYSTEMPATH\CodeIgniter.php(349): CodeIgniter\CodeIgniter->handleRequest(null, Object(Config\Cache), false)
 9 FCPATH\index.php(67): CodeIgniter\CodeIgniter->run()
10 SYSTEMPATH\Commands\Server\rewrite.php(47): require_once('FCPATH\\index.php')
CRITICAL - 2023-01-07 16:13:03 --> Trying to access array offset on value of type null
in APPPATH\Views\product\product_edit.php on line 53.
 1 APPPATH\Views\product\product_edit.php(53): CodeIgniter\Debug\Exceptions->errorHandler(8, 'Trying to access array offset on value of type null', 'APPPATH\\Views\\product\\product_edit.php', 53, [...])
 2 SYSTEMPATH\View\View.php(213): include('APPPATH\\Views\\product\\product_edit.php')
 3 SYSTEMPATH\View\View.php(216): CodeIgniter\View\View->CodeIgniter\View\{closure}()
 4 SYSTEMPATH\Common.php(1135): CodeIgniter\View\View->render('product/product_edit', [], true)
 5 APPPATH\Controllers\Products.php(144): view('product/product_edit', [...])
 6 SYSTEMPATH\CodeIgniter.php(925): App\Controllers\Products->edit('FCPATH\\assets', 'dist', 'img', 'user1-128x128.jpg')
 7 SYSTEMPATH\CodeIgniter.php(480): CodeIgniter\CodeIgniter->runController(Object(App\Controllers\Products))
 8 SYSTEMPATH\CodeIgniter.php(349): CodeIgniter\CodeIgniter->handleRequest(null, Object(Config\Cache), false)
 9 FCPATH\index.php(67): CodeIgniter\CodeIgniter->run()
10 SYSTEMPATH\Commands\Server\rewrite.php(47): require_once('FCPATH\\index.php')
CRITICAL - 2023-01-07 16:13:04 --> Trying to access array offset on value of type null
in APPPATH\Views\product\product_edit.php on line 53.
 1 APPPATH\Views\product\product_edit.php(53): CodeIgniter\Debug\Exceptions->errorHandler(8, 'Trying to access array offset on value of type null', 'APPPATH\\Views\\product\\product_edit.php', 53, [...])
 2 SYSTEMPATH\View\View.php(213): include('APPPATH\\Views\\product\\product_edit.php')
 3 SYSTEMPATH\View\View.php(216): CodeIgniter\View\View->CodeIgniter\View\{closure}()
 4 SYSTEMPATH\Common.php(1135): CodeIgniter\View\View->render('product/product_edit', [], true)
 5 APPPATH\Controllers\Products.php(144): view('product/product_edit', [...])
 6 SYSTEMPATH\CodeIgniter.php(925): App\Controllers\Products->edit('FCPATH\\assets', 'dist', 'img', 'user8-128x128.jpg')
 7 SYSTEMPATH\CodeIgniter.php(480): CodeIgniter\CodeIgniter->runController(Object(App\Controllers\Products))
 8 SYSTEMPATH\CodeIgniter.php(349): CodeIgniter\CodeIgniter->handleRequest(null, Object(Config\Cache), false)
 9 FCPATH\index.php(67): CodeIgniter\CodeIgniter->run()
10 SYSTEMPATH\Commands\Server\rewrite.php(47): require_once('FCPATH\\index.php')
CRITICAL - 2023-01-07 16:13:04 --> Trying to access array offset on value of type null
in APPPATH\Views\product\product_edit.php on line 53.
 1 APPPATH\Views\product\product_edit.php(53): CodeIgniter\Debug\Exceptions->errorHandler(8, 'Trying to access array offset on value of type null', 'APPPATH\\Views\\product\\product_edit.php', 53, [...])
 2 SYSTEMPATH\View\View.php(213): include('APPPATH\\Views\\product\\product_edit.php')
 3 SYSTEMPATH\View\View.php(216): CodeIgniter\View\View->CodeIgniter\View\{closure}()
 4 SYSTEMPATH\Common.php(1135): CodeIgniter\View\View->render('product/product_edit', [], true)
 5 APPPATH\Controllers\Products.php(144): view('product/product_edit', [...])
 6 SYSTEMPATH\CodeIgniter.php(925): App\Controllers\Products->edit('FCPATH\\assets', 'dist', 'img', 'user3-128x128.jpg')
 7 SYSTEMPATH\CodeIgniter.php(480): CodeIgniter\CodeIgniter->runController(Object(App\Controllers\Products))
 8 SYSTEMPATH\CodeIgniter.php(349): CodeIgniter\CodeIgniter->handleRequest(null, Object(Config\Cache), false)
 9 FCPATH\index.php(67): CodeIgniter\CodeIgniter->run()
10 SYSTEMPATH\Commands\Server\rewrite.php(47): require_once('FCPATH\\index.php')
CRITICAL - 2023-01-07 16:13:13 --> Trying to access array offset on value of type null
in APPPATH\Views\product\product_edit.php on line 53.
 1 APPPATH\Views\product\product_edit.php(53): CodeIgniter\Debug\Exceptions->errorHandler(8, 'Trying to access array offset on value of type null', 'APPPATH\\Views\\product\\product_edit.php', 53, [...])
 2 SYSTEMPATH\View\View.php(213): include('APPPATH\\Views\\product\\product_edit.php')
 3 SYSTEMPATH\View\View.php(216): CodeIgniter\View\View->CodeIgniter\View\{closure}()
 4 SYSTEMPATH\Common.php(1135): CodeIgniter\View\View->render('product/product_edit', [], true)
 5 APPPATH\Controllers\Products.php(144): view('product/product_edit', [...])
 6 SYSTEMPATH\CodeIgniter.php(925): App\Controllers\Products->edit('FCPATH\\assets', 'dist', 'img', 'user1-128x128.jpg')
 7 SYSTEMPATH\CodeIgniter.php(480): CodeIgniter\CodeIgniter->runController(Object(App\Controllers\Products))
 8 SYSTEMPATH\CodeIgniter.php(349): CodeIgniter\CodeIgniter->handleRequest(null, Object(Config\Cache), false)
 9 FCPATH\index.php(67): CodeIgniter\CodeIgniter->run()
10 SYSTEMPATH\Commands\Server\rewrite.php(47): require_once('FCPATH\\index.php')
CRITICAL - 2023-01-07 16:13:13 --> Trying to access array offset on value of type null
in APPPATH\Views\product\product_edit.php on line 53.
 1 APPPATH\Views\product\product_edit.php(53): CodeIgniter\Debug\Exceptions->errorHandler(8, 'Trying to access array offset on value of type null', 'APPPATH\\Views\\product\\product_edit.php', 53, [...])
 2 SYSTEMPATH\View\View.php(213): include('APPPATH\\Views\\product\\product_edit.php')
 3 SYSTEMPATH\View\View.php(216): CodeIgniter\View\View->CodeIgniter\View\{closure}()
 4 SYSTEMPATH\Common.php(1135): CodeIgniter\View\View->render('product/product_edit', [], true)
 5 APPPATH\Controllers\Products.php(144): view('product/product_edit', [...])
 6 SYSTEMPATH\CodeIgniter.php(925): App\Controllers\Products->edit('FCPATH\\assets', 'dist', 'img', 'user8-128x128.jpg')
 7 SYSTEMPATH\CodeIgniter.php(480): CodeIgniter\CodeIgniter->runController(Object(App\Controllers\Products))
 8 SYSTEMPATH\CodeIgniter.php(349): CodeIgniter\CodeIgniter->handleRequest(null, Object(Config\Cache), false)
 9 FCPATH\index.php(67): CodeIgniter\CodeIgniter->run()
10 SYSTEMPATH\Commands\Server\rewrite.php(47): require_once('FCPATH\\index.php')
CRITICAL - 2023-01-07 16:13:13 --> Trying to access array offset on value of type null
in APPPATH\Views\product\product_edit.php on line 53.
 1 APPPATH\Views\product\product_edit.php(53): CodeIgniter\Debug\Exceptions->errorHandler(8, 'Trying to access array offset on value of type null', 'APPPATH\\Views\\product\\product_edit.php', 53, [...])
 2 SYSTEMPATH\View\View.php(213): include('APPPATH\\Views\\product\\product_edit.php')
 3 SYSTEMPATH\View\View.php(216): CodeIgniter\View\View->CodeIgniter\View\{closure}()
 4 SYSTEMPATH\Common.php(1135): CodeIgniter\View\View->render('product/product_edit', [], true)
 5 APPPATH\Controllers\Products.php(144): view('product/product_edit', [...])
 6 SYSTEMPATH\CodeIgniter.php(925): App\Controllers\Products->edit('FCPATH\\assets', 'dist', 'img', 'user3-128x128.jpg')
 7 SYSTEMPATH\CodeIgniter.php(480): CodeIgniter\CodeIgniter->runController(Object(App\Controllers\Products))
 8 SYSTEMPATH\CodeIgniter.php(349): CodeIgniter\CodeIgniter->handleRequest(null, Object(Config\Cache), false)
 9 FCPATH\index.php(67): CodeIgniter\CodeIgniter->run()
10 SYSTEMPATH\Commands\Server\rewrite.php(47): require_once('FCPATH\\index.php')
CRITICAL - 2023-01-07 16:21:40 --> Trying to access array offset on value of type null
in APPPATH\Views\product\product_edit.php on line 53.
 1 APPPATH\Views\product\product_edit.php(53): CodeIgniter\Debug\Exceptions->errorHandler(8, 'Trying to access array offset on value of type null', 'APPPATH\\Views\\product\\product_edit.php', 53, [...])
 2 SYSTEMPATH\View\View.php(213): include('APPPATH\\Views\\product\\product_edit.php')
 3 SYSTEMPATH\View\View.php(216): CodeIgniter\View\View->CodeIgniter\View\{closure}()
 4 SYSTEMPATH\Common.php(1135): CodeIgniter\View\View->render('product/product_edit', [], true)
 5 APPPATH\Controllers\Products.php(144): view('product/product_edit', [...])
 6 SYSTEMPATH\CodeIgniter.php(925): App\Controllers\Products->edit('FCPATH\\assets', 'dist', 'img', 'user1-128x128.jpg')
 7 SYSTEMPATH\CodeIgniter.php(480): CodeIgniter\CodeIgniter->runController(Object(App\Controllers\Products))
 8 SYSTEMPATH\CodeIgniter.php(349): CodeIgniter\CodeIgniter->handleRequest(null, Object(Config\Cache), false)
 9 FCPATH\index.php(67): CodeIgniter\CodeIgniter->run()
10 SYSTEMPATH\Commands\Server\rewrite.php(47): require_once('FCPATH\\index.php')
CRITICAL - 2023-01-07 16:21:40 --> Trying to access array offset on value of type null
in APPPATH\Views\product\product_edit.php on line 53.
 1 APPPATH\Views\product\product_edit.php(53): CodeIgniter\Debug\Exceptions->errorHandler(8, 'Trying to access array offset on value of type null', 'APPPATH\\Views\\product\\product_edit.php', 53, [...])
 2 SYSTEMPATH\View\View.php(213): include('APPPATH\\Views\\product\\product_edit.php')
 3 SYSTEMPATH\View\View.php(216): CodeIgniter\View\View->CodeIgniter\View\{closure}()
 4 SYSTEMPATH\Common.php(1135): CodeIgniter\View\View->render('product/product_edit', [], true)
 5 APPPATH\Controllers\Products.php(144): view('product/product_edit', [...])
 6 SYSTEMPATH\CodeIgniter.php(925): App\Controllers\Products->edit('FCPATH\\assets', 'dist', 'img', 'user8-128x128.jpg')
 7 SYSTEMPATH\CodeIgniter.php(480): CodeIgniter\CodeIgniter->runController(Object(App\Controllers\Products))
 8 SYSTEMPATH\CodeIgniter.php(349): CodeIgniter\CodeIgniter->handleRequest(null, Object(Config\Cache), false)
 9 FCPATH\index.php(67): CodeIgniter\CodeIgniter->run()
10 SYSTEMPATH\Commands\Server\rewrite.php(47): require_once('FCPATH\\index.php')
CRITICAL - 2023-01-07 16:21:40 --> Trying to access array offset on value of type null
in APPPATH\Views\product\product_edit.php on line 53.
 1 APPPATH\Views\product\product_edit.php(53): CodeIgniter\Debug\Exceptions->errorHandler(8, 'Trying to access array offset on value of type null', 'APPPATH\\Views\\product\\product_edit.php', 53, [...])
 2 SYSTEMPATH\View\View.php(213): include('APPPATH\\Views\\product\\product_edit.php')
 3 SYSTEMPATH\View\View.php(216): CodeIgniter\View\View->CodeIgniter\View\{closure}()
 4 SYSTEMPATH\Common.php(1135): CodeIgniter\View\View->render('product/product_edit', [], true)
 5 APPPATH\Controllers\Products.php(144): view('product/product_edit', [...])
 6 SYSTEMPATH\CodeIgniter.php(925): App\Controllers\Products->edit('FCPATH\\assets', 'dist', 'img', 'user3-128x128.jpg')
 7 SYSTEMPATH\CodeIgniter.php(480): CodeIgniter\CodeIgniter->runController(Object(App\Controllers\Products))
 8 SYSTEMPATH\CodeIgniter.php(349): CodeIgniter\CodeIgniter->handleRequest(null, Object(Config\Cache), false)
 9 FCPATH\index.php(67): CodeIgniter\CodeIgniter->run()
10 SYSTEMPATH\Commands\Server\rewrite.php(47): require_once('FCPATH\\index.php')
CRITICAL - 2023-01-07 16:21:52 --> Trying to access array offset on value of type null
in APPPATH\Views\product\product_edit.php on line 53.
 1 APPPATH\Views\product\product_edit.php(53): CodeIgniter\Debug\Exceptions->errorHandler(8, 'Trying to access array offset on value of type null', 'APPPATH\\Views\\product\\product_edit.php', 53, [...])
 2 SYSTEMPATH\View\View.php(213): include('APPPATH\\Views\\product\\product_edit.php')
 3 SYSTEMPATH\View\View.php(216): CodeIgniter\View\View->CodeIgniter\View\{closure}()
 4 SYSTEMPATH\Common.php(1135): CodeIgniter\View\View->render('product/product_edit', [], true)
 5 APPPATH\Controllers\Products.php(144): view('product/product_edit', [...])
 6 SYSTEMPATH\CodeIgniter.php(925): App\Controllers\Products->edit('FCPATH\\assets', 'dist', 'img', 'user1-128x128.jpg')
 7 SYSTEMPATH\CodeIgniter.php(480): CodeIgniter\CodeIgniter->runController(Object(App\Controllers\Products))
 8 SYSTEMPATH\CodeIgniter.php(349): CodeIgniter\CodeIgniter->handleRequest(null, Object(Config\Cache), false)
 9 FCPATH\index.php(67): CodeIgniter\CodeIgniter->run()
10 SYSTEMPATH\Commands\Server\rewrite.php(47): require_once('FCPATH\\index.php')
CRITICAL - 2023-01-07 16:21:52 --> Trying to access array offset on value of type null
in APPPATH\Views\product\product_edit.php on line 53.
 1 APPPATH\Views\product\product_edit.php(53): CodeIgniter\Debug\Exceptions->errorHandler(8, 'Trying to access array offset on value of type null', 'APPPATH\\Views\\product\\product_edit.php', 53, [...])
 2 SYSTEMPATH\View\View.php(213): include('APPPATH\\Views\\product\\product_edit.php')
 3 SYSTEMPATH\View\View.php(216): CodeIgniter\View\View->CodeIgniter\View\{closure}()
 4 SYSTEMPATH\Common.php(1135): CodeIgniter\View\View->render('product/product_edit', [], true)
 5 APPPATH\Controllers\Products.php(144): view('product/product_edit', [...])
 6 SYSTEMPATH\CodeIgniter.php(925): App\Controllers\Products->edit('FCPATH\\assets', 'dist', 'img', 'user8-128x128.jpg')
 7 SYSTEMPATH\CodeIgniter.php(480): CodeIgniter\CodeIgniter->runController(Object(App\Controllers\Products))
 8 SYSTEMPATH\CodeIgniter.php(349): CodeIgniter\CodeIgniter->handleRequest(null, Object(Config\Cache), false)
 9 FCPATH\index.php(67): CodeIgniter\CodeIgniter->run()
10 SYSTEMPATH\Commands\Server\rewrite.php(47): require_once('FCPATH\\index.php')
CRITICAL - 2023-01-07 16:21:52 --> Trying to access array offset on value of type null
in APPPATH\Views\product\product_edit.php on line 53.
 1 APPPATH\Views\product\product_edit.php(53): CodeIgniter\Debug\Exceptions->errorHandler(8, 'Trying to access array offset on value of type null', 'APPPATH\\Views\\product\\product_edit.php', 53, [...])
 2 SYSTEMPATH\View\View.php(213): include('APPPATH\\Views\\product\\product_edit.php')
 3 SYSTEMPATH\View\View.php(216): CodeIgniter\View\View->CodeIgniter\View\{closure}()
 4 SYSTEMPATH\Common.php(1135): CodeIgniter\View\View->render('product/product_edit', [], true)
 5 APPPATH\Controllers\Products.php(144): view('product/product_edit', [...])
 6 SYSTEMPATH\CodeIgniter.php(925): App\Controllers\Products->edit('FCPATH\\assets', 'dist', 'img', 'user3-128x128.jpg')
 7 SYSTEMPATH\CodeIgniter.php(480): CodeIgniter\CodeIgniter->runController(Object(App\Controllers\Products))
 8 SYSTEMPATH\CodeIgniter.php(349): CodeIgniter\CodeIgniter->handleRequest(null, Object(Config\Cache), false)
 9 FCPATH\index.php(67): CodeIgniter\CodeIgniter->run()
10 SYSTEMPATH\Commands\Server\rewrite.php(47): require_once('FCPATH\\index.php')
CRITICAL - 2023-01-07 17:16:14 --> syntax error, unexpected '?>'
in APPPATH\Views\product\product_list.php on line 32.
 1 SYSTEMPATH\View\View.php(216): CodeIgniter\View\View->CodeIgniter\View\{closure}()
 2 SYSTEMPATH\Common.php(1135): CodeIgniter\View\View->render('product/product_list', [], true)
 3 APPPATH\Controllers\Products.php(34): view('product/product_list', [...])
 4 SYSTEMPATH\CodeIgniter.php(925): App\Controllers\Products->index()
 5 SYSTEMPATH\CodeIgniter.php(480): CodeIgniter\CodeIgniter->runController(Object(App\Controllers\Products))
 6 SYSTEMPATH\CodeIgniter.php(349): CodeIgniter\CodeIgniter->handleRequest(null, Object(Config\Cache), false)
 7 FCPATH\index.php(67): CodeIgniter\CodeIgniter->run()
 8 SYSTEMPATH\Commands\Server\rewrite.php(47): require_once('FCPATH\\index.php')
CRITICAL - 2023-01-07 17:22:16 --> Trying to access array offset on value of type null
in APPPATH\Views\product\product_edit.php on line 53.
 1 APPPATH\Views\product\product_edit.php(53): CodeIgniter\Debug\Exceptions->errorHandler(8, 'Trying to access array offset on value of type null', 'APPPATH\\Views\\product\\product_edit.php', 53, [...])
 2 SYSTEMPATH\View\View.php(213): include('APPPATH\\Views\\product\\product_edit.php')
 3 SYSTEMPATH\View\View.php(216): CodeIgniter\View\View->CodeIgniter\View\{closure}()
 4 SYSTEMPATH\Common.php(1135): CodeIgniter\View\View->render('product/product_edit', [], true)
 5 APPPATH\Controllers\Products.php(144): view('product/product_edit', [...])
 6 SYSTEMPATH\CodeIgniter.php(925): App\Controllers\Products->edit('FCPATH\\assets', 'dist', 'img', 'user1-128x128.jpg')
 7 SYSTEMPATH\CodeIgniter.php(480): CodeIgniter\CodeIgniter->runController(Object(App\Controllers\Products))
 8 SYSTEMPATH\CodeIgniter.php(349): CodeIgniter\CodeIgniter->handleRequest(null, Object(Config\Cache), false)
 9 FCPATH\index.php(67): CodeIgniter\CodeIgniter->run()
10 SYSTEMPATH\Commands\Server\rewrite.php(47): require_once('FCPATH\\index.php')
CRITICAL - 2023-01-07 17:22:16 --> Trying to access array offset on value of type null
in APPPATH\Views\product\product_edit.php on line 53.
 1 APPPATH\Views\product\product_edit.php(53): CodeIgniter\Debug\Exceptions->errorHandler(8, 'Trying to access array offset on value of type null', 'APPPATH\\Views\\product\\product_edit.php', 53, [...])
 2 SYSTEMPATH\View\View.php(213): include('APPPATH\\Views\\product\\product_edit.php')
 3 SYSTEMPATH\View\View.php(216): CodeIgniter\View\View->CodeIgniter\View\{closure}()
 4 SYSTEMPATH\Common.php(1135): CodeIgniter\View\View->render('product/product_edit', [], true)
 5 APPPATH\Controllers\Products.php(144): view('product/product_edit', [...])
 6 SYSTEMPATH\CodeIgniter.php(925): App\Controllers\Products->edit('FCPATH\\assets', 'dist', 'img', 'user8-128x128.jpg')
 7 SYSTEMPATH\CodeIgniter.php(480): CodeIgniter\CodeIgniter->runController(Object(App\Controllers\Products))
 8 SYSTEMPATH\CodeIgniter.php(349): CodeIgniter\CodeIgniter->handleRequest(null, Object(Config\Cache), false)
 9 FCPATH\index.php(67): CodeIgniter\CodeIgniter->run()
10 SYSTEMPATH\Commands\Server\rewrite.php(47): require_once('FCPATH\\index.php')
CRITICAL - 2023-01-07 17:22:16 --> Trying to access array offset on value of type null
in APPPATH\Views\product\product_edit.php on line 53.
 1 APPPATH\Views\product\product_edit.php(53): CodeIgniter\Debug\Exceptions->errorHandler(8, 'Trying to access array offset on value of type null', 'APPPATH\\Views\\product\\product_edit.php', 53, [...])
 2 SYSTEMPATH\View\View.php(213): include('APPPATH\\Views\\product\\product_edit.php')
 3 SYSTEMPATH\View\View.php(216): CodeIgniter\View\View->CodeIgniter\View\{closure}()
 4 SYSTEMPATH\Common.php(1135): CodeIgniter\View\View->render('product/product_edit', [], true)
 5 APPPATH\Controllers\Products.php(144): view('product/product_edit', [...])
 6 SYSTEMPATH\CodeIgniter.php(925): App\Controllers\Products->edit('FCPATH\\assets', 'dist', 'img', 'user3-128x128.jpg')
 7 SYSTEMPATH\CodeIgniter.php(480): CodeIgniter\CodeIgniter->runController(Object(App\Controllers\Products))
 8 SYSTEMPATH\CodeIgniter.php(349): CodeIgniter\CodeIgniter->handleRequest(null, Object(Config\Cache), false)
 9 FCPATH\index.php(67): CodeIgniter\CodeIgniter->run()
10 SYSTEMPATH\Commands\Server\rewrite.php(47): require_once('FCPATH\\index.php')
CRITICAL - 2023-01-07 17:22:21 --> Trying to access array offset on value of type null
in APPPATH\Views\product\product_edit.php on line 53.
 1 APPPATH\Views\product\product_edit.php(53): CodeIgniter\Debug\Exceptions->errorHandler(8, 'Trying to access array offset on value of type null', 'APPPATH\\Views\\product\\product_edit.php', 53, [...])
 2 SYSTEMPATH\View\View.php(213): include('APPPATH\\Views\\product\\product_edit.php')
 3 SYSTEMPATH\View\View.php(216): CodeIgniter\View\View->CodeIgniter\View\{closure}()
 4 SYSTEMPATH\Common.php(1135): CodeIgniter\View\View->render('product/product_edit', [], true)
 5 APPPATH\Controllers\Products.php(144): view('product/product_edit', [...])
 6 SYSTEMPATH\CodeIgniter.php(925): App\Controllers\Products->edit('FCPATH\\assets', 'dist', 'img', 'user1-128x128.jpg')
 7 SYSTEMPATH\CodeIgniter.php(480): CodeIgniter\CodeIgniter->runController(Object(App\Controllers\Products))
 8 SYSTEMPATH\CodeIgniter.php(349): CodeIgniter\CodeIgniter->handleRequest(null, Object(Config\Cache), false)
 9 FCPATH\index.php(67): CodeIgniter\CodeIgniter->run()
10 SYSTEMPATH\Commands\Server\rewrite.php(47): require_once('FCPATH\\index.php')
CRITICAL - 2023-01-07 17:22:21 --> Trying to access array offset on value of type null
in APPPATH\Views\product\product_edit.php on line 53.
 1 APPPATH\Views\product\product_edit.php(53): CodeIgniter\Debug\Exceptions->errorHandler(8, 'Trying to access array offset on value of type null', 'APPPATH\\Views\\product\\product_edit.php', 53, [...])
 2 SYSTEMPATH\View\View.php(213): include('APPPATH\\Views\\product\\product_edit.php')
 3 SYSTEMPATH\View\View.php(216): CodeIgniter\View\View->CodeIgniter\View\{closure}()
 4 SYSTEMPATH\Common.php(1135): CodeIgniter\View\View->render('product/product_edit', [], true)
 5 APPPATH\Controllers\Products.php(144): view('product/product_edit', [...])
 6 SYSTEMPATH\CodeIgniter.php(925): App\Controllers\Products->edit('FCPATH\\assets', 'dist', 'img', 'user8-128x128.jpg')
 7 SYSTEMPATH\CodeIgniter.php(480): CodeIgniter\CodeIgniter->runController(Object(App\Controllers\Products))
 8 SYSTEMPATH\CodeIgniter.php(349): CodeIgniter\CodeIgniter->handleRequest(null, Object(Config\Cache), false)
 9 FCPATH\index.php(67): CodeIgniter\CodeIgniter->run()
10 SYSTEMPATH\Commands\Server\rewrite.php(47): require_once('FCPATH\\index.php')
CRITICAL - 2023-01-07 17:22:21 --> Trying to access array offset on value of type null
in APPPATH\Views\product\product_edit.php on line 53.
 1 APPPATH\Views\product\product_edit.php(53): CodeIgniter\Debug\Exceptions->errorHandler(8, 'Trying to access array offset on value of type null', 'APPPATH\\Views\\product\\product_edit.php', 53, [...])
 2 SYSTEMPATH\View\View.php(213): include('APPPATH\\Views\\product\\product_edit.php')
 3 SYSTEMPATH\View\View.php(216): CodeIgniter\View\View->CodeIgniter\View\{closure}()
 4 SYSTEMPATH\Common.php(1135): CodeIgniter\View\View->render('product/product_edit', [], true)
 5 APPPATH\Controllers\Products.php(144): view('product/product_edit', [...])
 6 SYSTEMPATH\CodeIgniter.php(925): App\Controllers\Products->edit('FCPATH\\assets', 'dist', 'img', 'user3-128x128.jpg')
 7 SYSTEMPATH\CodeIgniter.php(480): CodeIgniter\CodeIgniter->runController(Object(App\Controllers\Products))
 8 SYSTEMPATH\CodeIgniter.php(349): CodeIgniter\CodeIgniter->handleRequest(null, Object(Config\Cache), false)
 9 FCPATH\index.php(67): CodeIgniter\CodeIgniter->run()
10 SYSTEMPATH\Commands\Server\rewrite.php(47): require_once('FCPATH\\index.php')
