ERROR - 2023-01-18 15:26:48 --> mysqli_sql_exception: Unknown table 'fullstack-codeigniter-project.categories2' in E:\xampp\htdocs\fullstack-codeigniter-project\backend\vendor\codeigniter4\framework\system\Database\MySQLi\Connection.php:292
Stack trace:
#0 E:\xampp\htdocs\fullstack-codeigniter-project\backend\vendor\codeigniter4\framework\system\Database\MySQLi\Connection.php(292): mysqli->query('DROP TABLE `Cat...', 0)
#1 E:\xampp\htdocs\fullstack-codeigniter-project\backend\vendor\codeigniter4\framework\system\Database\BaseConnection.php(666): CodeIgniter\Database\MySQLi\Connection->execute('DROP TABLE `Cat...')
#2 E:\xampp\htdocs\fullstack-codeigniter-project\backend\vendor\codeigniter4\framework\system\Database\BaseConnection.php(593): CodeIgniter\Database\BaseConnection->simpleQuery('DROP TABLE `Cat...')
#3 E:\xampp\htdocs\fullstack-codeigniter-project\backend\vendor\codeigniter4\framework\system\Database\Forge.php(600): CodeIgniter\Database\BaseConnection->query('DROP TABLE `Cat...')
#4 E:\xampp\htdocs\fullstack-codeigniter-project\backend\app\Database\Migrations\2022-12-29-121317_Category.php(29): CodeIgniter\Database\Forge->dropTable('Categories2')
#5 E:\xampp\htdocs\fullstack-codeigniter-project\backend\vendor\codeigniter4\framework\system\Database\MigrationRunner.php(869): App\Database\Migrations\Category->down()
#6 E:\xampp\htdocs\fullstack-codeigniter-project\backend\vendor\codeigniter4\framework\system\Database\MigrationRunner.php(299): CodeIgniter\Database\MigrationRunner->migrate('down', Object(stdClass))
#7 E:\xampp\htdocs\fullstack-codeigniter-project\backend\vendor\codeigniter4\framework\system\Commands\Database\MigrateRollback.php(92): CodeIgniter\Database\MigrationRunner->regress(0)
#8 E:\xampp\htdocs\fullstack-codeigniter-project\backend\vendor\codeigniter4\framework\system\CLI\Commands.php(63): CodeIgniter\Commands\Database\MigrateRollback->run(Array)
#9 E:\xampp\htdocs\fullstack-codeigniter-project\backend\vendor\codeigniter4\framework\system\CLI\BaseCommand.php(112): CodeIgniter\CLI\Commands->run('migrate:rollbac...', Array)
#10 E:\xampp\htdocs\fullstack-codeigniter-project\backend\vendor\codeigniter4\framework\system\Commands\Database\MigrateRefresh.php(84): CodeIgniter\CLI\BaseCommand->call('migrate:rollbac...', Array)
#11 E:\xampp\htdocs\fullstack-codeigniter-project\backend\vendor\codeigniter4\framework\system\CLI\Commands.php(63): CodeIgniter\Commands\Database\MigrateRefresh->run(Array)
#12 E:\xampp\htdocs\fullstack-codeigniter-project\backend\vendor\codeigniter4\framework\system\CLI\CommandRunner.php(65): CodeIgniter\CLI\Commands->run('migrate:refresh', Array)
#13 E:\xampp\htdocs\fullstack-codeigniter-project\backend\vendor\codeigniter4\framework\system\CLI\CommandRunner.php(51): CodeIgniter\CLI\CommandRunner->index(Array)
#14 E:\xampp\htdocs\fullstack-codeigniter-project\backend\vendor\codeigniter4\framework\system\CodeIgniter.php(918): CodeIgniter\CLI\CommandRunner->_remap('index', Array)
#15 E:\xampp\htdocs\fullstack-codeigniter-project\backend\vendor\codeigniter4\framework\system\CodeIgniter.php(480): CodeIgniter\CodeIgniter->runController(Object(CodeIgniter\CLI\CommandRunner))
#16 E:\xampp\htdocs\fullstack-codeigniter-project\backend\vendor\codeigniter4\framework\system\CodeIgniter.php(345): CodeIgniter\CodeIgniter->handleRequest(NULL, Object(Config\Cache), false)
#17 E:\xampp\htdocs\fullstack-codeigniter-project\backend\vendor\codeigniter4\framework\system\CLI\Console.php(48): CodeIgniter\CodeIgniter->run()
#18 E:\xampp\htdocs\fullstack-codeigniter-project\backend\spark(98): CodeIgniter\CLI\Console->run()
#19 {main}
ERROR - 2023-01-18 15:27:12 --> mysqli_sql_exception: Unknown table 'fullstack-codeigniter-project.categories2' in E:\xampp\htdocs\fullstack-codeigniter-project\backend\vendor\codeigniter4\framework\system\Database\MySQLi\Connection.php:292
Stack trace:
#0 E:\xampp\htdocs\fullstack-codeigniter-project\backend\vendor\codeigniter4\framework\system\Database\MySQLi\Connection.php(292): mysqli->query('DROP TABLE `Cat...', 0)
#1 E:\xampp\htdocs\fullstack-codeigniter-project\backend\vendor\codeigniter4\framework\system\Database\BaseConnection.php(666): CodeIgniter\Database\MySQLi\Connection->execute('DROP TABLE `Cat...')
#2 E:\xampp\htdocs\fullstack-codeigniter-project\backend\vendor\codeigniter4\framework\system\Database\BaseConnection.php(593): CodeIgniter\Database\BaseConnection->simpleQuery('DROP TABLE `Cat...')
#3 E:\xampp\htdocs\fullstack-codeigniter-project\backend\vendor\codeigniter4\framework\system\Database\Forge.php(600): CodeIgniter\Database\BaseConnection->query('DROP TABLE `Cat...')
#4 E:\xampp\htdocs\fullstack-codeigniter-project\backend\app\Database\Migrations\2022-12-29-121317_Category.php(29): CodeIgniter\Database\Forge->dropTable('Categories2')
#5 E:\xampp\htdocs\fullstack-codeigniter-project\backend\vendor\codeigniter4\framework\system\Database\MigrationRunner.php(869): App\Database\Migrations\Category->down()
#6 E:\xampp\htdocs\fullstack-codeigniter-project\backend\vendor\codeigniter4\framework\system\Database\MigrationRunner.php(299): CodeIgniter\Database\MigrationRunner->migrate('down', Object(stdClass))
#7 E:\xampp\htdocs\fullstack-codeigniter-project\backend\vendor\codeigniter4\framework\system\Commands\Database\MigrateRollback.php(92): CodeIgniter\Database\MigrationRunner->regress(0)
#8 E:\xampp\htdocs\fullstack-codeigniter-project\backend\vendor\codeigniter4\framework\system\CLI\Commands.php(63): CodeIgniter\Commands\Database\MigrateRollback->run(Array)
#9 E:\xampp\htdocs\fullstack-codeigniter-project\backend\vendor\codeigniter4\framework\system\CLI\BaseCommand.php(112): CodeIgniter\CLI\Commands->run('migrate:rollbac...', Array)
#10 E:\xampp\htdocs\fullstack-codeigniter-project\backend\vendor\codeigniter4\framework\system\Commands\Database\MigrateRefresh.php(84): CodeIgniter\CLI\BaseCommand->call('migrate:rollbac...', Array)
#11 E:\xampp\htdocs\fullstack-codeigniter-project\backend\vendor\codeigniter4\framework\system\CLI\Commands.php(63): CodeIgniter\Commands\Database\MigrateRefresh->run(Array)
#12 E:\xampp\htdocs\fullstack-codeigniter-project\backend\vendor\codeigniter4\framework\system\CLI\CommandRunner.php(65): CodeIgniter\CLI\Commands->run('migrate:refresh', Array)
#13 E:\xampp\htdocs\fullstack-codeigniter-project\backend\vendor\codeigniter4\framework\system\CLI\CommandRunner.php(51): CodeIgniter\CLI\CommandRunner->index(Array)
#14 E:\xampp\htdocs\fullstack-codeigniter-project\backend\vendor\codeigniter4\framework\system\CodeIgniter.php(918): CodeIgniter\CLI\CommandRunner->_remap('index', Array)
#15 E:\xampp\htdocs\fullstack-codeigniter-project\backend\vendor\codeigniter4\framework\system\CodeIgniter.php(480): CodeIgniter\CodeIgniter->runController(Object(CodeIgniter\CLI\CommandRunner))
#16 E:\xampp\htdocs\fullstack-codeigniter-project\backend\vendor\codeigniter4\framework\system\CodeIgniter.php(345): CodeIgniter\CodeIgniter->handleRequest(NULL, Object(Config\Cache), false)
#17 E:\xampp\htdocs\fullstack-codeigniter-project\backend\vendor\codeigniter4\framework\system\CLI\Console.php(48): CodeIgniter\CodeIgniter->run()
#18 E:\xampp\htdocs\fullstack-codeigniter-project\backend\spark(98): CodeIgniter\CLI\Console->run()
#19 {main}
ERROR - 2023-01-18 15:28:41 --> mysqli_sql_exception: Unknown table 'fullstack-codeigniter-project.categories2' in E:\xampp\htdocs\fullstack-codeigniter-project\backend\vendor\codeigniter4\framework\system\Database\MySQLi\Connection.php:292
Stack trace:
#0 E:\xampp\htdocs\fullstack-codeigniter-project\backend\vendor\codeigniter4\framework\system\Database\MySQLi\Connection.php(292): mysqli->query('DROP TABLE `Cat...', 0)
#1 E:\xampp\htdocs\fullstack-codeigniter-project\backend\vendor\codeigniter4\framework\system\Database\BaseConnection.php(666): CodeIgniter\Database\MySQLi\Connection->execute('DROP TABLE `Cat...')
#2 E:\xampp\htdocs\fullstack-codeigniter-project\backend\vendor\codeigniter4\framework\system\Database\BaseConnection.php(593): CodeIgniter\Database\BaseConnection->simpleQuery('DROP TABLE `Cat...')
#3 E:\xampp\htdocs\fullstack-codeigniter-project\backend\vendor\codeigniter4\framework\system\Database\Forge.php(600): CodeIgniter\Database\BaseConnection->query('DROP TABLE `Cat...')
#4 E:\xampp\htdocs\fullstack-codeigniter-project\backend\app\Database\Migrations\2022-12-29-121317_Category.php(29): CodeIgniter\Database\Forge->dropTable('Categories2')
#5 E:\xampp\htdocs\fullstack-codeigniter-project\backend\vendor\codeigniter4\framework\system\Database\MigrationRunner.php(869): App\Database\Migrations\Category->down()
#6 E:\xampp\htdocs\fullstack-codeigniter-project\backend\vendor\codeigniter4\framework\system\Database\MigrationRunner.php(299): CodeIgniter\Database\MigrationRunner->migrate('down', Object(stdClass))
#7 E:\xampp\htdocs\fullstack-codeigniter-project\backend\vendor\codeigniter4\framework\system\Commands\Database\MigrateRollback.php(92): CodeIgniter\Database\MigrationRunner->regress(0)
#8 E:\xampp\htdocs\fullstack-codeigniter-project\backend\vendor\codeigniter4\framework\system\CLI\Commands.php(63): CodeIgniter\Commands\Database\MigrateRollback->run(Array)
#9 E:\xampp\htdocs\fullstack-codeigniter-project\backend\vendor\codeigniter4\framework\system\CLI\BaseCommand.php(112): CodeIgniter\CLI\Commands->run('migrate:rollbac...', Array)
#10 E:\xampp\htdocs\fullstack-codeigniter-project\backend\vendor\codeigniter4\framework\system\Commands\Database\MigrateRefresh.php(84): CodeIgniter\CLI\BaseCommand->call('migrate:rollbac...', Array)
#11 E:\xampp\htdocs\fullstack-codeigniter-project\backend\vendor\codeigniter4\framework\system\CLI\Commands.php(63): CodeIgniter\Commands\Database\MigrateRefresh->run(Array)
#12 E:\xampp\htdocs\fullstack-codeigniter-project\backend\vendor\codeigniter4\framework\system\CLI\CommandRunner.php(65): CodeIgniter\CLI\Commands->run('migrate:refresh', Array)
#13 E:\xampp\htdocs\fullstack-codeigniter-project\backend\vendor\codeigniter4\framework\system\CLI\CommandRunner.php(51): CodeIgniter\CLI\CommandRunner->index(Array)
#14 E:\xampp\htdocs\fullstack-codeigniter-project\backend\vendor\codeigniter4\framework\system\CodeIgniter.php(918): CodeIgniter\CLI\CommandRunner->_remap('index', Array)
#15 E:\xampp\htdocs\fullstack-codeigniter-project\backend\vendor\codeigniter4\framework\system\CodeIgniter.php(480): CodeIgniter\CodeIgniter->runController(Object(CodeIgniter\CLI\CommandRunner))
#16 E:\xampp\htdocs\fullstack-codeigniter-project\backend\vendor\codeigniter4\framework\system\CodeIgniter.php(345): CodeIgniter\CodeIgniter->handleRequest(NULL, Object(Config\Cache), false)
#17 E:\xampp\htdocs\fullstack-codeigniter-project\backend\vendor\codeigniter4\framework\system\CLI\Console.php(48): CodeIgniter\CodeIgniter->run()
#18 E:\xampp\htdocs\fullstack-codeigniter-project\backend\spark(98): CodeIgniter\CLI\Console->run()
#19 {main}
ERROR - 2023-01-18 15:29:42 --> mysqli_sql_exception: Unknown table 'fullstack-codeigniter-project.categories2' in E:\xampp\htdocs\fullstack-codeigniter-project\backend\vendor\codeigniter4\framework\system\Database\MySQLi\Connection.php:292
Stack trace:
#0 E:\xampp\htdocs\fullstack-codeigniter-project\backend\vendor\codeigniter4\framework\system\Database\MySQLi\Connection.php(292): mysqli->query('DROP TABLE `Cat...', 0)
#1 E:\xampp\htdocs\fullstack-codeigniter-project\backend\vendor\codeigniter4\framework\system\Database\BaseConnection.php(666): CodeIgniter\Database\MySQLi\Connection->execute('DROP TABLE `Cat...')
#2 E:\xampp\htdocs\fullstack-codeigniter-project\backend\vendor\codeigniter4\framework\system\Database\BaseConnection.php(593): CodeIgniter\Database\BaseConnection->simpleQuery('DROP TABLE `Cat...')
#3 E:\xampp\htdocs\fullstack-codeigniter-project\backend\vendor\codeigniter4\framework\system\Database\Forge.php(600): CodeIgniter\Database\BaseConnection->query('DROP TABLE `Cat...')
#4 E:\xampp\htdocs\fullstack-codeigniter-project\backend\app\Database\Migrations\2022-12-29-121317_Category.php(29): CodeIgniter\Database\Forge->dropTable('Categories2')
#5 E:\xampp\htdocs\fullstack-codeigniter-project\backend\vendor\codeigniter4\framework\system\Database\MigrationRunner.php(869): App\Database\Migrations\Category->down()
#6 E:\xampp\htdocs\fullstack-codeigniter-project\backend\vendor\codeigniter4\framework\system\Database\MigrationRunner.php(299): CodeIgniter\Database\MigrationRunner->migrate('down', Object(stdClass))
#7 E:\xampp\htdocs\fullstack-codeigniter-project\backend\vendor\codeigniter4\framework\system\Commands\Database\MigrateRollback.php(92): CodeIgniter\Database\MigrationRunner->regress(0)
#8 E:\xampp\htdocs\fullstack-codeigniter-project\backend\vendor\codeigniter4\framework\system\CLI\Commands.php(63): CodeIgniter\Commands\Database\MigrateRollback->run(Array)
#9 E:\xampp\htdocs\fullstack-codeigniter-project\backend\vendor\codeigniter4\framework\system\CLI\BaseCommand.php(112): CodeIgniter\CLI\Commands->run('migrate:rollbac...', Array)
#10 E:\xampp\htdocs\fullstack-codeigniter-project\backend\vendor\codeigniter4\framework\system\Commands\Database\MigrateRefresh.php(84): CodeIgniter\CLI\BaseCommand->call('migrate:rollbac...', Array)
#11 E:\xampp\htdocs\fullstack-codeigniter-project\backend\vendor\codeigniter4\framework\system\CLI\Commands.php(63): CodeIgniter\Commands\Database\MigrateRefresh->run(Array)
#12 E:\xampp\htdocs\fullstack-codeigniter-project\backend\vendor\codeigniter4\framework\system\CLI\CommandRunner.php(65): CodeIgniter\CLI\Commands->run('migrate:refresh', Array)
#13 E:\xampp\htdocs\fullstack-codeigniter-project\backend\vendor\codeigniter4\framework\system\CLI\CommandRunner.php(51): CodeIgniter\CLI\CommandRunner->index(Array)
#14 E:\xampp\htdocs\fullstack-codeigniter-project\backend\vendor\codeigniter4\framework\system\CodeIgniter.php(918): CodeIgniter\CLI\CommandRunner->_remap('index', Array)
#15 E:\xampp\htdocs\fullstack-codeigniter-project\backend\vendor\codeigniter4\framework\system\CodeIgniter.php(480): CodeIgniter\CodeIgniter->runController(Object(CodeIgniter\CLI\CommandRunner))
#16 E:\xampp\htdocs\fullstack-codeigniter-project\backend\vendor\codeigniter4\framework\system\CodeIgniter.php(345): CodeIgniter\CodeIgniter->handleRequest(NULL, Object(Config\Cache), false)
#17 E:\xampp\htdocs\fullstack-codeigniter-project\backend\vendor\codeigniter4\framework\system\CLI\Console.php(48): CodeIgniter\CodeIgniter->run()
#18 E:\xampp\htdocs\fullstack-codeigniter-project\backend\spark(98): CodeIgniter\CLI\Console->run()
#19 {main}
ERROR - 2023-01-18 15:47:15 --> mysqli_sql_exception: Unknown table 'fullstack-codeigniter-project.categories' in E:\xampp\htdocs\fullstack-codeigniter-project\backend\vendor\codeigniter4\framework\system\Database\MySQLi\Connection.php:292
Stack trace:
#0 E:\xampp\htdocs\fullstack-codeigniter-project\backend\vendor\codeigniter4\framework\system\Database\MySQLi\Connection.php(292): mysqli->query('DROP TABLE `Cat...', 0)
#1 E:\xampp\htdocs\fullstack-codeigniter-project\backend\vendor\codeigniter4\framework\system\Database\BaseConnection.php(666): CodeIgniter\Database\MySQLi\Connection->execute('DROP TABLE `Cat...')
#2 E:\xampp\htdocs\fullstack-codeigniter-project\backend\vendor\codeigniter4\framework\system\Database\BaseConnection.php(593): CodeIgniter\Database\BaseConnection->simpleQuery('DROP TABLE `Cat...')
#3 E:\xampp\htdocs\fullstack-codeigniter-project\backend\vendor\codeigniter4\framework\system\Database\Forge.php(600): CodeIgniter\Database\BaseConnection->query('DROP TABLE `Cat...')
#4 E:\xampp\htdocs\fullstack-codeigniter-project\backend\app\Database\Migrations\2022-12-29-121317_Category.php(29): CodeIgniter\Database\Forge->dropTable('Categories')
#5 E:\xampp\htdocs\fullstack-codeigniter-project\backend\vendor\codeigniter4\framework\system\Database\MigrationRunner.php(869): App\Database\Migrations\Category->down()
#6 E:\xampp\htdocs\fullstack-codeigniter-project\backend\vendor\codeigniter4\framework\system\Database\MigrationRunner.php(299): CodeIgniter\Database\MigrationRunner->migrate('down', Object(stdClass))
#7 E:\xampp\htdocs\fullstack-codeigniter-project\backend\vendor\codeigniter4\framework\system\Commands\Database\MigrateRollback.php(92): CodeIgniter\Database\MigrationRunner->regress(0)
#8 E:\xampp\htdocs\fullstack-codeigniter-project\backend\vendor\codeigniter4\framework\system\CLI\Commands.php(63): CodeIgniter\Commands\Database\MigrateRollback->run(Array)
#9 E:\xampp\htdocs\fullstack-codeigniter-project\backend\vendor\codeigniter4\framework\system\CLI\BaseCommand.php(112): CodeIgniter\CLI\Commands->run('migrate:rollbac...', Array)
#10 E:\xampp\htdocs\fullstack-codeigniter-project\backend\vendor\codeigniter4\framework\system\Commands\Database\MigrateRefresh.php(84): CodeIgniter\CLI\BaseCommand->call('migrate:rollbac...', Array)
#11 E:\xampp\htdocs\fullstack-codeigniter-project\backend\vendor\codeigniter4\framework\system\CLI\Commands.php(63): CodeIgniter\Commands\Database\MigrateRefresh->run(Array)
#12 E:\xampp\htdocs\fullstack-codeigniter-project\backend\vendor\codeigniter4\framework\system\CLI\CommandRunner.php(65): CodeIgniter\CLI\Commands->run('migrate:refresh', Array)
#13 E:\xampp\htdocs\fullstack-codeigniter-project\backend\vendor\codeigniter4\framework\system\CLI\CommandRunner.php(51): CodeIgniter\CLI\CommandRunner->index(Array)
#14 E:\xampp\htdocs\fullstack-codeigniter-project\backend\vendor\codeigniter4\framework\system\CodeIgniter.php(918): CodeIgniter\CLI\CommandRunner->_remap('index', Array)
#15 E:\xampp\htdocs\fullstack-codeigniter-project\backend\vendor\codeigniter4\framework\system\CodeIgniter.php(480): CodeIgniter\CodeIgniter->runController(Object(CodeIgniter\CLI\CommandRunner))
#16 E:\xampp\htdocs\fullstack-codeigniter-project\backend\vendor\codeigniter4\framework\system\CodeIgniter.php(345): CodeIgniter\CodeIgniter->handleRequest(NULL, Object(Config\Cache), false)
#17 E:\xampp\htdocs\fullstack-codeigniter-project\backend\vendor\codeigniter4\framework\system\CLI\Console.php(48): CodeIgniter\CodeIgniter->run()
#18 E:\xampp\htdocs\fullstack-codeigniter-project\backend\spark(98): CodeIgniter\CLI\Console->run()
#19 {main}
ERROR - 2023-01-18 15:48:06 --> mysqli_sql_exception: Unknown table 'fullstack-codeigniter-project.categories' in E:\xampp\htdocs\fullstack-codeigniter-project\backend\vendor\codeigniter4\framework\system\Database\MySQLi\Connection.php:292
Stack trace:
#0 E:\xampp\htdocs\fullstack-codeigniter-project\backend\vendor\codeigniter4\framework\system\Database\MySQLi\Connection.php(292): mysqli->query('DROP TABLE `Cat...', 0)
#1 E:\xampp\htdocs\fullstack-codeigniter-project\backend\vendor\codeigniter4\framework\system\Database\BaseConnection.php(666): CodeIgniter\Database\MySQLi\Connection->execute('DROP TABLE `Cat...')
#2 E:\xampp\htdocs\fullstack-codeigniter-project\backend\vendor\codeigniter4\framework\system\Database\BaseConnection.php(593): CodeIgniter\Database\BaseConnection->simpleQuery('DROP TABLE `Cat...')
#3 E:\xampp\htdocs\fullstack-codeigniter-project\backend\vendor\codeigniter4\framework\system\Database\Forge.php(600): CodeIgniter\Database\BaseConnection->query('DROP TABLE `Cat...')
#4 E:\xampp\htdocs\fullstack-codeigniter-project\backend\app\Database\Migrations\2022-12-29-121317_Category.php(29): CodeIgniter\Database\Forge->dropTable('Categories')
#5 E:\xampp\htdocs\fullstack-codeigniter-project\backend\vendor\codeigniter4\framework\system\Database\MigrationRunner.php(869): App\Database\Migrations\Category->down()
#6 E:\xampp\htdocs\fullstack-codeigniter-project\backend\vendor\codeigniter4\framework\system\Database\MigrationRunner.php(299): CodeIgniter\Database\MigrationRunner->migrate('down', Object(stdClass))
#7 E:\xampp\htdocs\fullstack-codeigniter-project\backend\vendor\codeigniter4\framework\system\Commands\Database\MigrateRollback.php(92): CodeIgniter\Database\MigrationRunner->regress(0)
#8 E:\xampp\htdocs\fullstack-codeigniter-project\backend\vendor\codeigniter4\framework\system\CLI\Commands.php(63): CodeIgniter\Commands\Database\MigrateRollback->run(Array)
#9 E:\xampp\htdocs\fullstack-codeigniter-project\backend\vendor\codeigniter4\framework\system\CLI\BaseCommand.php(112): CodeIgniter\CLI\Commands->run('migrate:rollbac...', Array)
#10 E:\xampp\htdocs\fullstack-codeigniter-project\backend\vendor\codeigniter4\framework\system\Commands\Database\MigrateRefresh.php(84): CodeIgniter\CLI\BaseCommand->call('migrate:rollbac...', Array)
#11 E:\xampp\htdocs\fullstack-codeigniter-project\backend\vendor\codeigniter4\framework\system\CLI\Commands.php(63): CodeIgniter\Commands\Database\MigrateRefresh->run(Array)
#12 E:\xampp\htdocs\fullstack-codeigniter-project\backend\vendor\codeigniter4\framework\system\CLI\CommandRunner.php(65): CodeIgniter\CLI\Commands->run('migrate:refresh', Array)
#13 E:\xampp\htdocs\fullstack-codeigniter-project\backend\vendor\codeigniter4\framework\system\CLI\CommandRunner.php(51): CodeIgniter\CLI\CommandRunner->index(Array)
#14 E:\xampp\htdocs\fullstack-codeigniter-project\backend\vendor\codeigniter4\framework\system\CodeIgniter.php(918): CodeIgniter\CLI\CommandRunner->_remap('index', Array)
#15 E:\xampp\htdocs\fullstack-codeigniter-project\backend\vendor\codeigniter4\framework\system\CodeIgniter.php(480): CodeIgniter\CodeIgniter->runController(Object(CodeIgniter\CLI\CommandRunner))
#16 E:\xampp\htdocs\fullstack-codeigniter-project\backend\vendor\codeigniter4\framework\system\CodeIgniter.php(345): CodeIgniter\CodeIgniter->handleRequest(NULL, Object(Config\Cache), false)
#17 E:\xampp\htdocs\fullstack-codeigniter-project\backend\vendor\codeigniter4\framework\system\CLI\Console.php(48): CodeIgniter\CodeIgniter->run()
#18 E:\xampp\htdocs\fullstack-codeigniter-project\backend\spark(98): CodeIgniter\CLI\Console->run()
#19 {main}
CRITICAL - 2023-01-18 17:05:39 --> include(inventory-template\product.php): failed to open stream: No such file or directory
in APPPATH\Views\inventory\product.php on line 1.
 1 APPPATH\Views\inventory\product.php(1): CodeIgniter\Debug\Exceptions->errorHandler(2, 'include(inventory-template\\product.php): failed to open stream: No such file or directory', 'APPPATH\\Views\\inventory\\product.php', 1, [])
 2 APPPATH\Views\inventory\product.php(1): include()
 3 SYSTEMPATH\View\View.php(213): include('APPPATH\\Views\\inventory\\product.php')
 4 SYSTEMPATH\View\View.php(216): CodeIgniter\View\View->CodeIgniter\View\{closure}()
 5 SYSTEMPATH\Common.php(1135): CodeIgniter\View\View->render('inventory/product', [], true)
 6 APPPATH\Controllers\InventoryProductController.php(11): view('inventory/product')
 7 SYSTEMPATH\CodeIgniter.php(925): App\Controllers\InventoryProductController->index()
 8 SYSTEMPATH\CodeIgniter.php(480): CodeIgniter\CodeIgniter->runController(Object(App\Controllers\InventoryProductController))
 9 SYSTEMPATH\CodeIgniter.php(349): CodeIgniter\CodeIgniter->handleRequest(null, Object(Config\Cache), false)
10 FCPATH\index.php(67): CodeIgniter\CodeIgniter->run()
11 SYSTEMPATH\Commands\Server\rewrite.php(47): require_once('FCPATH\\index.php')
CRITICAL - 2023-01-18 17:06:01 --> include(inventory-template\product.php): failed to open stream: No such file or directory
in APPPATH\Views\inventory\product.php on line 1.
 1 APPPATH\Views\inventory\product.php(1): CodeIgniter\Debug\Exceptions->errorHandler(2, 'include(inventory-template\\product.php): failed to open stream: No such file or directory', 'APPPATH\\Views\\inventory\\product.php', 1, [])
 2 APPPATH\Views\inventory\product.php(1): include()
 3 SYSTEMPATH\View\View.php(213): include('APPPATH\\Views\\inventory\\product.php')
 4 SYSTEMPATH\View\View.php(216): CodeIgniter\View\View->CodeIgniter\View\{closure}()
 5 SYSTEMPATH\Common.php(1135): CodeIgniter\View\View->render('inventory/product', [], true)
 6 APPPATH\Controllers\InventoryProductController.php(11): view('inventory/product')
 7 SYSTEMPATH\CodeIgniter.php(925): App\Controllers\InventoryProductController->index()
 8 SYSTEMPATH\CodeIgniter.php(480): CodeIgniter\CodeIgniter->runController(Object(App\Controllers\InventoryProductController))
 9 SYSTEMPATH\CodeIgniter.php(349): CodeIgniter\CodeIgniter->handleRequest(null, Object(Config\Cache), false)
10 FCPATH\index.php(67): CodeIgniter\CodeIgniter->run()
11 SYSTEMPATH\Commands\Server\rewrite.php(47): require_once('FCPATH\\index.php')
CRITICAL - 2023-01-18 17:06:59 --> CodeIgniter\View\View::main(): Failed opening required 'inventory-template\product.php' (include_path='E:\xampp\php\PEAR')
in APPPATH\Views\inventory\product.php on line 3.
 1 [internal function]: CodeIgniter\Debug\Exceptions->shutdownHandler()
CRITICAL - 2023-01-18 17:09:07 --> CodeIgniter\View\View::main(): Failed opening required 'inventory-template/product.php' (include_path='E:\xampp\php\PEAR')
in APPPATH\Views\inventory\product.php on line 3.
 1 [internal function]: CodeIgniter\Debug\Exceptions->shutdownHandler()
CRITICAL - 2023-01-18 17:09:19 --> include(inventory-template/product.php): failed to open stream: No such file or directory
in APPPATH\Views\inventory\product.php on line 3.
 1 APPPATH\Views\inventory\product.php(3): CodeIgniter\Debug\Exceptions->errorHandler(2, 'include(inventory-template/product.php): failed to open stream: No such file or directory', 'APPPATH\\Views\\inventory\\product.php', 3, [])
 2 APPPATH\Views\inventory\product.php(3): include()
 3 SYSTEMPATH\View\View.php(213): include('APPPATH\\Views\\inventory\\product.php')
 4 SYSTEMPATH\View\View.php(216): CodeIgniter\View\View->CodeIgniter\View\{closure}()
 5 SYSTEMPATH\Common.php(1135): CodeIgniter\View\View->render('inventory/product', [], true)
 6 APPPATH\Controllers\InventoryProductController.php(11): view('inventory/product')
 7 SYSTEMPATH\CodeIgniter.php(925): App\Controllers\InventoryProductController->index()
 8 SYSTEMPATH\CodeIgniter.php(480): CodeIgniter\CodeIgniter->runController(Object(App\Controllers\InventoryProductController))
 9 SYSTEMPATH\CodeIgniter.php(349): CodeIgniter\CodeIgniter->handleRequest(null, Object(Config\Cache), false)
10 FCPATH\index.php(67): CodeIgniter\CodeIgniter->run()
11 SYSTEMPATH\Commands\Server\rewrite.php(47): require_once('FCPATH\\index.php')
CRITICAL - 2023-01-18 17:13:22 --> include(inventory-template/product.php): failed to open stream: No such file or directory
in APPPATH\Views\inventory\product.php on line 3.
 1 APPPATH\Views\inventory\product.php(3): CodeIgniter\Debug\Exceptions->errorHandler(2, 'include(inventory-template/product.php): failed to open stream: No such file or directory', 'APPPATH\\Views\\inventory\\product.php', 3, [])
 2 APPPATH\Views\inventory\product.php(3): include()
 3 SYSTEMPATH\View\View.php(213): include('APPPATH\\Views\\inventory\\product.php')
 4 SYSTEMPATH\View\View.php(216): CodeIgniter\View\View->CodeIgniter\View\{closure}()
 5 SYSTEMPATH\Common.php(1135): CodeIgniter\View\View->render('inventory/product', [], true)
 6 APPPATH\Controllers\InventoryProductController.php(11): view('inventory/product')
 7 SYSTEMPATH\CodeIgniter.php(925): App\Controllers\InventoryProductController->index()
 8 SYSTEMPATH\CodeIgniter.php(480): CodeIgniter\CodeIgniter->runController(Object(App\Controllers\InventoryProductController))
 9 SYSTEMPATH\CodeIgniter.php(349): CodeIgniter\CodeIgniter->handleRequest(null, Object(Config\Cache), false)
10 FCPATH\index.php(67): CodeIgniter\CodeIgniter->run()
11 SYSTEMPATH\Commands\Server\rewrite.php(47): require_once('FCPATH\\index.php')
CRITICAL - 2023-01-18 17:13:25 --> include(inventory-template/product.php): failed to open stream: No such file or directory
in APPPATH\Views\inventory\product.php on line 3.
 1 APPPATH\Views\inventory\product.php(3): CodeIgniter\Debug\Exceptions->errorHandler(2, 'include(inventory-template/product.php): failed to open stream: No such file or directory', 'APPPATH\\Views\\inventory\\product.php', 3, [])
 2 APPPATH\Views\inventory\product.php(3): include()
 3 SYSTEMPATH\View\View.php(213): include('APPPATH\\Views\\inventory\\product.php')
 4 SYSTEMPATH\View\View.php(216): CodeIgniter\View\View->CodeIgniter\View\{closure}()
 5 SYSTEMPATH\Common.php(1135): CodeIgniter\View\View->render('inventory/product', [], true)
 6 APPPATH\Controllers\InventoryProductController.php(11): view('inventory/product')
 7 SYSTEMPATH\CodeIgniter.php(925): App\Controllers\InventoryProductController->index()
 8 SYSTEMPATH\CodeIgniter.php(480): CodeIgniter\CodeIgniter->runController(Object(App\Controllers\InventoryProductController))
 9 SYSTEMPATH\CodeIgniter.php(349): CodeIgniter\CodeIgniter->handleRequest(null, Object(Config\Cache), false)
10 FCPATH\index.php(67): CodeIgniter\CodeIgniter->run()
11 SYSTEMPATH\Commands\Server\rewrite.php(47): require_once('FCPATH\\index.php')
CRITICAL - 2023-01-18 17:13:55 --> include(inventory-template/product.php): failed to open stream: No such file or directory
in APPPATH\Views\inventory\product.php on line 3.
 1 APPPATH\Views\inventory\product.php(3): CodeIgniter\Debug\Exceptions->errorHandler(2, 'include(inventory-template/product.php): failed to open stream: No such file or directory', 'APPPATH\\Views\\inventory\\product.php', 3, [])
 2 APPPATH\Views\inventory\product.php(3): include()
 3 SYSTEMPATH\View\View.php(213): include('APPPATH\\Views\\inventory\\product.php')
 4 SYSTEMPATH\View\View.php(216): CodeIgniter\View\View->CodeIgniter\View\{closure}()
 5 SYSTEMPATH\Common.php(1135): CodeIgniter\View\View->render('inventory/product', [], true)
 6 APPPATH\Controllers\InventoryProductController.php(11): view('inventory/product')
 7 SYSTEMPATH\CodeIgniter.php(925): App\Controllers\InventoryProductController->index()
 8 SYSTEMPATH\CodeIgniter.php(480): CodeIgniter\CodeIgniter->runController(Object(App\Controllers\InventoryProductController))
 9 SYSTEMPATH\CodeIgniter.php(349): CodeIgniter\CodeIgniter->handleRequest(null, Object(Config\Cache), false)
10 FCPATH\index.php(67): CodeIgniter\CodeIgniter->run()
11 SYSTEMPATH\Commands\Server\rewrite.php(47): require_once('FCPATH\\index.php')
CRITICAL - 2023-01-18 17:14:03 --> include(inventorytemplate/product.php): failed to open stream: No such file or directory
in APPPATH\Views\inventory\product.php on line 3.
 1 APPPATH\Views\inventory\product.php(3): CodeIgniter\Debug\Exceptions->errorHandler(2, 'include(inventorytemplate/product.php): failed to open stream: No such file or directory', 'APPPATH\\Views\\inventory\\product.php', 3, [])
 2 APPPATH\Views\inventory\product.php(3): include()
 3 SYSTEMPATH\View\View.php(213): include('APPPATH\\Views\\inventory\\product.php')
 4 SYSTEMPATH\View\View.php(216): CodeIgniter\View\View->CodeIgniter\View\{closure}()
 5 SYSTEMPATH\Common.php(1135): CodeIgniter\View\View->render('inventory/product', [], true)
 6 APPPATH\Controllers\InventoryProductController.php(11): view('inventory/product')
 7 SYSTEMPATH\CodeIgniter.php(925): App\Controllers\InventoryProductController->index()
 8 SYSTEMPATH\CodeIgniter.php(480): CodeIgniter\CodeIgniter->runController(Object(App\Controllers\InventoryProductController))
 9 SYSTEMPATH\CodeIgniter.php(349): CodeIgniter\CodeIgniter->handleRequest(null, Object(Config\Cache), false)
10 FCPATH\index.php(67): CodeIgniter\CodeIgniter->run()
11 SYSTEMPATH\Commands\Server\rewrite.php(47): require_once('FCPATH\\index.php')
CRITICAL - 2023-01-18 17:14:15 --> include(./inventorytemplate/product.php): failed to open stream: No such file or directory
in APPPATH\Views\inventory\product.php on line 3.
 1 APPPATH\Views\inventory\product.php(3): CodeIgniter\Debug\Exceptions->errorHandler(2, 'include(./inventorytemplate/product.php): failed to open stream: No such file or directory', 'APPPATH\\Views\\inventory\\product.php', 3, [])
 2 APPPATH\Views\inventory\product.php(3): include()
 3 SYSTEMPATH\View\View.php(213): include('APPPATH\\Views\\inventory\\product.php')
 4 SYSTEMPATH\View\View.php(216): CodeIgniter\View\View->CodeIgniter\View\{closure}()
 5 SYSTEMPATH\Common.php(1135): CodeIgniter\View\View->render('inventory/product', [], true)
 6 APPPATH\Controllers\InventoryProductController.php(11): view('inventory/product')
 7 SYSTEMPATH\CodeIgniter.php(925): App\Controllers\InventoryProductController->index()
 8 SYSTEMPATH\CodeIgniter.php(480): CodeIgniter\CodeIgniter->runController(Object(App\Controllers\InventoryProductController))
 9 SYSTEMPATH\CodeIgniter.php(349): CodeIgniter\CodeIgniter->handleRequest(null, Object(Config\Cache), false)
10 FCPATH\index.php(67): CodeIgniter\CodeIgniter->run()
11 SYSTEMPATH\Commands\Server\rewrite.php(47): require_once('FCPATH\\index.php')
CRITICAL - 2023-01-18 17:14:21 --> include(../inventorytemplate/product.php): failed to open stream: No such file or directory
in APPPATH\Views\inventory\product.php on line 3.
 1 APPPATH\Views\inventory\product.php(3): CodeIgniter\Debug\Exceptions->errorHandler(2, 'include(../inventorytemplate/product.php): failed to open stream: No such file or directory', 'APPPATH\\Views\\inventory\\product.php', 3, [])
 2 APPPATH\Views\inventory\product.php(3): include()
 3 SYSTEMPATH\View\View.php(213): include('APPPATH\\Views\\inventory\\product.php')
 4 SYSTEMPATH\View\View.php(216): CodeIgniter\View\View->CodeIgniter\View\{closure}()
 5 SYSTEMPATH\Common.php(1135): CodeIgniter\View\View->render('inventory/product', [], true)
 6 APPPATH\Controllers\InventoryProductController.php(11): view('inventory/product')
 7 SYSTEMPATH\CodeIgniter.php(925): App\Controllers\InventoryProductController->index()
 8 SYSTEMPATH\CodeIgniter.php(480): CodeIgniter\CodeIgniter->runController(Object(App\Controllers\InventoryProductController))
 9 SYSTEMPATH\CodeIgniter.php(349): CodeIgniter\CodeIgniter->handleRequest(null, Object(Config\Cache), false)
10 FCPATH\index.php(67): CodeIgniter\CodeIgniter->run()
11 SYSTEMPATH\Commands\Server\rewrite.php(47): require_once('FCPATH\\index.php')
CRITICAL - 2023-01-18 17:14:40 --> include(../inventorytemplate/product.php): failed to open stream: No such file or directory
in APPPATH\Views\inventory\product.php on line 3.
 1 APPPATH\Views\inventory\product.php(3): CodeIgniter\Debug\Exceptions->errorHandler(2, 'include(../inventorytemplate/product.php): failed to open stream: No such file or directory', 'APPPATH\\Views\\inventory\\product.php', 3, [])
 2 APPPATH\Views\inventory\product.php(3): include()
 3 SYSTEMPATH\View\View.php(213): include('APPPATH\\Views\\inventory\\product.php')
 4 SYSTEMPATH\View\View.php(216): CodeIgniter\View\View->CodeIgniter\View\{closure}()
 5 SYSTEMPATH\Common.php(1135): CodeIgniter\View\View->render('inventory/product', [], true)
 6 APPPATH\Controllers\InventoryProductController.php(11): view('inventory/product')
 7 SYSTEMPATH\CodeIgniter.php(925): App\Controllers\InventoryProductController->index()
 8 SYSTEMPATH\CodeIgniter.php(480): CodeIgniter\CodeIgniter->runController(Object(App\Controllers\InventoryProductController))
 9 SYSTEMPATH\CodeIgniter.php(349): CodeIgniter\CodeIgniter->handleRequest(null, Object(Config\Cache), false)
10 FCPATH\index.php(67): CodeIgniter\CodeIgniter->run()
11 SYSTEMPATH\Commands\Server\rewrite.php(47): require_once('FCPATH\\index.php')
CRITICAL - 2023-01-18 17:14:51 --> Cannot redeclare redirect() (previously declared in E:\xampp\htdocs\fullstack-codeigniter-project\backend\vendor\codeigniter4\framework\system\Common.php:856)
in APPPATH\Views\inventory\inventorytemplate\includes\functions.php on line 63.
 1 [internal function]: CodeIgniter\Debug\Exceptions->shutdownHandler()
CRITICAL - 2023-01-18 17:15:06 --> include(./inventorytemplate/product.php): failed to open stream: No such file or directory
in APPPATH\Views\inventory\product.php on line 3.
 1 APPPATH\Views\inventory\product.php(3): CodeIgniter\Debug\Exceptions->errorHandler(2, 'include(./inventorytemplate/product.php): failed to open stream: No such file or directory', 'APPPATH\\Views\\inventory\\product.php', 3, [])
 2 APPPATH\Views\inventory\product.php(3): include()
 3 SYSTEMPATH\View\View.php(213): include('APPPATH\\Views\\inventory\\product.php')
 4 SYSTEMPATH\View\View.php(216): CodeIgniter\View\View->CodeIgniter\View\{closure}()
 5 SYSTEMPATH\Common.php(1135): CodeIgniter\View\View->render('inventory/product', [], true)
 6 APPPATH\Controllers\InventoryProductController.php(11): view('inventory/product')
 7 SYSTEMPATH\CodeIgniter.php(925): App\Controllers\InventoryProductController->index()
 8 SYSTEMPATH\CodeIgniter.php(480): CodeIgniter\CodeIgniter->runController(Object(App\Controllers\InventoryProductController))
 9 SYSTEMPATH\CodeIgniter.php(349): CodeIgniter\CodeIgniter->handleRequest(null, Object(Config\Cache), false)
10 FCPATH\index.php(67): CodeIgniter\CodeIgniter->run()
11 SYSTEMPATH\Commands\Server\rewrite.php(47): require_once('FCPATH\\index.php')
CRITICAL - 2023-01-18 17:15:25 --> Cannot redeclare redirect() (previously declared in E:\xampp\htdocs\fullstack-codeigniter-project\backend\vendor\codeigniter4\framework\system\Common.php:856)
in APPPATH\Views\inventory\inventorytemplate\includes\functions.php on line 63.
 1 [internal function]: CodeIgniter\Debug\Exceptions->shutdownHandler()
CRITICAL - 2023-01-18 17:15:57 --> Invalid file: inventorytemplate/product.php
in SYSTEMPATH\Exceptions\FrameworkException.php on line 33.
 1 SYSTEMPATH\View\View.php(201): CodeIgniter\Exceptions\FrameworkException::forInvalidFile('inventorytemplate/product.php')
 2 SYSTEMPATH\Common.php(1135): CodeIgniter\View\View->render('inventorytemplate/product.php', [], true)
 3 APPPATH\Controllers\InventoryProductController.php(11): view('inventorytemplate/product.php')
 4 SYSTEMPATH\CodeIgniter.php(925): App\Controllers\InventoryProductController->index()
 5 SYSTEMPATH\CodeIgniter.php(480): CodeIgniter\CodeIgniter->runController(Object(App\Controllers\InventoryProductController))
 6 SYSTEMPATH\CodeIgniter.php(349): CodeIgniter\CodeIgniter->handleRequest(null, Object(Config\Cache), false)
 7 FCPATH\index.php(67): CodeIgniter\CodeIgniter->run()
 8 SYSTEMPATH\Commands\Server\rewrite.php(47): require_once('FCPATH\\index.php')
CRITICAL - 2023-01-18 17:16:15 --> Invalid file: inventorytemplate/product.php
in SYSTEMPATH\Exceptions\FrameworkException.php on line 33.
 1 SYSTEMPATH\View\View.php(201): CodeIgniter\Exceptions\FrameworkException::forInvalidFile('inventorytemplate/product.php')
 2 SYSTEMPATH\Common.php(1135): CodeIgniter\View\View->render('inventorytemplate/product.php', [], true)
 3 APPPATH\Controllers\InventoryProductController.php(11): view('inventorytemplate/product.php')
 4 SYSTEMPATH\CodeIgniter.php(925): App\Controllers\InventoryProductController->index()
 5 SYSTEMPATH\CodeIgniter.php(480): CodeIgniter\CodeIgniter->runController(Object(App\Controllers\InventoryProductController))
 6 SYSTEMPATH\CodeIgniter.php(349): CodeIgniter\CodeIgniter->handleRequest(null, Object(Config\Cache), false)
 7 FCPATH\index.php(67): CodeIgniter\CodeIgniter->run()
 8 SYSTEMPATH\Commands\Server\rewrite.php(47): require_once('FCPATH\\index.php')
CRITICAL - 2023-01-18 17:16:17 --> Invalid file: inventorytemplate/product.php
in SYSTEMPATH\Exceptions\FrameworkException.php on line 33.
 1 SYSTEMPATH\View\View.php(201): CodeIgniter\Exceptions\FrameworkException::forInvalidFile('inventorytemplate/product.php')
 2 SYSTEMPATH\Common.php(1135): CodeIgniter\View\View->render('inventorytemplate/product.php', [], true)
 3 APPPATH\Controllers\InventoryProductController.php(11): view('inventorytemplate/product.php')
 4 SYSTEMPATH\CodeIgniter.php(925): App\Controllers\InventoryProductController->index()
 5 SYSTEMPATH\CodeIgniter.php(480): CodeIgniter\CodeIgniter->runController(Object(App\Controllers\InventoryProductController))
 6 SYSTEMPATH\CodeIgniter.php(349): CodeIgniter\CodeIgniter->handleRequest(null, Object(Config\Cache), false)
 7 FCPATH\index.php(67): CodeIgniter\CodeIgniter->run()
 8 SYSTEMPATH\Commands\Server\rewrite.php(47): require_once('FCPATH\\index.php')
CRITICAL - 2023-01-18 17:17:05 --> Cannot redeclare redirect() (previously declared in E:\xampp\htdocs\fullstack-codeigniter-project\backend\vendor\codeigniter4\framework\system\Common.php:856)
in APPPATH\Views\inventory\inventorytemplate\includes\functions.php on line 63.
 1 [internal function]: CodeIgniter\Debug\Exceptions->shutdownHandler()
CRITICAL - 2023-01-18 17:17:52 --> Invalid file: inventory/inventorytemplate/product.php
in SYSTEMPATH\Exceptions\FrameworkException.php on line 33.
 1 SYSTEMPATH\View\View.php(201): CodeIgniter\Exceptions\FrameworkException::forInvalidFile('inventory/inventorytemplate/product.php')
 2 SYSTEMPATH\Common.php(1135): CodeIgniter\View\View->render('inventory/inventorytemplate/product.php', [], true)
 3 APPPATH\Controllers\InventoryProductController.php(11): view('inventory/inventorytemplate/product.php')
 4 SYSTEMPATH\CodeIgniter.php(925): App\Controllers\InventoryProductController->index()
 5 SYSTEMPATH\CodeIgniter.php(480): CodeIgniter\CodeIgniter->runController(Object(App\Controllers\InventoryProductController))
 6 SYSTEMPATH\CodeIgniter.php(349): CodeIgniter\CodeIgniter->handleRequest(null, Object(Config\Cache), false)
 7 FCPATH\index.php(67): CodeIgniter\CodeIgniter->run()
 8 SYSTEMPATH\Commands\Server\rewrite.php(47): require_once('FCPATH\\index.php')
CRITICAL - 2023-01-18 17:18:04 --> Cannot redeclare redirect() (previously declared in E:\xampp\htdocs\fullstack-codeigniter-project\backend\vendor\codeigniter4\framework\system\Common.php:856)
in APPPATH\Views\inventorytemplate\includes\functions.php on line 63.
 1 [internal function]: CodeIgniter\Debug\Exceptions->shutdownHandler()
CRITICAL - 2023-01-18 17:20:55 --> Cannot redeclare redirect() (previously declared in E:\xampp\htdocs\fullstack-codeigniter-project\backend\vendor\codeigniter4\framework\system\Common.php:856)
in APPPATH\Views\inventorytemplate\includes\functions.php on line 63.
 1 [internal function]: CodeIgniter\Debug\Exceptions->shutdownHandler()
CRITICAL - 2023-01-18 17:23:29 --> session_start(): A session had already been started - ignoring
in APPPATH\Views\inventorytemplate\includes\session.php on line 2.
 1 [internal function]: CodeIgniter\Debug\Exceptions->errorHandler(8, 'session_start(): A session had already been started - ignoring', 'APPPATH\\Views\\inventorytemplate\\includes\\session.php', 2, [...])
 2 APPPATH\Views\inventorytemplate\includes\session.php(2): session_start()
 3 APPPATH\Views\inventorytemplate\includes\load.php(19): require_once('APPPATH\\Views\\inventorytemplate\\includes\\session.php')
 4 APPPATH\Views\inventorytemplate\test.php(14): require_once('APPPATH\\Views\\inventorytemplate\\includes\\load.php')
 5 SYSTEMPATH\View\View.php(213): include('APPPATH\\Views\\inventorytemplate\\test.php')
 6 SYSTEMPATH\View\View.php(216): CodeIgniter\View\View->CodeIgniter\View\{closure}()
 7 SYSTEMPATH\Common.php(1135): CodeIgniter\View\View->render('inventorytemplate/test.php', [], true)
 8 APPPATH\Controllers\InventoryProductController.php(11): view('inventorytemplate/test.php')
 9 SYSTEMPATH\CodeIgniter.php(925): App\Controllers\InventoryProductController->index()
10 SYSTEMPATH\CodeIgniter.php(480): CodeIgniter\CodeIgniter->runController(Object(App\Controllers\InventoryProductController))
11 SYSTEMPATH\CodeIgniter.php(349): CodeIgniter\CodeIgniter->handleRequest(null, Object(Config\Cache), false)
12 FCPATH\index.php(67): CodeIgniter\CodeIgniter->run()
13 SYSTEMPATH\Commands\Server\rewrite.php(47): require_once('FCPATH\\index.php')
CRITICAL - 2023-01-18 17:24:08 --> Call to undefined function session_starts()
in APPPATH\Views\inventorytemplate\includes\session.php on line 2.
 1 APPPATH\Views\inventorytemplate\includes\load.php(19): require_once()
 2 APPPATH\Views\inventorytemplate\test.php(14): require_once('APPPATH\\Views\\inventorytemplate\\includes\\load.php')
 3 SYSTEMPATH\View\View.php(213): include('APPPATH\\Views\\inventorytemplate\\test.php')
 4 SYSTEMPATH\View\View.php(216): CodeIgniter\View\View->CodeIgniter\View\{closure}()
 5 SYSTEMPATH\Common.php(1135): CodeIgniter\View\View->render('inventorytemplate/test.php', [], true)
 6 APPPATH\Controllers\InventoryProductController.php(11): view('inventorytemplate/test.php')
 7 SYSTEMPATH\CodeIgniter.php(925): App\Controllers\InventoryProductController->index()
 8 SYSTEMPATH\CodeIgniter.php(480): CodeIgniter\CodeIgniter->runController(Object(App\Controllers\InventoryProductController))
 9 SYSTEMPATH\CodeIgniter.php(349): CodeIgniter\CodeIgniter->handleRequest(null, Object(Config\Cache), false)
10 FCPATH\index.php(67): CodeIgniter\CodeIgniter->run()
11 SYSTEMPATH\Commands\Server\rewrite.php(47): require_once('FCPATH\\index.php')
CRITICAL - 2023-01-18 17:24:14 --> Call to undefined function session_starts()
in APPPATH\Views\inventorytemplate\includes\session.php on line 2.
 1 APPPATH\Views\inventorytemplate\includes\load.php(19): require_once()
 2 APPPATH\Views\inventorytemplate\test.php(14): require_once('APPPATH\\Views\\inventorytemplate\\includes\\load.php')
 3 SYSTEMPATH\View\View.php(213): include('APPPATH\\Views\\inventorytemplate\\test.php')
 4 SYSTEMPATH\View\View.php(216): CodeIgniter\View\View->CodeIgniter\View\{closure}()
 5 SYSTEMPATH\Common.php(1135): CodeIgniter\View\View->render('inventorytemplate/test.php', [], true)
 6 APPPATH\Controllers\InventoryProductController.php(11): view('inventorytemplate/test.php')
 7 SYSTEMPATH\CodeIgniter.php(925): App\Controllers\InventoryProductController->index()
 8 SYSTEMPATH\CodeIgniter.php(480): CodeIgniter\CodeIgniter->runController(Object(App\Controllers\InventoryProductController))
 9 SYSTEMPATH\CodeIgniter.php(349): CodeIgniter\CodeIgniter->handleRequest(null, Object(Config\Cache), false)
10 FCPATH\index.php(67): CodeIgniter\CodeIgniter->run()
11 SYSTEMPATH\Commands\Server\rewrite.php(47): require_once('FCPATH\\index.php')
CRITICAL - 2023-01-18 17:24:33 --> CodeIgniter\View\View::main(): Failed opening required 'includes/load.php' (include_path='E:\xampp\php\PEAR')
in APPPATH\Views\inventorytemplate\includes\sql.php on line 2.
 1 [internal function]: CodeIgniter\Debug\Exceptions->shutdownHandler()
CRITICAL - 2023-01-18 17:26:20 --> require(includes/load.php): failed to open stream: No such file or directory
in APPPATH\Views\inventorytemplate\includes\sql.php on line 3.
 1 APPPATH\Views\inventorytemplate\includes\sql.php(3): CodeIgniter\Debug\Exceptions->errorHandler(2, 'require(includes/load.php): failed to open stream: No such file or directory', 'APPPATH\\Views\\inventorytemplate\\includes\\sql.php', 3, [...])
 2 APPPATH\Views\inventorytemplate\includes\sql.php(3): require()
 3 APPPATH\Views\inventorytemplate\includes\load.php(22): require_once('APPPATH\\Views\\inventorytemplate\\includes\\sql.php')
 4 APPPATH\Views\inventorytemplate\test.php(14): require_once('APPPATH\\Views\\inventorytemplate\\includes\\load.php')
 5 SYSTEMPATH\View\View.php(213): include('APPPATH\\Views\\inventorytemplate\\test.php')
 6 SYSTEMPATH\View\View.php(216): CodeIgniter\View\View->CodeIgniter\View\{closure}()
 7 SYSTEMPATH\Common.php(1135): CodeIgniter\View\View->render('inventorytemplate/test.php', [], true)
 8 APPPATH\Controllers\InventoryProductController.php(11): view('inventorytemplate/test.php')
 9 SYSTEMPATH\CodeIgniter.php(925): App\Controllers\InventoryProductController->index()
10 SYSTEMPATH\CodeIgniter.php(480): CodeIgniter\CodeIgniter->runController(Object(App\Controllers\InventoryProductController))
11 SYSTEMPATH\CodeIgniter.php(349): CodeIgniter\CodeIgniter->handleRequest(null, Object(Config\Cache), false)
12 FCPATH\index.php(67): CodeIgniter\CodeIgniter->run()
13 SYSTEMPATH\Commands\Server\rewrite.php(47): require_once('FCPATH\\index.php')
CRITICAL - 2023-01-18 17:26:37 --> require(./includes/load.php): failed to open stream: No such file or directory
in APPPATH\Views\inventorytemplate\includes\sql.php on line 3.
 1 APPPATH\Views\inventorytemplate\includes\sql.php(3): CodeIgniter\Debug\Exceptions->errorHandler(2, 'require(./includes/load.php): failed to open stream: No such file or directory', 'APPPATH\\Views\\inventorytemplate\\includes\\sql.php', 3, [...])
 2 APPPATH\Views\inventorytemplate\includes\sql.php(3): require()
 3 APPPATH\Views\inventorytemplate\includes\load.php(22): require_once('APPPATH\\Views\\inventorytemplate\\includes\\sql.php')
 4 APPPATH\Views\inventorytemplate\test.php(14): require_once('APPPATH\\Views\\inventorytemplate\\includes\\load.php')
 5 SYSTEMPATH\View\View.php(213): include('APPPATH\\Views\\inventorytemplate\\test.php')
 6 SYSTEMPATH\View\View.php(216): CodeIgniter\View\View->CodeIgniter\View\{closure}()
 7 SYSTEMPATH\Common.php(1135): CodeIgniter\View\View->render('inventorytemplate/test.php', [], true)
 8 APPPATH\Controllers\InventoryProductController.php(11): view('inventorytemplate/test.php')
 9 SYSTEMPATH\CodeIgniter.php(925): App\Controllers\InventoryProductController->index()
10 SYSTEMPATH\CodeIgniter.php(480): CodeIgniter\CodeIgniter->runController(Object(App\Controllers\InventoryProductController))
11 SYSTEMPATH\CodeIgniter.php(349): CodeIgniter\CodeIgniter->handleRequest(null, Object(Config\Cache), false)
12 FCPATH\index.php(67): CodeIgniter\CodeIgniter->run()
13 SYSTEMPATH\Commands\Server\rewrite.php(47): require_once('FCPATH\\index.php')
CRITICAL - 2023-01-18 17:26:52 --> require(../includes/load.php): failed to open stream: No such file or directory
in APPPATH\Views\inventorytemplate\includes\sql.php on line 3.
 1 APPPATH\Views\inventorytemplate\includes\sql.php(3): CodeIgniter\Debug\Exceptions->errorHandler(2, 'require(../includes/load.php): failed to open stream: No such file or directory', 'APPPATH\\Views\\inventorytemplate\\includes\\sql.php', 3, [...])
 2 APPPATH\Views\inventorytemplate\includes\sql.php(3): require()
 3 APPPATH\Views\inventorytemplate\includes\load.php(22): require_once('APPPATH\\Views\\inventorytemplate\\includes\\sql.php')
 4 APPPATH\Views\inventorytemplate\test.php(14): require_once('APPPATH\\Views\\inventorytemplate\\includes\\load.php')
 5 SYSTEMPATH\View\View.php(213): include('APPPATH\\Views\\inventorytemplate\\test.php')
 6 SYSTEMPATH\View\View.php(216): CodeIgniter\View\View->CodeIgniter\View\{closure}()
 7 SYSTEMPATH\Common.php(1135): CodeIgniter\View\View->render('inventorytemplate/test.php', [], true)
 8 APPPATH\Controllers\InventoryProductController.php(11): view('inventorytemplate/test.php')
 9 SYSTEMPATH\CodeIgniter.php(925): App\Controllers\InventoryProductController->index()
10 SYSTEMPATH\CodeIgniter.php(480): CodeIgniter\CodeIgniter->runController(Object(App\Controllers\InventoryProductController))
11 SYSTEMPATH\CodeIgniter.php(349): CodeIgniter\CodeIgniter->handleRequest(null, Object(Config\Cache), false)
12 FCPATH\index.php(67): CodeIgniter\CodeIgniter->run()
13 SYSTEMPATH\Commands\Server\rewrite.php(47): require_once('FCPATH\\index.php')
CRITICAL - 2023-01-18 17:27:08 --> Trying to access array offset on value of type null
in APPPATH\Views\inventorytemplate\includes\sql.php on line 190.
 1 APPPATH\Views\inventorytemplate\includes\sql.php(190): CodeIgniter\Debug\Exceptions->errorHandler(8, 'Trying to access array offset on value of type null', 'APPPATH\\Views\\inventorytemplate\\includes\\sql.php', 190, [...])
 2 APPPATH\Views\inventorytemplate\test.php(16): page_require_level(2)
 3 SYSTEMPATH\View\View.php(213): include('APPPATH\\Views\\inventorytemplate\\test.php')
 4 SYSTEMPATH\View\View.php(216): CodeIgniter\View\View->CodeIgniter\View\{closure}()
 5 SYSTEMPATH\Common.php(1135): CodeIgniter\View\View->render('inventorytemplate/test.php', [], true)
 6 APPPATH\Controllers\InventoryProductController.php(11): view('inventorytemplate/test.php')
 7 SYSTEMPATH\CodeIgniter.php(925): App\Controllers\InventoryProductController->index()
 8 SYSTEMPATH\CodeIgniter.php(480): CodeIgniter\CodeIgniter->runController(Object(App\Controllers\InventoryProductController))
 9 SYSTEMPATH\CodeIgniter.php(349): CodeIgniter\CodeIgniter->handleRequest(null, Object(Config\Cache), false)
10 FCPATH\index.php(67): CodeIgniter\CodeIgniter->run()
11 SYSTEMPATH\Commands\Server\rewrite.php(47): require_once('FCPATH\\index.php')
CRITICAL - 2023-01-18 17:28:08 --> Call to a member function isUserLoggedIn() on null
in APPPATH\Views\inventorytemplate\includes\sql.php on line 192.
 1 APPPATH\Views\inventorytemplate\test.php(16): page_require_level(2)
 2 SYSTEMPATH\View\View.php(213): include('APPPATH\\Views\\inventorytemplate\\test.php')
 3 SYSTEMPATH\View\View.php(216): CodeIgniter\View\View->CodeIgniter\View\{closure}()
 4 SYSTEMPATH\Common.php(1135): CodeIgniter\View\View->render('inventorytemplate/test.php', [], true)
 5 APPPATH\Controllers\InventoryProductController.php(11): view('inventorytemplate/test.php')
 6 SYSTEMPATH\CodeIgniter.php(925): App\Controllers\InventoryProductController->index()
 7 SYSTEMPATH\CodeIgniter.php(480): CodeIgniter\CodeIgniter->runController(Object(App\Controllers\InventoryProductController))
 8 SYSTEMPATH\CodeIgniter.php(349): CodeIgniter\CodeIgniter->handleRequest(null, Object(Config\Cache), false)
 9 FCPATH\index.php(67): CodeIgniter\CodeIgniter->run()
10 SYSTEMPATH\Commands\Server\rewrite.php(47): require_once('FCPATH\\index.php')
CRITICAL - 2023-01-18 17:28:43 --> syntax error, unexpected 'elseif' (T_ELSEIF)
in APPPATH\Views\inventorytemplate\includes\sql.php on line 196.
 1 APPPATH\Views\inventorytemplate\test.php(14): require_once()
 2 SYSTEMPATH\View\View.php(213): include('APPPATH\\Views\\inventorytemplate\\test.php')
 3 SYSTEMPATH\View\View.php(216): CodeIgniter\View\View->CodeIgniter\View\{closure}()
 4 SYSTEMPATH\Common.php(1135): CodeIgniter\View\View->render('inventorytemplate/test.php', [], true)
 5 APPPATH\Controllers\InventoryProductController.php(11): view('inventorytemplate/test.php')
 6 SYSTEMPATH\CodeIgniter.php(925): App\Controllers\InventoryProductController->index()
 7 SYSTEMPATH\CodeIgniter.php(480): CodeIgniter\CodeIgniter->runController(Object(App\Controllers\InventoryProductController))
 8 SYSTEMPATH\CodeIgniter.php(349): CodeIgniter\CodeIgniter->handleRequest(null, Object(Config\Cache), false)
 9 FCPATH\index.php(67): CodeIgniter\CodeIgniter->run()
10 SYSTEMPATH\Commands\Server\rewrite.php(47): require_once('FCPATH\\index.php')
CRITICAL - 2023-01-18 17:29:04 --> syntax error, unexpected end of file
in APPPATH\Views\inventorytemplate\includes\sql.php on line 356.
 1 APPPATH\Views\inventorytemplate\test.php(14): require_once()
 2 SYSTEMPATH\View\View.php(213): include('APPPATH\\Views\\inventorytemplate\\test.php')
 3 SYSTEMPATH\View\View.php(216): CodeIgniter\View\View->CodeIgniter\View\{closure}()
 4 SYSTEMPATH\Common.php(1135): CodeIgniter\View\View->render('inventorytemplate/test.php', [], true)
 5 APPPATH\Controllers\InventoryProductController.php(11): view('inventorytemplate/test.php')
 6 SYSTEMPATH\CodeIgniter.php(925): App\Controllers\InventoryProductController->index()
 7 SYSTEMPATH\CodeIgniter.php(480): CodeIgniter\CodeIgniter->runController(Object(App\Controllers\InventoryProductController))
 8 SYSTEMPATH\CodeIgniter.php(349): CodeIgniter\CodeIgniter->handleRequest(null, Object(Config\Cache), false)
 9 FCPATH\index.php(67): CodeIgniter\CodeIgniter->run()
10 SYSTEMPATH\Commands\Server\rewrite.php(47): require_once('FCPATH\\index.php')
CRITICAL - 2023-01-18 17:29:37 --> syntax error, unexpected end of file
in APPPATH\Views\inventorytemplate\includes\sql.php on line 356.
 1 APPPATH\Views\inventorytemplate\test.php(14): require_once()
 2 SYSTEMPATH\View\View.php(213): include('APPPATH\\Views\\inventorytemplate\\test.php')
 3 SYSTEMPATH\View\View.php(216): CodeIgniter\View\View->CodeIgniter\View\{closure}()
 4 SYSTEMPATH\Common.php(1135): CodeIgniter\View\View->render('inventorytemplate/test.php', [], true)
 5 APPPATH\Controllers\InventoryProductController.php(11): view('inventorytemplate/test.php')
 6 SYSTEMPATH\CodeIgniter.php(925): App\Controllers\InventoryProductController->index()
 7 SYSTEMPATH\CodeIgniter.php(480): CodeIgniter\CodeIgniter->runController(Object(App\Controllers\InventoryProductController))
 8 SYSTEMPATH\CodeIgniter.php(349): CodeIgniter\CodeIgniter->handleRequest(null, Object(Config\Cache), false)
 9 FCPATH\index.php(67): CodeIgniter\CodeIgniter->run()
10 SYSTEMPATH\Commands\Server\rewrite.php(47): require_once('FCPATH\\index.php')
CRITICAL - 2023-01-18 17:30:30 --> Call to a member function query() on null
in APPPATH\Views\inventorytemplate\includes\sql.php on line 21.
 1 APPPATH\Views\inventorytemplate\includes\sql.php(220): find_by_sql(' SELECT p.id,p.name,p.quantity,p.buy_price,p.sale_price,p.media_id,p.date,c.name AS categorie,m.file_name AS image FROM products p LEFT JOIN categories c ON c.id = p.categorie_id LEFT JOIN media m ON m.id = p.media_id ORDER BY p.id ASC')
 2 APPPATH\Views\inventorytemplate\test.php(17): join_product_table()
 3 SYSTEMPATH\View\View.php(213): include('APPPATH\\Views\\inventorytemplate\\test.php')
 4 SYSTEMPATH\View\View.php(216): CodeIgniter\View\View->CodeIgniter\View\{closure}()
 5 SYSTEMPATH\Common.php(1135): CodeIgniter\View\View->render('inventorytemplate/test.php', [], true)
 6 APPPATH\Controllers\InventoryProductController.php(11): view('inventorytemplate/test.php')
 7 SYSTEMPATH\CodeIgniter.php(925): App\Controllers\InventoryProductController->index()
 8 SYSTEMPATH\CodeIgniter.php(480): CodeIgniter\CodeIgniter->runController(Object(App\Controllers\InventoryProductController))
 9 SYSTEMPATH\CodeIgniter.php(349): CodeIgniter\CodeIgniter->handleRequest(null, Object(Config\Cache), false)
10 FCPATH\index.php(67): CodeIgniter\CodeIgniter->run()
11 SYSTEMPATH\Commands\Server\rewrite.php(47): require_once('FCPATH\\index.php')
CRITICAL - 2023-01-18 17:31:37 --> Call to undefined function page_require_level()
in APPPATH\Views\inventorytemplate\test.php on line 5.
 1 SYSTEMPATH\View\View.php(213): include()
 2 SYSTEMPATH\View\View.php(216): CodeIgniter\View\View->CodeIgniter\View\{closure}()
 3 SYSTEMPATH\Common.php(1135): CodeIgniter\View\View->render('inventorytemplate/test.php', [], true)
 4 APPPATH\Controllers\InventoryProductController.php(11): view('inventorytemplate/test.php')
 5 SYSTEMPATH\CodeIgniter.php(925): App\Controllers\InventoryProductController->index()
 6 SYSTEMPATH\CodeIgniter.php(480): CodeIgniter\CodeIgniter->runController(Object(App\Controllers\InventoryProductController))
 7 SYSTEMPATH\CodeIgniter.php(349): CodeIgniter\CodeIgniter->handleRequest(null, Object(Config\Cache), false)
 8 FCPATH\index.php(67): CodeIgniter\CodeIgniter->run()
 9 SYSTEMPATH\Commands\Server\rewrite.php(47): require_once('FCPATH\\index.php')
CRITICAL - 2023-01-18 17:31:54 --> Call to undefined function join_product_table()
in APPPATH\Views\inventorytemplate\test.php on line 6.
 1 SYSTEMPATH\View\View.php(213): include()
 2 SYSTEMPATH\View\View.php(216): CodeIgniter\View\View->CodeIgniter\View\{closure}()
 3 SYSTEMPATH\Common.php(1135): CodeIgniter\View\View->render('inventorytemplate/test.php', [], true)
 4 APPPATH\Controllers\InventoryProductController.php(11): view('inventorytemplate/test.php')
 5 SYSTEMPATH\CodeIgniter.php(925): App\Controllers\InventoryProductController->index()
 6 SYSTEMPATH\CodeIgniter.php(480): CodeIgniter\CodeIgniter->runController(Object(App\Controllers\InventoryProductController))
 7 SYSTEMPATH\CodeIgniter.php(349): CodeIgniter\CodeIgniter->handleRequest(null, Object(Config\Cache), false)
 8 FCPATH\index.php(67): CodeIgniter\CodeIgniter->run()
 9 SYSTEMPATH\Commands\Server\rewrite.php(47): require_once('FCPATH\\index.php')
CRITICAL - 2023-01-18 17:32:05 --> Call to undefined function current_user()
in APPPATH\Views\inventorytemplate\layouts\header.php on line 1.
 1 APPPATH\Views\inventorytemplate\test.php(8): include_once()
 2 SYSTEMPATH\View\View.php(213): include('APPPATH\\Views\\inventorytemplate\\test.php')
 3 SYSTEMPATH\View\View.php(216): CodeIgniter\View\View->CodeIgniter\View\{closure}()
 4 SYSTEMPATH\Common.php(1135): CodeIgniter\View\View->render('inventorytemplate/test.php', [], true)
 5 APPPATH\Controllers\InventoryProductController.php(11): view('inventorytemplate/test.php')
 6 SYSTEMPATH\CodeIgniter.php(925): App\Controllers\InventoryProductController->index()
 7 SYSTEMPATH\CodeIgniter.php(480): CodeIgniter\CodeIgniter->runController(Object(App\Controllers\InventoryProductController))
 8 SYSTEMPATH\CodeIgniter.php(349): CodeIgniter\CodeIgniter->handleRequest(null, Object(Config\Cache), false)
 9 FCPATH\index.php(67): CodeIgniter\CodeIgniter->run()
10 SYSTEMPATH\Commands\Server\rewrite.php(47): require_once('FCPATH\\index.php')
CRITICAL - 2023-01-18 17:32:24 --> Call to undefined function display_msg()
in APPPATH\Views\inventorytemplate\test.php on line 11.
 1 SYSTEMPATH\View\View.php(213): include()
 2 SYSTEMPATH\View\View.php(216): CodeIgniter\View\View->CodeIgniter\View\{closure}()
 3 SYSTEMPATH\Common.php(1135): CodeIgniter\View\View->render('inventorytemplate/test.php', [], true)
 4 APPPATH\Controllers\InventoryProductController.php(11): view('inventorytemplate/test.php')
 5 SYSTEMPATH\CodeIgniter.php(925): App\Controllers\InventoryProductController->index()
 6 SYSTEMPATH\CodeIgniter.php(480): CodeIgniter\CodeIgniter->runController(Object(App\Controllers\InventoryProductController))
 7 SYSTEMPATH\CodeIgniter.php(349): CodeIgniter\CodeIgniter->handleRequest(null, Object(Config\Cache), false)
 8 FCPATH\index.php(67): CodeIgniter\CodeIgniter->run()
 9 SYSTEMPATH\Commands\Server\rewrite.php(47): require_once('FCPATH\\index.php')
CRITICAL - 2023-01-18 17:37:42 --> Undefined variable: products
in APPPATH\Views\inventorytemplate\test.php on line 36.
 1 APPPATH\Views\inventorytemplate\test.php(36): CodeIgniter\Debug\Exceptions->errorHandler(8, 'Undefined variable: products', 'APPPATH\\Views\\inventorytemplate\\test.php', 36, [...])
 2 SYSTEMPATH\View\View.php(213): include('APPPATH\\Views\\inventorytemplate\\test.php')
 3 SYSTEMPATH\View\View.php(216): CodeIgniter\View\View->CodeIgniter\View\{closure}()
 4 SYSTEMPATH\Common.php(1135): CodeIgniter\View\View->render('inventorytemplate/test.php', [], true)
 5 APPPATH\Controllers\InventoryProductController.php(11): view('inventorytemplate/test.php')
 6 SYSTEMPATH\CodeIgniter.php(925): App\Controllers\InventoryProductController->index()
 7 SYSTEMPATH\CodeIgniter.php(480): CodeIgniter\CodeIgniter->runController(Object(App\Controllers\InventoryProductController))
 8 SYSTEMPATH\CodeIgniter.php(349): CodeIgniter\CodeIgniter->handleRequest(null, Object(Config\Cache), false)
 9 FCPATH\index.php(67): CodeIgniter\CodeIgniter->run()
10 SYSTEMPATH\Commands\Server\rewrite.php(47): require_once('FCPATH\\index.php')
CRITICAL - 2023-01-18 17:37:44 --> Undefined variable: products
in APPPATH\Views\inventorytemplate\test.php on line 36.
 1 APPPATH\Views\inventorytemplate\test.php(36): CodeIgniter\Debug\Exceptions->errorHandler(8, 'Undefined variable: products', 'APPPATH\\Views\\inventorytemplate\\test.php', 36, [...])
 2 SYSTEMPATH\View\View.php(213): include('APPPATH\\Views\\inventorytemplate\\test.php')
 3 SYSTEMPATH\View\View.php(216): CodeIgniter\View\View->CodeIgniter\View\{closure}()
 4 SYSTEMPATH\Common.php(1135): CodeIgniter\View\View->render('inventorytemplate/test.php', [], true)
 5 APPPATH\Controllers\InventoryProductController.php(11): view('inventorytemplate/test.php')
 6 SYSTEMPATH\CodeIgniter.php(925): App\Controllers\InventoryProductController->index()
 7 SYSTEMPATH\CodeIgniter.php(480): CodeIgniter\CodeIgniter->runController(Object(App\Controllers\InventoryProductController))
 8 SYSTEMPATH\CodeIgniter.php(349): CodeIgniter\CodeIgniter->handleRequest(null, Object(Config\Cache), false)
 9 FCPATH\index.php(67): CodeIgniter\CodeIgniter->run()
10 SYSTEMPATH\Commands\Server\rewrite.php(47): require_once('FCPATH\\index.php')
CRITICAL - 2023-01-18 17:38:18 --> Call to undefined function join_product_table()
in APPPATH\Views\inventorytemplate\test.php on line 6.
 1 SYSTEMPATH\View\View.php(213): include()
 2 SYSTEMPATH\View\View.php(216): CodeIgniter\View\View->CodeIgniter\View\{closure}()
 3 SYSTEMPATH\Common.php(1135): CodeIgniter\View\View->render('inventorytemplate/test.php', [], true)
 4 APPPATH\Controllers\InventoryProductController.php(11): view('inventorytemplate/test.php')
 5 SYSTEMPATH\CodeIgniter.php(925): App\Controllers\InventoryProductController->index()
 6 SYSTEMPATH\CodeIgniter.php(480): CodeIgniter\CodeIgniter->runController(Object(App\Controllers\InventoryProductController))
 7 SYSTEMPATH\CodeIgniter.php(349): CodeIgniter\CodeIgniter->handleRequest(null, Object(Config\Cache), false)
 8 FCPATH\index.php(67): CodeIgniter\CodeIgniter->run()
 9 SYSTEMPATH\Commands\Server\rewrite.php(47): require_once('FCPATH\\index.php')
CRITICAL - 2023-01-18 17:38:28 --> Call to a member function query() on null
in APPPATH\Views\inventorytemplate\includes\sql.php on line 21.
 1 APPPATH\Views\inventorytemplate\includes\sql.php(220): find_by_sql(' SELECT p.id,p.name,p.quantity,p.buy_price,p.sale_price,p.media_id,p.date,c.name AS categorie,m.file_name AS image FROM products p LEFT JOIN categories c ON c.id = p.categorie_id LEFT JOIN media m ON m.id = p.media_id ORDER BY p.id ASC')
 2 APPPATH\Views\inventorytemplate\test.php(6): join_product_table()
 3 SYSTEMPATH\View\View.php(213): include('APPPATH\\Views\\inventorytemplate\\test.php')
 4 SYSTEMPATH\View\View.php(216): CodeIgniter\View\View->CodeIgniter\View\{closure}()
 5 SYSTEMPATH\Common.php(1135): CodeIgniter\View\View->render('inventorytemplate/test.php', [], true)
 6 APPPATH\Controllers\InventoryProductController.php(11): view('inventorytemplate/test.php')
 7 SYSTEMPATH\CodeIgniter.php(925): App\Controllers\InventoryProductController->index()
 8 SYSTEMPATH\CodeIgniter.php(480): CodeIgniter\CodeIgniter->runController(Object(App\Controllers\InventoryProductController))
 9 SYSTEMPATH\CodeIgniter.php(349): CodeIgniter\CodeIgniter->handleRequest(null, Object(Config\Cache), false)
10 FCPATH\index.php(67): CodeIgniter\CodeIgniter->run()
11 SYSTEMPATH\Commands\Server\rewrite.php(47): require_once('FCPATH\\index.php')
CRITICAL - 2023-01-18 17:46:49 --> Call to a member function query() on null
in APPPATH\Views\inventorytemplate\includes\sql.php on line 21.
 1 APPPATH\Views\inventorytemplate\includes\sql.php(220): find_by_sql(' SELECT p.id,p.name,p.quantity,p.buy_price,p.sale_price,p.media_id,p.date,c.name AS categorie,m.file_name AS image FROM products p LEFT JOIN categories c ON c.id = p.categorie_id LEFT JOIN media m ON m.id = p.media_id ORDER BY p.id ASC')
 2 APPPATH\Views\inventorytemplate\test.php(6): join_product_table()
 3 SYSTEMPATH\View\View.php(213): include('APPPATH\\Views\\inventorytemplate\\test.php')
 4 SYSTEMPATH\View\View.php(216): CodeIgniter\View\View->CodeIgniter\View\{closure}()
 5 SYSTEMPATH\Common.php(1135): CodeIgniter\View\View->render('inventorytemplate/test.php', [], true)
 6 APPPATH\Controllers\InventoryProductController.php(11): view('inventorytemplate/test.php')
 7 SYSTEMPATH\CodeIgniter.php(925): App\Controllers\InventoryProductController->index()
 8 SYSTEMPATH\CodeIgniter.php(480): CodeIgniter\CodeIgniter->runController(Object(App\Controllers\InventoryProductController))
 9 SYSTEMPATH\CodeIgniter.php(349): CodeIgniter\CodeIgniter->handleRequest(null, Object(Config\Cache), false)
10 FCPATH\index.php(67): CodeIgniter\CodeIgniter->run()
11 SYSTEMPATH\Commands\Server\rewrite.php(47): require_once('FCPATH\\index.php')
CRITICAL - 2023-01-18 17:47:14 --> Cannot redeclare redirect() (previously declared in E:\xampp\htdocs\fullstack-codeigniter-project\backend\vendor\codeigniter4\framework\system\Common.php:856)
in APPPATH\Views\inventorytemplate\includes\functions.php on line 63.
 1 [internal function]: CodeIgniter\Debug\Exceptions->shutdownHandler()
CRITICAL - 2023-01-18 17:57:31 --> Cannot redeclare redirect() (previously declared in E:\xampp\htdocs\fullstack-codeigniter-project\backend\vendor\codeigniter4\framework\system\Common.php:856)
in APPPATH\Views\inventorytemplate\includes\functions.php on line 63.
 1 [internal function]: CodeIgniter\Debug\Exceptions->shutdownHandler()
CRITICAL - 2023-01-18 17:58:22 --> Cannot redeclare redirect() (previously declared in E:\xampp\htdocs\fullstack-codeigniter-project\backend\vendor\codeigniter4\framework\system\Common.php:856)
in APPPATH\Views\inventorytemplate\includes\functions.php on line 63.
 1 [internal function]: CodeIgniter\Debug\Exceptions->shutdownHandler()
CRITICAL - 2023-01-18 17:58:41 --> session_start(): A session had already been started - ignoring
in APPPATH\Views\inventorytemplate\includes\session.php on line 2.
 1 [internal function]: CodeIgniter\Debug\Exceptions->errorHandler(8, 'session_start(): A session had already been started - ignoring', 'APPPATH\\Views\\inventorytemplate\\includes\\session.php', 2, [...])
 2 APPPATH\Views\inventorytemplate\includes\session.php(2): session_start()
 3 APPPATH\Views\inventorytemplate\includes\load.php(19): require_once('APPPATH\\Views\\inventorytemplate\\includes\\session.php')
 4 APPPATH\Views\inventorytemplate\test2.php(1): include_once('APPPATH\\Views\\inventorytemplate\\includes\\load.php')
 5 APPPATH\Views\inventorytemplate\test.php(1): include_once('APPPATH\\Views\\inventorytemplate\\test2.php')
 6 SYSTEMPATH\View\View.php(213): include('APPPATH\\Views\\inventorytemplate\\test.php')
 7 SYSTEMPATH\View\View.php(216): CodeIgniter\View\View->CodeIgniter\View\{closure}()
 8 SYSTEMPATH\Common.php(1135): CodeIgniter\View\View->render('inventorytemplate/test.php', [], true)
 9 APPPATH\Controllers\InventoryProductController.php(11): view('inventorytemplate/test.php')
10 SYSTEMPATH\CodeIgniter.php(925): App\Controllers\InventoryProductController->index()
11 SYSTEMPATH\CodeIgniter.php(480): CodeIgniter\CodeIgniter->runController(Object(App\Controllers\InventoryProductController))
12 SYSTEMPATH\CodeIgniter.php(349): CodeIgniter\CodeIgniter->handleRequest(null, Object(Config\Cache), false)
13 FCPATH\index.php(67): CodeIgniter\CodeIgniter->run()
14 SYSTEMPATH\Commands\Server\rewrite.php(47): require_once('FCPATH\\index.php')
CRITICAL - 2023-01-18 18:22:54 --> include_once(E:\xampp\php\pear): failed to open stream: Permission denied
in APPPATH\Views\inventorytemplate\test.php on line 1.
 1 APPPATH\Views\inventorytemplate\test.php(1): CodeIgniter\Debug\Exceptions->errorHandler(2, 'include_once(E:\\xampp\\php\\pear): failed to open stream: Permission denied', 'APPPATH\\Views\\inventorytemplate\\test.php', 1, [])
 2 APPPATH\Views\inventorytemplate\test.php(1): include_once()
 3 SYSTEMPATH\View\View.php(213): include('APPPATH\\Views\\inventorytemplate\\test.php')
 4 SYSTEMPATH\View\View.php(216): CodeIgniter\View\View->CodeIgniter\View\{closure}()
 5 SYSTEMPATH\Common.php(1135): CodeIgniter\View\View->render('inventorytemplate/test.php', [], true)
 6 APPPATH\Controllers\InventoryProductController.php(11): view('inventorytemplate/test.php')
 7 SYSTEMPATH\CodeIgniter.php(925): App\Controllers\InventoryProductController->index()
 8 SYSTEMPATH\CodeIgniter.php(480): CodeIgniter\CodeIgniter->runController(Object(App\Controllers\InventoryProductController))
 9 SYSTEMPATH\CodeIgniter.php(349): CodeIgniter\CodeIgniter->handleRequest(null, Object(Config\Cache), false)
10 FCPATH\index.php(67): CodeIgniter\CodeIgniter->run()
11 SYSTEMPATH\Commands\Server\rewrite.php(47): require_once('FCPATH\\index.php')
CRITICAL - 2023-01-18 18:39:31 --> include_once(E:\xampp\php\pear): failed to open stream: Permission denied
in APPPATH\Views\inventorytemplate\test.php on line 1.
 1 APPPATH\Views\inventorytemplate\test.php(1): CodeIgniter\Debug\Exceptions->errorHandler(2, 'include_once(E:\\xampp\\php\\pear): failed to open stream: Permission denied', 'APPPATH\\Views\\inventorytemplate\\test.php', 1, [])
 2 APPPATH\Views\inventorytemplate\test.php(1): include_once()
 3 SYSTEMPATH\View\View.php(213): include('APPPATH\\Views\\inventorytemplate\\test.php')
 4 SYSTEMPATH\View\View.php(216): CodeIgniter\View\View->CodeIgniter\View\{closure}()
 5 SYSTEMPATH\Common.php(1135): CodeIgniter\View\View->render('inventorytemplate/test.php', [], true)
 6 APPPATH\Controllers\InventoryProductController.php(11): view('inventorytemplate/test.php')
 7 SYSTEMPATH\CodeIgniter.php(925): App\Controllers\InventoryProductController->index()
 8 SYSTEMPATH\CodeIgniter.php(480): CodeIgniter\CodeIgniter->runController(Object(App\Controllers\InventoryProductController))
 9 SYSTEMPATH\CodeIgniter.php(349): CodeIgniter\CodeIgniter->handleRequest(null, Object(Config\Cache), false)
10 FCPATH\index.php(67): CodeIgniter\CodeIgniter->run()
11 SYSTEMPATH\Commands\Server\rewrite.php(47): require_once('FCPATH\\index.php')
CRITICAL - 2023-01-18 18:41:01 --> Call to undefined method CodeIgniter\View\View::require_once()
in APPPATH\Views\inventorytemplate\test.php on line 1.
 1 SYSTEMPATH\View\View.php(213): include()
 2 SYSTEMPATH\View\View.php(216): CodeIgniter\View\View->CodeIgniter\View\{closure}()
 3 SYSTEMPATH\Common.php(1135): CodeIgniter\View\View->render('inventorytemplate/test.php', [], true)
 4 APPPATH\Controllers\InventoryProductController.php(11): view('inventorytemplate/test.php')
 5 SYSTEMPATH\CodeIgniter.php(925): App\Controllers\InventoryProductController->index()
 6 SYSTEMPATH\CodeIgniter.php(480): CodeIgniter\CodeIgniter->runController(Object(App\Controllers\InventoryProductController))
 7 SYSTEMPATH\CodeIgniter.php(349): CodeIgniter\CodeIgniter->handleRequest(null, Object(Config\Cache), false)
 8 FCPATH\index.php(67): CodeIgniter\CodeIgniter->run()
 9 SYSTEMPATH\Commands\Server\rewrite.php(47): require_once('FCPATH\\index.php')
CRITICAL - 2023-01-18 18:41:15 --> Invalid file: includes/load.php
in SYSTEMPATH\Exceptions\FrameworkException.php on line 33.
 1 SYSTEMPATH\View\View.php(201): CodeIgniter\Exceptions\FrameworkException::forInvalidFile('includes/load.php')
 2 SYSTEMPATH\View\View.php(431): CodeIgniter\View\View->render('includes/load.php', null, true)
 3 APPPATH\Views\inventorytemplate\test.php(1): CodeIgniter\View\View->include('includes/load.php')
 4 SYSTEMPATH\View\View.php(213): include('APPPATH\\Views\\inventorytemplate\\test.php')
 5 SYSTEMPATH\View\View.php(216): CodeIgniter\View\View->CodeIgniter\View\{closure}()
 6 SYSTEMPATH\Common.php(1135): CodeIgniter\View\View->render('inventorytemplate/test.php', [], true)
 7 APPPATH\Controllers\InventoryProductController.php(11): view('inventorytemplate/test.php')
 8 SYSTEMPATH\CodeIgniter.php(925): App\Controllers\InventoryProductController->index()
 9 SYSTEMPATH\CodeIgniter.php(480): CodeIgniter\CodeIgniter->runController(Object(App\Controllers\InventoryProductController))
10 SYSTEMPATH\CodeIgniter.php(349): CodeIgniter\CodeIgniter->handleRequest(null, Object(Config\Cache), false)
11 FCPATH\index.php(67): CodeIgniter\CodeIgniter->run()
12 SYSTEMPATH\Commands\Server\rewrite.php(47): require_once('FCPATH\\index.php')
CRITICAL - 2023-01-18 18:44:07 --> Invalid file: users.php
in SYSTEMPATH\Exceptions\FrameworkException.php on line 33.
 1 SYSTEMPATH\View\View.php(201): CodeIgniter\Exceptions\FrameworkException::forInvalidFile('users.php')
 2 SYSTEMPATH\View\View.php(431): CodeIgniter\View\View->render('users.php', null, true)
 3 APPPATH\Views\inventorytemplate\test.php(1): CodeIgniter\View\View->include('users.php')
 4 SYSTEMPATH\View\View.php(213): include('APPPATH\\Views\\inventorytemplate\\test.php')
 5 SYSTEMPATH\View\View.php(216): CodeIgniter\View\View->CodeIgniter\View\{closure}()
 6 SYSTEMPATH\Common.php(1135): CodeIgniter\View\View->render('inventorytemplate/test.php', [], true)
 7 APPPATH\Controllers\InventoryProductController.php(11): view('inventorytemplate/test.php')
 8 SYSTEMPATH\CodeIgniter.php(925): App\Controllers\InventoryProductController->index()
 9 SYSTEMPATH\CodeIgniter.php(480): CodeIgniter\CodeIgniter->runController(Object(App\Controllers\InventoryProductController))
10 SYSTEMPATH\CodeIgniter.php(349): CodeIgniter\CodeIgniter->handleRequest(null, Object(Config\Cache), false)
11 FCPATH\index.php(67): CodeIgniter\CodeIgniter->run()
12 SYSTEMPATH\Commands\Server\rewrite.php(47): require_once('FCPATH\\index.php')
CRITICAL - 2023-01-18 18:45:34 --> Invalid file: includes/load.php
in SYSTEMPATH\Exceptions\FrameworkException.php on line 33.
 1 SYSTEMPATH\View\View.php(201): CodeIgniter\Exceptions\FrameworkException::forInvalidFile('includes/load.php')
 2 SYSTEMPATH\View\View.php(431): CodeIgniter\View\View->render('includes/load.php', null, true)
 3 APPPATH\Views\inventorytemplate\test.php(3): CodeIgniter\View\View->include('includes/load.php')
 4 SYSTEMPATH\View\View.php(213): include('APPPATH\\Views\\inventorytemplate\\test.php')
 5 SYSTEMPATH\View\View.php(216): CodeIgniter\View\View->CodeIgniter\View\{closure}()
 6 SYSTEMPATH\Common.php(1135): CodeIgniter\View\View->render('inventorytemplate/test.php', [], true)
 7 APPPATH\Controllers\InventoryProductController.php(11): view('inventorytemplate/test.php')
 8 SYSTEMPATH\CodeIgniter.php(925): App\Controllers\InventoryProductController->index()
 9 SYSTEMPATH\CodeIgniter.php(480): CodeIgniter\CodeIgniter->runController(Object(App\Controllers\InventoryProductController))
10 SYSTEMPATH\CodeIgniter.php(349): CodeIgniter\CodeIgniter->handleRequest(null, Object(Config\Cache), false)
11 FCPATH\index.php(67): CodeIgniter\CodeIgniter->run()
12 SYSTEMPATH\Commands\Server\rewrite.php(47): require_once('FCPATH\\index.php')
CRITICAL - 2023-01-18 18:46:38 --> Invalid file: ../includes/load.php
in SYSTEMPATH\Exceptions\FrameworkException.php on line 33.
 1 SYSTEMPATH\View\View.php(201): CodeIgniter\Exceptions\FrameworkException::forInvalidFile('../includes/load.php')
 2 SYSTEMPATH\View\View.php(431): CodeIgniter\View\View->render('../includes/load.php', null, true)
 3 APPPATH\Views\inventorytemplate\test.php(2): CodeIgniter\View\View->include('../includes/load.php')
 4 SYSTEMPATH\View\View.php(213): include('APPPATH\\Views\\inventorytemplate\\test.php')
 5 SYSTEMPATH\View\View.php(216): CodeIgniter\View\View->CodeIgniter\View\{closure}()
 6 SYSTEMPATH\Common.php(1135): CodeIgniter\View\View->render('inventorytemplate/test.php', [], true)
 7 APPPATH\Controllers\InventoryProductController.php(11): view('inventorytemplate/test.php')
 8 SYSTEMPATH\CodeIgniter.php(925): App\Controllers\InventoryProductController->index()
 9 SYSTEMPATH\CodeIgniter.php(480): CodeIgniter\CodeIgniter->runController(Object(App\Controllers\InventoryProductController))
10 SYSTEMPATH\CodeIgniter.php(349): CodeIgniter\CodeIgniter->handleRequest(null, Object(Config\Cache), false)
11 FCPATH\index.php(67): CodeIgniter\CodeIgniter->run()
12 SYSTEMPATH\Commands\Server\rewrite.php(47): require_once('FCPATH\\index.php')
CRITICAL - 2023-01-18 18:46:46 --> Invalid file: ./includes/load.php
in SYSTEMPATH\Exceptions\FrameworkException.php on line 33.
 1 SYSTEMPATH\View\View.php(201): CodeIgniter\Exceptions\FrameworkException::forInvalidFile('./includes/load.php')
 2 SYSTEMPATH\View\View.php(431): CodeIgniter\View\View->render('./includes/load.php', null, true)
 3 APPPATH\Views\inventorytemplate\test.php(2): CodeIgniter\View\View->include('./includes/load.php')
 4 SYSTEMPATH\View\View.php(213): include('APPPATH\\Views\\inventorytemplate\\test.php')
 5 SYSTEMPATH\View\View.php(216): CodeIgniter\View\View->CodeIgniter\View\{closure}()
 6 SYSTEMPATH\Common.php(1135): CodeIgniter\View\View->render('inventorytemplate/test.php', [], true)
 7 APPPATH\Controllers\InventoryProductController.php(11): view('inventorytemplate/test.php')
 8 SYSTEMPATH\CodeIgniter.php(925): App\Controllers\InventoryProductController->index()
 9 SYSTEMPATH\CodeIgniter.php(480): CodeIgniter\CodeIgniter->runController(Object(App\Controllers\InventoryProductController))
10 SYSTEMPATH\CodeIgniter.php(349): CodeIgniter\CodeIgniter->handleRequest(null, Object(Config\Cache), false)
11 FCPATH\index.php(67): CodeIgniter\CodeIgniter->run()
12 SYSTEMPATH\Commands\Server\rewrite.php(47): require_once('FCPATH\\index.php')
CRITICAL - 2023-01-18 18:46:50 --> Invalid file: /includes/load.php
in SYSTEMPATH\Exceptions\FrameworkException.php on line 33.
 1 SYSTEMPATH\View\View.php(201): CodeIgniter\Exceptions\FrameworkException::forInvalidFile('/includes/load.php')
 2 SYSTEMPATH\View\View.php(431): CodeIgniter\View\View->render('/includes/load.php', null, true)
 3 APPPATH\Views\inventorytemplate\test.php(2): CodeIgniter\View\View->include('/includes/load.php')
 4 SYSTEMPATH\View\View.php(213): include('APPPATH\\Views\\inventorytemplate\\test.php')
 5 SYSTEMPATH\View\View.php(216): CodeIgniter\View\View->CodeIgniter\View\{closure}()
 6 SYSTEMPATH\Common.php(1135): CodeIgniter\View\View->render('inventorytemplate/test.php', [], true)
 7 APPPATH\Controllers\InventoryProductController.php(11): view('inventorytemplate/test.php')
 8 SYSTEMPATH\CodeIgniter.php(925): App\Controllers\InventoryProductController->index()
 9 SYSTEMPATH\CodeIgniter.php(480): CodeIgniter\CodeIgniter->runController(Object(App\Controllers\InventoryProductController))
10 SYSTEMPATH\CodeIgniter.php(349): CodeIgniter\CodeIgniter->handleRequest(null, Object(Config\Cache), false)
11 FCPATH\index.php(67): CodeIgniter\CodeIgniter->run()
12 SYSTEMPATH\Commands\Server\rewrite.php(47): require_once('FCPATH\\index.php')
CRITICAL - 2023-01-18 18:46:57 --> Invalid file: includes/load.php
in SYSTEMPATH\Exceptions\FrameworkException.php on line 33.
 1 SYSTEMPATH\View\View.php(201): CodeIgniter\Exceptions\FrameworkException::forInvalidFile('includes/load.php')
 2 SYSTEMPATH\View\View.php(431): CodeIgniter\View\View->render('includes/load.php', null, true)
 3 APPPATH\Views\inventorytemplate\test.php(2): CodeIgniter\View\View->include('includes/load.php')
 4 SYSTEMPATH\View\View.php(213): include('APPPATH\\Views\\inventorytemplate\\test.php')
 5 SYSTEMPATH\View\View.php(216): CodeIgniter\View\View->CodeIgniter\View\{closure}()
 6 SYSTEMPATH\Common.php(1135): CodeIgniter\View\View->render('inventorytemplate/test.php', [], true)
 7 APPPATH\Controllers\InventoryProductController.php(11): view('inventorytemplate/test.php')
 8 SYSTEMPATH\CodeIgniter.php(925): App\Controllers\InventoryProductController->index()
 9 SYSTEMPATH\CodeIgniter.php(480): CodeIgniter\CodeIgniter->runController(Object(App\Controllers\InventoryProductController))
10 SYSTEMPATH\CodeIgniter.php(349): CodeIgniter\CodeIgniter->handleRequest(null, Object(Config\Cache), false)
11 FCPATH\index.php(67): CodeIgniter\CodeIgniter->run()
12 SYSTEMPATH\Commands\Server\rewrite.php(47): require_once('FCPATH\\index.php')
CRITICAL - 2023-01-18 18:48:36 --> Invalid file: includes/load.php
in SYSTEMPATH\Exceptions\FrameworkException.php on line 33.
 1 SYSTEMPATH\View\View.php(201): CodeIgniter\Exceptions\FrameworkException::forInvalidFile('includes/load.php')
 2 SYSTEMPATH\View\View.php(431): CodeIgniter\View\View->render('includes/load.php', null, true)
 3 APPPATH\Views\inventorytemplate\test.php(2): CodeIgniter\View\View->include('includes/load.php')
 4 SYSTEMPATH\View\View.php(213): include('APPPATH\\Views\\inventorytemplate\\test.php')
 5 SYSTEMPATH\View\View.php(216): CodeIgniter\View\View->CodeIgniter\View\{closure}()
 6 SYSTEMPATH\Common.php(1135): CodeIgniter\View\View->render('inventorytemplate/test.php', [], true)
 7 APPPATH\Controllers\InventoryProductController.php(11): view('inventorytemplate/test.php')
 8 SYSTEMPATH\CodeIgniter.php(925): App\Controllers\InventoryProductController->index()
 9 SYSTEMPATH\CodeIgniter.php(480): CodeIgniter\CodeIgniter->runController(Object(App\Controllers\InventoryProductController))
10 SYSTEMPATH\CodeIgniter.php(349): CodeIgniter\CodeIgniter->handleRequest(null, Object(Config\Cache), false)
11 FCPATH\index.php(67): CodeIgniter\CodeIgniter->run()
12 SYSTEMPATH\Commands\Server\rewrite.php(47): require_once('FCPATH\\index.php')
CRITICAL - 2023-01-18 18:48:54 --> Invalid file: users.php
in SYSTEMPATH\Exceptions\FrameworkException.php on line 33.
 1 SYSTEMPATH\View\View.php(201): CodeIgniter\Exceptions\FrameworkException::forInvalidFile('users.php')
 2 SYSTEMPATH\View\View.php(431): CodeIgniter\View\View->render('users.php', null, true)
 3 APPPATH\Views\inventorytemplate\test.php(2): CodeIgniter\View\View->include('users.php')
 4 SYSTEMPATH\View\View.php(213): include('APPPATH\\Views\\inventorytemplate\\test.php')
 5 SYSTEMPATH\View\View.php(216): CodeIgniter\View\View->CodeIgniter\View\{closure}()
 6 SYSTEMPATH\Common.php(1135): CodeIgniter\View\View->render('inventorytemplate/test.php', [], true)
 7 APPPATH\Controllers\InventoryProductController.php(11): view('inventorytemplate/test.php')
 8 SYSTEMPATH\CodeIgniter.php(925): App\Controllers\InventoryProductController->index()
 9 SYSTEMPATH\CodeIgniter.php(480): CodeIgniter\CodeIgniter->runController(Object(App\Controllers\InventoryProductController))
10 SYSTEMPATH\CodeIgniter.php(349): CodeIgniter\CodeIgniter->handleRequest(null, Object(Config\Cache), false)
11 FCPATH\index.php(67): CodeIgniter\CodeIgniter->run()
12 SYSTEMPATH\Commands\Server\rewrite.php(47): require_once('FCPATH\\index.php')
CRITICAL - 2023-01-18 18:49:32 --> Invalid file: users.php
in SYSTEMPATH\Exceptions\FrameworkException.php on line 33.
 1 SYSTEMPATH\View\View.php(201): CodeIgniter\Exceptions\FrameworkException::forInvalidFile('users.php')
 2 SYSTEMPATH\View\View.php(431): CodeIgniter\View\View->render('users.php', null, true)
 3 APPPATH\Views\inventorytemplate\test.php(2): CodeIgniter\View\View->include('users.php')
 4 SYSTEMPATH\View\View.php(213): include('APPPATH\\Views\\inventorytemplate\\test.php')
 5 SYSTEMPATH\View\View.php(216): CodeIgniter\View\View->CodeIgniter\View\{closure}()
 6 SYSTEMPATH\Common.php(1135): CodeIgniter\View\View->render('inventorytemplate/test.php', [], true)
 7 APPPATH\Controllers\InventoryProductController.php(11): view('inventorytemplate/test.php')
 8 SYSTEMPATH\CodeIgniter.php(925): App\Controllers\InventoryProductController->index()
 9 SYSTEMPATH\CodeIgniter.php(480): CodeIgniter\CodeIgniter->runController(Object(App\Controllers\InventoryProductController))
10 SYSTEMPATH\CodeIgniter.php(349): CodeIgniter\CodeIgniter->handleRequest(null, Object(Config\Cache), false)
11 FCPATH\index.php(67): CodeIgniter\CodeIgniter->run()
12 SYSTEMPATH\Commands\Server\rewrite.php(47): require_once('FCPATH\\index.php')
CRITICAL - 2023-01-18 18:49:41 --> syntax error, unexpected '?>'
in APPPATH\Views\inventorytemplate\test.php on line 2.
 1 SYSTEMPATH\View\View.php(216): CodeIgniter\View\View->CodeIgniter\View\{closure}()
 2 SYSTEMPATH\Common.php(1135): CodeIgniter\View\View->render('inventorytemplate/test.php', [], true)
 3 APPPATH\Controllers\InventoryProductController.php(11): view('inventorytemplate/test.php')
 4 SYSTEMPATH\CodeIgniter.php(925): App\Controllers\InventoryProductController->index()
 5 SYSTEMPATH\CodeIgniter.php(480): CodeIgniter\CodeIgniter->runController(Object(App\Controllers\InventoryProductController))
 6 SYSTEMPATH\CodeIgniter.php(349): CodeIgniter\CodeIgniter->handleRequest(null, Object(Config\Cache), false)
 7 FCPATH\index.php(67): CodeIgniter\CodeIgniter->run()
 8 SYSTEMPATH\Commands\Server\rewrite.php(47): require_once('FCPATH\\index.php')
