ERROR - 2022-12-26 05:21:01 --> mysqli_sql_exception: Unknown table 'fullstack-codeigniter-project.blog' in E:\xampp\htdocs\fullstack-codeigniter-project\backend\vendor\codeigniter4\framework\system\Database\MySQLi\Connection.php:292
Stack trace:
#0 E:\xampp\htdocs\fullstack-codeigniter-project\backend\vendor\codeigniter4\framework\system\Database\MySQLi\Connection.php(292): mysqli->query('DROP TABLE `blo...', 0)
#1 E:\xampp\htdocs\fullstack-codeigniter-project\backend\vendor\codeigniter4\framework\system\Database\BaseConnection.php(666): CodeIgniter\Database\MySQLi\Connection->execute('DROP TABLE `blo...')
#2 E:\xampp\htdocs\fullstack-codeigniter-project\backend\vendor\codeigniter4\framework\system\Database\BaseConnection.php(593): CodeIgniter\Database\BaseConnection->simpleQuery('DROP TABLE `blo...')
#3 E:\xampp\htdocs\fullstack-codeigniter-project\backend\vendor\codeigniter4\framework\system\Database\Forge.php(600): CodeIgniter\Database\BaseConnection->query('DROP TABLE `blo...')
#4 E:\xampp\htdocs\fullstack-codeigniter-project\backend\app\Database\Migrations\2022-12-26-110349_Products.php(36): CodeIgniter\Database\Forge->dropTable('blog')
#5 E:\xampp\htdocs\fullstack-codeigniter-project\backend\vendor\codeigniter4\framework\system\Database\MigrationRunner.php(869): App\Database\Migrations\Products->down()
#6 E:\xampp\htdocs\fullstack-codeigniter-project\backend\vendor\codeigniter4\framework\system\Database\MigrationRunner.php(299): CodeIgniter\Database\MigrationRunner->migrate('down', Object(stdClass))
#7 E:\xampp\htdocs\fullstack-codeigniter-project\backend\vendor\codeigniter4\framework\system\Commands\Database\MigrateRollback.php(92): CodeIgniter\Database\MigrationRunner->regress(0)
#8 E:\xampp\htdocs\fullstack-codeigniter-project\backend\vendor\codeigniter4\framework\system\CLI\Commands.php(63): CodeIgniter\Commands\Database\MigrateRollback->run(Array)
#9 E:\xampp\htdocs\fullstack-codeigniter-project\backend\vendor\codeigniter4\framework\system\CLI\BaseCommand.php(112): CodeIgniter\CLI\Commands->run('migrate:rollbac...', Array)
#10 E:\xampp\htdocs\fullstack-codeigniter-project\backend\vendor\codeigniter4\framework\system\Commands\Database\MigrateRefresh.php(84): CodeIgniter\CLI\BaseCommand->call('migrate:rollbac...', Array)
#11 E:\xampp\htdocs\fullstack-codeigniter-project\backend\vendor\codeigniter4\framework\system\CLI\Commands.php(63): CodeIgniter\Commands\Database\MigrateRefresh->run(Array)
#12 E:\xampp\htdocs\fullstack-codeigniter-project\backend\vendor\codeigniter4\framework\system\CLI\CommandRunner.php(65): CodeIgniter\CLI\Commands->run('migrate:refresh', Array)
#13 E:\xampp\htdocs\fullstack-codeigniter-project\backend\vendor\codeigniter4\framework\system\CLI\CommandRunner.php(51): CodeIgniter\CLI\CommandRunner->index(Array)
#14 E:\xampp\htdocs\fullstack-codeigniter-project\backend\vendor\codeigniter4\framework\system\CodeIgniter.php(918): CodeIgniter\CLI\CommandRunner->_remap('index', Array)
#15 E:\xampp\htdocs\fullstack-codeigniter-project\backend\vendor\codeigniter4\framework\system\CodeIgniter.php(480): CodeIgniter\CodeIgniter->runController(Object(CodeIgniter\CLI\CommandRunner))
#16 E:\xampp\htdocs\fullstack-codeigniter-project\backend\vendor\codeigniter4\framework\system\CodeIgniter.php(345): CodeIgniter\CodeIgniter->handleRequest(NULL, Object(Config\Cache), false)
#17 E:\xampp\htdocs\fullstack-codeigniter-project\backend\vendor\codeigniter4\framework\system\CLI\Console.php(48): CodeIgniter\CodeIgniter->run()
#18 E:\xampp\htdocs\fullstack-codeigniter-project\backend\spark(98): CodeIgniter\CLI\Console->run()
#19 {main}
CRITICAL - 2022-12-26 06:20:49 --> Invalid file: layouts/product_footer.php
in SYSTEMPATH\Exceptions\FrameworkException.php on line 33.
 1 SYSTEMPATH\View\View.php(201): CodeIgniter\Exceptions\FrameworkException::forInvalidFile('layouts/product_footer.php')
 2 SYSTEMPATH\Common.php(1135): CodeIgniter\View\View->render('layouts/product_footer.php', [], true)
 3 APPPATH\Views\product\product_list.php(109): view('layouts/product_footer.php')
 4 SYSTEMPATH\View\View.php(213): include('APPPATH\\Views\\product\\product_list.php')
 5 SYSTEMPATH\View\View.php(216): CodeIgniter\View\View->CodeIgniter\View\{closure}()
 6 SYSTEMPATH\Common.php(1135): CodeIgniter\View\View->render('product/product_list.php', [], true)
 7 APPPATH\Controllers\Products.php(20): view('product/product_list.php')
 8 SYSTEMPATH\CodeIgniter.php(925): App\Controllers\Products->index()
 9 SYSTEMPATH\CodeIgniter.php(480): CodeIgniter\CodeIgniter->runController(Object(App\Controllers\Products))
10 SYSTEMPATH\CodeIgniter.php(349): CodeIgniter\CodeIgniter->handleRequest(null, Object(Config\Cache), false)
11 FCPATH\index.php(67): CodeIgniter\CodeIgniter->run()
12 SYSTEMPATH\Commands\Server\rewrite.php(47): require_once('FCPATH\\index.php')
CRITICAL - 2022-12-26 06:26:57 --> Undefined variable: products
in APPPATH\Views\product\product_list.php on line 63.
 1 APPPATH\Views\product\product_list.php(63): CodeIgniter\Debug\Exceptions->errorHandler(8, 'Undefined variable: products', 'APPPATH\\Views\\product\\product_list.php', 63, [])
 2 SYSTEMPATH\View\View.php(213): include('APPPATH\\Views\\product\\product_list.php')
 3 SYSTEMPATH\View\View.php(216): CodeIgniter\View\View->CodeIgniter\View\{closure}()
 4 SYSTEMPATH\Common.php(1135): CodeIgniter\View\View->render('product/product_list.php', [], true)
 5 APPPATH\Controllers\Products.php(20): view('product/product_list.php')
 6 SYSTEMPATH\CodeIgniter.php(925): App\Controllers\Products->index()
 7 SYSTEMPATH\CodeIgniter.php(480): CodeIgniter\CodeIgniter->runController(Object(App\Controllers\Products))
 8 SYSTEMPATH\CodeIgniter.php(349): CodeIgniter\CodeIgniter->handleRequest(null, Object(Config\Cache), false)
 9 FCPATH\index.php(67): CodeIgniter\CodeIgniter->run()
10 SYSTEMPATH\Commands\Server\rewrite.php(47): require_once('FCPATH\\index.php')
CRITICAL - 2022-12-26 06:27:15 --> Undefined variable: products
in APPPATH\Views\product\product_list.php on line 63.
 1 APPPATH\Views\product\product_list.php(63): CodeIgniter\Debug\Exceptions->errorHandler(8, 'Undefined variable: products', 'APPPATH\\Views\\product\\product_list.php', 63, [])
 2 SYSTEMPATH\View\View.php(213): include('APPPATH\\Views\\product\\product_list.php')
 3 SYSTEMPATH\View\View.php(216): CodeIgniter\View\View->CodeIgniter\View\{closure}()
 4 SYSTEMPATH\Common.php(1135): CodeIgniter\View\View->render('product/product_list', [], true)
 5 APPPATH\Controllers\Products.php(20): view('product/product_list')
 6 SYSTEMPATH\CodeIgniter.php(925): App\Controllers\Products->index()
 7 SYSTEMPATH\CodeIgniter.php(480): CodeIgniter\CodeIgniter->runController(Object(App\Controllers\Products))
 8 SYSTEMPATH\CodeIgniter.php(349): CodeIgniter\CodeIgniter->handleRequest(null, Object(Config\Cache), false)
 9 FCPATH\index.php(67): CodeIgniter\CodeIgniter->run()
10 SYSTEMPATH\Commands\Server\rewrite.php(47): require_once('FCPATH\\index.php')
