CRITICAL - 2022-12-29 17:26:36 --> Trying to access array offset on value of type null
in APPPATH\Views\product\product_edit.php on line 53.
 1 APPPATH\Views\product\product_edit.php(53): CodeIgniter\Debug\Exceptions->errorHandler(8, 'Trying to access array offset on value of type null', 'APPPATH\\Views\\product\\product_edit.php', 53, [...])
 2 SYSTEMPATH\View\View.php(213): include('APPPATH\\Views\\product\\product_edit.php')
 3 SYSTEMPATH\View\View.php(216): CodeIgniter\View\View->CodeIgniter\View\{closure}()
 4 SYSTEMPATH\Common.php(1135): CodeIgniter\View\View->render('product/product_edit', [], true)
 5 APPPATH\Controllers\Products.php(124): view('product/product_edit', [...])
 6 SYSTEMPATH\CodeIgniter.php(925): App\Controllers\Products->edit('FCPATH\\assets', 'dist', 'img', 'user1-128x128.jpg')
 7 SYSTEMPATH\CodeIgniter.php(480): CodeIgniter\CodeIgniter->runController(Object(App\Controllers\Products))
 8 SYSTEMPATH\CodeIgniter.php(349): CodeIgniter\CodeIgniter->handleRequest(null, Object(Config\Cache), false)
 9 FCPATH\index.php(67): CodeIgniter\CodeIgniter->run()
10 SYSTEMPATH\Commands\Server\rewrite.php(47): require_once('FCPATH\\index.php')
CRITICAL - 2022-12-29 17:26:36 --> Trying to access array offset on value of type null
in APPPATH\Views\product\product_edit.php on line 53.
 1 APPPATH\Views\product\product_edit.php(53): CodeIgniter\Debug\Exceptions->errorHandler(8, 'Trying to access array offset on value of type null', 'APPPATH\\Views\\product\\product_edit.php', 53, [...])
 2 SYSTEMPATH\View\View.php(213): include('APPPATH\\Views\\product\\product_edit.php')
 3 SYSTEMPATH\View\View.php(216): CodeIgniter\View\View->CodeIgniter\View\{closure}()
 4 SYSTEMPATH\Common.php(1135): CodeIgniter\View\View->render('product/product_edit', [], true)
 5 APPPATH\Controllers\Products.php(124): view('product/product_edit', [...])
 6 SYSTEMPATH\CodeIgniter.php(925): App\Controllers\Products->edit('FCPATH\\assets', 'dist', 'img', 'user8-128x128.jpg')
 7 SYSTEMPATH\CodeIgniter.php(480): CodeIgniter\CodeIgniter->runController(Object(App\Controllers\Products))
 8 SYSTEMPATH\CodeIgniter.php(349): CodeIgniter\CodeIgniter->handleRequest(null, Object(Config\Cache), false)
 9 FCPATH\index.php(67): CodeIgniter\CodeIgniter->run()
10 SYSTEMPATH\Commands\Server\rewrite.php(47): require_once('FCPATH\\index.php')
CRITICAL - 2022-12-29 17:26:36 --> Trying to access array offset on value of type null
in APPPATH\Views\product\product_edit.php on line 53.
 1 APPPATH\Views\product\product_edit.php(53): CodeIgniter\Debug\Exceptions->errorHandler(8, 'Trying to access array offset on value of type null', 'APPPATH\\Views\\product\\product_edit.php', 53, [...])
 2 SYSTEMPATH\View\View.php(213): include('APPPATH\\Views\\product\\product_edit.php')
 3 SYSTEMPATH\View\View.php(216): CodeIgniter\View\View->CodeIgniter\View\{closure}()
 4 SYSTEMPATH\Common.php(1135): CodeIgniter\View\View->render('product/product_edit', [], true)
 5 APPPATH\Controllers\Products.php(124): view('product/product_edit', [...])
 6 SYSTEMPATH\CodeIgniter.php(925): App\Controllers\Products->edit('FCPATH\\assets', 'dist', 'img', 'user3-128x128.jpg')
 7 SYSTEMPATH\CodeIgniter.php(480): CodeIgniter\CodeIgniter->runController(Object(App\Controllers\Products))
 8 SYSTEMPATH\CodeIgniter.php(349): CodeIgniter\CodeIgniter->handleRequest(null, Object(Config\Cache), false)
 9 FCPATH\index.php(67): CodeIgniter\CodeIgniter->run()
10 SYSTEMPATH\Commands\Server\rewrite.php(47): require_once('FCPATH\\index.php')
CRITICAL - 2022-12-29 17:28:02 --> Trying to access array offset on value of type null
in APPPATH\Views\product\product_edit.php on line 53.
 1 APPPATH\Views\product\product_edit.php(53): CodeIgniter\Debug\Exceptions->errorHandler(8, 'Trying to access array offset on value of type null', 'APPPATH\\Views\\product\\product_edit.php', 53, [...])
 2 SYSTEMPATH\View\View.php(213): include('APPPATH\\Views\\product\\product_edit.php')
 3 SYSTEMPATH\View\View.php(216): CodeIgniter\View\View->CodeIgniter\View\{closure}()
 4 SYSTEMPATH\Common.php(1135): CodeIgniter\View\View->render('product/product_edit', [], true)
 5 APPPATH\Controllers\Products.php(124): view('product/product_edit', [...])
 6 SYSTEMPATH\CodeIgniter.php(925): App\Controllers\Products->edit('FCPATH\\assets', 'dist', 'img', 'user1-128x128.jpg')
 7 SYSTEMPATH\CodeIgniter.php(480): CodeIgniter\CodeIgniter->runController(Object(App\Controllers\Products))
 8 SYSTEMPATH\CodeIgniter.php(349): CodeIgniter\CodeIgniter->handleRequest(null, Object(Config\Cache), false)
 9 FCPATH\index.php(67): CodeIgniter\CodeIgniter->run()
10 SYSTEMPATH\Commands\Server\rewrite.php(47): require_once('FCPATH\\index.php')
CRITICAL - 2022-12-29 17:28:03 --> Trying to access array offset on value of type null
in APPPATH\Views\product\product_edit.php on line 53.
 1 APPPATH\Views\product\product_edit.php(53): CodeIgniter\Debug\Exceptions->errorHandler(8, 'Trying to access array offset on value of type null', 'APPPATH\\Views\\product\\product_edit.php', 53, [...])
 2 SYSTEMPATH\View\View.php(213): include('APPPATH\\Views\\product\\product_edit.php')
 3 SYSTEMPATH\View\View.php(216): CodeIgniter\View\View->CodeIgniter\View\{closure}()
 4 SYSTEMPATH\Common.php(1135): CodeIgniter\View\View->render('product/product_edit', [], true)
 5 APPPATH\Controllers\Products.php(124): view('product/product_edit', [...])
 6 SYSTEMPATH\CodeIgniter.php(925): App\Controllers\Products->edit('FCPATH\\assets', 'dist', 'img', 'user8-128x128.jpg')
 7 SYSTEMPATH\CodeIgniter.php(480): CodeIgniter\CodeIgniter->runController(Object(App\Controllers\Products))
 8 SYSTEMPATH\CodeIgniter.php(349): CodeIgniter\CodeIgniter->handleRequest(null, Object(Config\Cache), false)
 9 FCPATH\index.php(67): CodeIgniter\CodeIgniter->run()
10 SYSTEMPATH\Commands\Server\rewrite.php(47): require_once('FCPATH\\index.php')
CRITICAL - 2022-12-29 17:28:03 --> Trying to access array offset on value of type null
in APPPATH\Views\product\product_edit.php on line 53.
 1 APPPATH\Views\product\product_edit.php(53): CodeIgniter\Debug\Exceptions->errorHandler(8, 'Trying to access array offset on value of type null', 'APPPATH\\Views\\product\\product_edit.php', 53, [...])
 2 SYSTEMPATH\View\View.php(213): include('APPPATH\\Views\\product\\product_edit.php')
 3 SYSTEMPATH\View\View.php(216): CodeIgniter\View\View->CodeIgniter\View\{closure}()
 4 SYSTEMPATH\Common.php(1135): CodeIgniter\View\View->render('product/product_edit', [], true)
 5 APPPATH\Controllers\Products.php(124): view('product/product_edit', [...])
 6 SYSTEMPATH\CodeIgniter.php(925): App\Controllers\Products->edit('FCPATH\\assets', 'dist', 'img', 'user3-128x128.jpg')
 7 SYSTEMPATH\CodeIgniter.php(480): CodeIgniter\CodeIgniter->runController(Object(App\Controllers\Products))
 8 SYSTEMPATH\CodeIgniter.php(349): CodeIgniter\CodeIgniter->handleRequest(null, Object(Config\Cache), false)
 9 FCPATH\index.php(67): CodeIgniter\CodeIgniter->run()
10 SYSTEMPATH\Commands\Server\rewrite.php(47): require_once('FCPATH\\index.php')
CRITICAL - 2022-12-29 17:31:33 --> Trying to access array offset on value of type null
in APPPATH\Views\product\product_edit.php on line 53.
 1 APPPATH\Views\product\product_edit.php(53): CodeIgniter\Debug\Exceptions->errorHandler(8, 'Trying to access array offset on value of type null', 'APPPATH\\Views\\product\\product_edit.php', 53, [...])
 2 SYSTEMPATH\View\View.php(213): include('APPPATH\\Views\\product\\product_edit.php')
 3 SYSTEMPATH\View\View.php(216): CodeIgniter\View\View->CodeIgniter\View\{closure}()
 4 SYSTEMPATH\Common.php(1135): CodeIgniter\View\View->render('product/product_edit', [], true)
 5 APPPATH\Controllers\Products.php(124): view('product/product_edit', [...])
 6 SYSTEMPATH\CodeIgniter.php(925): App\Controllers\Products->edit('FCPATH\\assets', 'dist', 'img', 'user1-128x128.jpg')
 7 SYSTEMPATH\CodeIgniter.php(480): CodeIgniter\CodeIgniter->runController(Object(App\Controllers\Products))
 8 SYSTEMPATH\CodeIgniter.php(349): CodeIgniter\CodeIgniter->handleRequest(null, Object(Config\Cache), false)
 9 FCPATH\index.php(67): CodeIgniter\CodeIgniter->run()
10 SYSTEMPATH\Commands\Server\rewrite.php(47): require_once('FCPATH\\index.php')
CRITICAL - 2022-12-29 17:31:34 --> Trying to access array offset on value of type null
in APPPATH\Views\product\product_edit.php on line 53.
 1 APPPATH\Views\product\product_edit.php(53): CodeIgniter\Debug\Exceptions->errorHandler(8, 'Trying to access array offset on value of type null', 'APPPATH\\Views\\product\\product_edit.php', 53, [...])
 2 SYSTEMPATH\View\View.php(213): include('APPPATH\\Views\\product\\product_edit.php')
 3 SYSTEMPATH\View\View.php(216): CodeIgniter\View\View->CodeIgniter\View\{closure}()
 4 SYSTEMPATH\Common.php(1135): CodeIgniter\View\View->render('product/product_edit', [], true)
 5 APPPATH\Controllers\Products.php(124): view('product/product_edit', [...])
 6 SYSTEMPATH\CodeIgniter.php(925): App\Controllers\Products->edit('FCPATH\\assets', 'dist', 'img', 'user8-128x128.jpg')
 7 SYSTEMPATH\CodeIgniter.php(480): CodeIgniter\CodeIgniter->runController(Object(App\Controllers\Products))
 8 SYSTEMPATH\CodeIgniter.php(349): CodeIgniter\CodeIgniter->handleRequest(null, Object(Config\Cache), false)
 9 FCPATH\index.php(67): CodeIgniter\CodeIgniter->run()
10 SYSTEMPATH\Commands\Server\rewrite.php(47): require_once('FCPATH\\index.php')
CRITICAL - 2022-12-29 17:31:34 --> Trying to access array offset on value of type null
in APPPATH\Views\product\product_edit.php on line 53.
 1 APPPATH\Views\product\product_edit.php(53): CodeIgniter\Debug\Exceptions->errorHandler(8, 'Trying to access array offset on value of type null', 'APPPATH\\Views\\product\\product_edit.php', 53, [...])
 2 SYSTEMPATH\View\View.php(213): include('APPPATH\\Views\\product\\product_edit.php')
 3 SYSTEMPATH\View\View.php(216): CodeIgniter\View\View->CodeIgniter\View\{closure}()
 4 SYSTEMPATH\Common.php(1135): CodeIgniter\View\View->render('product/product_edit', [], true)
 5 APPPATH\Controllers\Products.php(124): view('product/product_edit', [...])
 6 SYSTEMPATH\CodeIgniter.php(925): App\Controllers\Products->edit('FCPATH\\assets', 'dist', 'img', 'user3-128x128.jpg')
 7 SYSTEMPATH\CodeIgniter.php(480): CodeIgniter\CodeIgniter->runController(Object(App\Controllers\Products))
 8 SYSTEMPATH\CodeIgniter.php(349): CodeIgniter\CodeIgniter->handleRequest(null, Object(Config\Cache), false)
 9 FCPATH\index.php(67): CodeIgniter\CodeIgniter->run()
10 SYSTEMPATH\Commands\Server\rewrite.php(47): require_once('FCPATH\\index.php')
CRITICAL - 2022-12-29 17:31:52 --> Trying to access array offset on value of type null
in APPPATH\Views\product\product_edit.php on line 53.
 1 APPPATH\Views\product\product_edit.php(53): CodeIgniter\Debug\Exceptions->errorHandler(8, 'Trying to access array offset on value of type null', 'APPPATH\\Views\\product\\product_edit.php', 53, [...])
 2 SYSTEMPATH\View\View.php(213): include('APPPATH\\Views\\product\\product_edit.php')
 3 SYSTEMPATH\View\View.php(216): CodeIgniter\View\View->CodeIgniter\View\{closure}()
 4 SYSTEMPATH\Common.php(1135): CodeIgniter\View\View->render('product/product_edit', [], true)
 5 APPPATH\Controllers\Products.php(124): view('product/product_edit', [...])
 6 SYSTEMPATH\CodeIgniter.php(925): App\Controllers\Products->edit('FCPATH\\assets', 'dist', 'img', 'user1-128x128.jpg')
 7 SYSTEMPATH\CodeIgniter.php(480): CodeIgniter\CodeIgniter->runController(Object(App\Controllers\Products))
 8 SYSTEMPATH\CodeIgniter.php(349): CodeIgniter\CodeIgniter->handleRequest(null, Object(Config\Cache), false)
 9 FCPATH\index.php(67): CodeIgniter\CodeIgniter->run()
10 SYSTEMPATH\Commands\Server\rewrite.php(47): require_once('FCPATH\\index.php')
CRITICAL - 2022-12-29 17:31:52 --> Trying to access array offset on value of type null
in APPPATH\Views\product\product_edit.php on line 53.
 1 APPPATH\Views\product\product_edit.php(53): CodeIgniter\Debug\Exceptions->errorHandler(8, 'Trying to access array offset on value of type null', 'APPPATH\\Views\\product\\product_edit.php', 53, [...])
 2 SYSTEMPATH\View\View.php(213): include('APPPATH\\Views\\product\\product_edit.php')
 3 SYSTEMPATH\View\View.php(216): CodeIgniter\View\View->CodeIgniter\View\{closure}()
 4 SYSTEMPATH\Common.php(1135): CodeIgniter\View\View->render('product/product_edit', [], true)
 5 APPPATH\Controllers\Products.php(124): view('product/product_edit', [...])
 6 SYSTEMPATH\CodeIgniter.php(925): App\Controllers\Products->edit('FCPATH\\assets', 'dist', 'img', 'user8-128x128.jpg')
 7 SYSTEMPATH\CodeIgniter.php(480): CodeIgniter\CodeIgniter->runController(Object(App\Controllers\Products))
 8 SYSTEMPATH\CodeIgniter.php(349): CodeIgniter\CodeIgniter->handleRequest(null, Object(Config\Cache), false)
 9 FCPATH\index.php(67): CodeIgniter\CodeIgniter->run()
10 SYSTEMPATH\Commands\Server\rewrite.php(47): require_once('FCPATH\\index.php')
CRITICAL - 2022-12-29 17:31:52 --> Trying to access array offset on value of type null
in APPPATH\Views\product\product_edit.php on line 53.
 1 APPPATH\Views\product\product_edit.php(53): CodeIgniter\Debug\Exceptions->errorHandler(8, 'Trying to access array offset on value of type null', 'APPPATH\\Views\\product\\product_edit.php', 53, [...])
 2 SYSTEMPATH\View\View.php(213): include('APPPATH\\Views\\product\\product_edit.php')
 3 SYSTEMPATH\View\View.php(216): CodeIgniter\View\View->CodeIgniter\View\{closure}()
 4 SYSTEMPATH\Common.php(1135): CodeIgniter\View\View->render('product/product_edit', [], true)
 5 APPPATH\Controllers\Products.php(124): view('product/product_edit', [...])
 6 SYSTEMPATH\CodeIgniter.php(925): App\Controllers\Products->edit('FCPATH\\assets', 'dist', 'img', 'user3-128x128.jpg')
 7 SYSTEMPATH\CodeIgniter.php(480): CodeIgniter\CodeIgniter->runController(Object(App\Controllers\Products))
 8 SYSTEMPATH\CodeIgniter.php(349): CodeIgniter\CodeIgniter->handleRequest(null, Object(Config\Cache), false)
 9 FCPATH\index.php(67): CodeIgniter\CodeIgniter->run()
10 SYSTEMPATH\Commands\Server\rewrite.php(47): require_once('FCPATH\\index.php')
CRITICAL - 2022-12-29 17:32:07 --> Trying to access array offset on value of type null
in APPPATH\Views\product\product_edit.php on line 53.
 1 APPPATH\Views\product\product_edit.php(53): CodeIgniter\Debug\Exceptions->errorHandler(8, 'Trying to access array offset on value of type null', 'APPPATH\\Views\\product\\product_edit.php', 53, [...])
 2 SYSTEMPATH\View\View.php(213): include('APPPATH\\Views\\product\\product_edit.php')
 3 SYSTEMPATH\View\View.php(216): CodeIgniter\View\View->CodeIgniter\View\{closure}()
 4 SYSTEMPATH\Common.php(1135): CodeIgniter\View\View->render('product/product_edit', [], true)
 5 APPPATH\Controllers\Products.php(124): view('product/product_edit', [...])
 6 SYSTEMPATH\CodeIgniter.php(925): App\Controllers\Products->edit('FCPATH\\assets', 'dist', 'img', 'user1-128x128.jpg')
 7 SYSTEMPATH\CodeIgniter.php(480): CodeIgniter\CodeIgniter->runController(Object(App\Controllers\Products))
 8 SYSTEMPATH\CodeIgniter.php(349): CodeIgniter\CodeIgniter->handleRequest(null, Object(Config\Cache), false)
 9 FCPATH\index.php(67): CodeIgniter\CodeIgniter->run()
10 SYSTEMPATH\Commands\Server\rewrite.php(47): require_once('FCPATH\\index.php')
CRITICAL - 2022-12-29 17:32:08 --> Trying to access array offset on value of type null
in APPPATH\Views\product\product_edit.php on line 53.
 1 APPPATH\Views\product\product_edit.php(53): CodeIgniter\Debug\Exceptions->errorHandler(8, 'Trying to access array offset on value of type null', 'APPPATH\\Views\\product\\product_edit.php', 53, [...])
 2 SYSTEMPATH\View\View.php(213): include('APPPATH\\Views\\product\\product_edit.php')
 3 SYSTEMPATH\View\View.php(216): CodeIgniter\View\View->CodeIgniter\View\{closure}()
 4 SYSTEMPATH\Common.php(1135): CodeIgniter\View\View->render('product/product_edit', [], true)
 5 APPPATH\Controllers\Products.php(124): view('product/product_edit', [...])
 6 SYSTEMPATH\CodeIgniter.php(925): App\Controllers\Products->edit('FCPATH\\assets', 'dist', 'img', 'user8-128x128.jpg')
 7 SYSTEMPATH\CodeIgniter.php(480): CodeIgniter\CodeIgniter->runController(Object(App\Controllers\Products))
 8 SYSTEMPATH\CodeIgniter.php(349): CodeIgniter\CodeIgniter->handleRequest(null, Object(Config\Cache), false)
 9 FCPATH\index.php(67): CodeIgniter\CodeIgniter->run()
10 SYSTEMPATH\Commands\Server\rewrite.php(47): require_once('FCPATH\\index.php')
CRITICAL - 2022-12-29 17:32:08 --> Trying to access array offset on value of type null
in APPPATH\Views\product\product_edit.php on line 53.
 1 APPPATH\Views\product\product_edit.php(53): CodeIgniter\Debug\Exceptions->errorHandler(8, 'Trying to access array offset on value of type null', 'APPPATH\\Views\\product\\product_edit.php', 53, [...])
 2 SYSTEMPATH\View\View.php(213): include('APPPATH\\Views\\product\\product_edit.php')
 3 SYSTEMPATH\View\View.php(216): CodeIgniter\View\View->CodeIgniter\View\{closure}()
 4 SYSTEMPATH\Common.php(1135): CodeIgniter\View\View->render('product/product_edit', [], true)
 5 APPPATH\Controllers\Products.php(124): view('product/product_edit', [...])
 6 SYSTEMPATH\CodeIgniter.php(925): App\Controllers\Products->edit('FCPATH\\assets', 'dist', 'img', 'user3-128x128.jpg')
 7 SYSTEMPATH\CodeIgniter.php(480): CodeIgniter\CodeIgniter->runController(Object(App\Controllers\Products))
 8 SYSTEMPATH\CodeIgniter.php(349): CodeIgniter\CodeIgniter->handleRequest(null, Object(Config\Cache), false)
 9 FCPATH\index.php(67): CodeIgniter\CodeIgniter->run()
10 SYSTEMPATH\Commands\Server\rewrite.php(47): require_once('FCPATH\\index.php')
CRITICAL - 2022-12-29 17:33:07 --> Trying to access array offset on value of type null
in APPPATH\Views\product\product_edit.php on line 53.
 1 APPPATH\Views\product\product_edit.php(53): CodeIgniter\Debug\Exceptions->errorHandler(8, 'Trying to access array offset on value of type null', 'APPPATH\\Views\\product\\product_edit.php', 53, [...])
 2 SYSTEMPATH\View\View.php(213): include('APPPATH\\Views\\product\\product_edit.php')
 3 SYSTEMPATH\View\View.php(216): CodeIgniter\View\View->CodeIgniter\View\{closure}()
 4 SYSTEMPATH\Common.php(1135): CodeIgniter\View\View->render('product/product_edit', [], true)
 5 APPPATH\Controllers\Products.php(124): view('product/product_edit', [...])
 6 SYSTEMPATH\CodeIgniter.php(925): App\Controllers\Products->edit('FCPATH\\assets', 'dist', 'img', 'user1-128x128.jpg')
 7 SYSTEMPATH\CodeIgniter.php(480): CodeIgniter\CodeIgniter->runController(Object(App\Controllers\Products))
 8 SYSTEMPATH\CodeIgniter.php(349): CodeIgniter\CodeIgniter->handleRequest(null, Object(Config\Cache), false)
 9 FCPATH\index.php(67): CodeIgniter\CodeIgniter->run()
10 SYSTEMPATH\Commands\Server\rewrite.php(47): require_once('FCPATH\\index.php')
CRITICAL - 2022-12-29 17:33:08 --> Trying to access array offset on value of type null
in APPPATH\Views\product\product_edit.php on line 53.
 1 APPPATH\Views\product\product_edit.php(53): CodeIgniter\Debug\Exceptions->errorHandler(8, 'Trying to access array offset on value of type null', 'APPPATH\\Views\\product\\product_edit.php', 53, [...])
 2 SYSTEMPATH\View\View.php(213): include('APPPATH\\Views\\product\\product_edit.php')
 3 SYSTEMPATH\View\View.php(216): CodeIgniter\View\View->CodeIgniter\View\{closure}()
 4 SYSTEMPATH\Common.php(1135): CodeIgniter\View\View->render('product/product_edit', [], true)
 5 APPPATH\Controllers\Products.php(124): view('product/product_edit', [...])
 6 SYSTEMPATH\CodeIgniter.php(925): App\Controllers\Products->edit('FCPATH\\assets', 'dist', 'img', 'user8-128x128.jpg')
 7 SYSTEMPATH\CodeIgniter.php(480): CodeIgniter\CodeIgniter->runController(Object(App\Controllers\Products))
 8 SYSTEMPATH\CodeIgniter.php(349): CodeIgniter\CodeIgniter->handleRequest(null, Object(Config\Cache), false)
 9 FCPATH\index.php(67): CodeIgniter\CodeIgniter->run()
10 SYSTEMPATH\Commands\Server\rewrite.php(47): require_once('FCPATH\\index.php')
CRITICAL - 2022-12-29 17:33:08 --> Trying to access array offset on value of type null
in APPPATH\Views\product\product_edit.php on line 53.
 1 APPPATH\Views\product\product_edit.php(53): CodeIgniter\Debug\Exceptions->errorHandler(8, 'Trying to access array offset on value of type null', 'APPPATH\\Views\\product\\product_edit.php', 53, [...])
 2 SYSTEMPATH\View\View.php(213): include('APPPATH\\Views\\product\\product_edit.php')
 3 SYSTEMPATH\View\View.php(216): CodeIgniter\View\View->CodeIgniter\View\{closure}()
 4 SYSTEMPATH\Common.php(1135): CodeIgniter\View\View->render('product/product_edit', [], true)
 5 APPPATH\Controllers\Products.php(124): view('product/product_edit', [...])
 6 SYSTEMPATH\CodeIgniter.php(925): App\Controllers\Products->edit('FCPATH\\assets', 'dist', 'img', 'user3-128x128.jpg')
 7 SYSTEMPATH\CodeIgniter.php(480): CodeIgniter\CodeIgniter->runController(Object(App\Controllers\Products))
 8 SYSTEMPATH\CodeIgniter.php(349): CodeIgniter\CodeIgniter->handleRequest(null, Object(Config\Cache), false)
 9 FCPATH\index.php(67): CodeIgniter\CodeIgniter->run()
10 SYSTEMPATH\Commands\Server\rewrite.php(47): require_once('FCPATH\\index.php')
CRITICAL - 2022-12-29 17:33:16 --> Trying to access array offset on value of type null
in APPPATH\Views\product\product_edit.php on line 53.
 1 APPPATH\Views\product\product_edit.php(53): CodeIgniter\Debug\Exceptions->errorHandler(8, 'Trying to access array offset on value of type null', 'APPPATH\\Views\\product\\product_edit.php', 53, [...])
 2 SYSTEMPATH\View\View.php(213): include('APPPATH\\Views\\product\\product_edit.php')
 3 SYSTEMPATH\View\View.php(216): CodeIgniter\View\View->CodeIgniter\View\{closure}()
 4 SYSTEMPATH\Common.php(1135): CodeIgniter\View\View->render('product/product_edit', [], true)
 5 APPPATH\Controllers\Products.php(124): view('product/product_edit', [...])
 6 SYSTEMPATH\CodeIgniter.php(925): App\Controllers\Products->edit('FCPATH\\assets', 'dist', 'img', 'user1-128x128.jpg')
 7 SYSTEMPATH\CodeIgniter.php(480): CodeIgniter\CodeIgniter->runController(Object(App\Controllers\Products))
 8 SYSTEMPATH\CodeIgniter.php(349): CodeIgniter\CodeIgniter->handleRequest(null, Object(Config\Cache), false)
 9 FCPATH\index.php(67): CodeIgniter\CodeIgniter->run()
10 SYSTEMPATH\Commands\Server\rewrite.php(47): require_once('FCPATH\\index.php')
CRITICAL - 2022-12-29 17:33:16 --> Trying to access array offset on value of type null
in APPPATH\Views\product\product_edit.php on line 53.
 1 APPPATH\Views\product\product_edit.php(53): CodeIgniter\Debug\Exceptions->errorHandler(8, 'Trying to access array offset on value of type null', 'APPPATH\\Views\\product\\product_edit.php', 53, [...])
 2 SYSTEMPATH\View\View.php(213): include('APPPATH\\Views\\product\\product_edit.php')
 3 SYSTEMPATH\View\View.php(216): CodeIgniter\View\View->CodeIgniter\View\{closure}()
 4 SYSTEMPATH\Common.php(1135): CodeIgniter\View\View->render('product/product_edit', [], true)
 5 APPPATH\Controllers\Products.php(124): view('product/product_edit', [...])
 6 SYSTEMPATH\CodeIgniter.php(925): App\Controllers\Products->edit('FCPATH\\assets', 'dist', 'img', 'user8-128x128.jpg')
 7 SYSTEMPATH\CodeIgniter.php(480): CodeIgniter\CodeIgniter->runController(Object(App\Controllers\Products))
 8 SYSTEMPATH\CodeIgniter.php(349): CodeIgniter\CodeIgniter->handleRequest(null, Object(Config\Cache), false)
 9 FCPATH\index.php(67): CodeIgniter\CodeIgniter->run()
10 SYSTEMPATH\Commands\Server\rewrite.php(47): require_once('FCPATH\\index.php')
CRITICAL - 2022-12-29 17:33:16 --> Trying to access array offset on value of type null
in APPPATH\Views\product\product_edit.php on line 53.
 1 APPPATH\Views\product\product_edit.php(53): CodeIgniter\Debug\Exceptions->errorHandler(8, 'Trying to access array offset on value of type null', 'APPPATH\\Views\\product\\product_edit.php', 53, [...])
 2 SYSTEMPATH\View\View.php(213): include('APPPATH\\Views\\product\\product_edit.php')
 3 SYSTEMPATH\View\View.php(216): CodeIgniter\View\View->CodeIgniter\View\{closure}()
 4 SYSTEMPATH\Common.php(1135): CodeIgniter\View\View->render('product/product_edit', [], true)
 5 APPPATH\Controllers\Products.php(124): view('product/product_edit', [...])
 6 SYSTEMPATH\CodeIgniter.php(925): App\Controllers\Products->edit('FCPATH\\assets', 'dist', 'img', 'user3-128x128.jpg')
 7 SYSTEMPATH\CodeIgniter.php(480): CodeIgniter\CodeIgniter->runController(Object(App\Controllers\Products))
 8 SYSTEMPATH\CodeIgniter.php(349): CodeIgniter\CodeIgniter->handleRequest(null, Object(Config\Cache), false)
 9 FCPATH\index.php(67): CodeIgniter\CodeIgniter->run()
10 SYSTEMPATH\Commands\Server\rewrite.php(47): require_once('FCPATH\\index.php')
CRITICAL - 2022-12-29 17:33:53 --> Trying to access array offset on value of type null
in APPPATH\Views\product\product_edit.php on line 53.
 1 APPPATH\Views\product\product_edit.php(53): CodeIgniter\Debug\Exceptions->errorHandler(8, 'Trying to access array offset on value of type null', 'APPPATH\\Views\\product\\product_edit.php', 53, [...])
 2 SYSTEMPATH\View\View.php(213): include('APPPATH\\Views\\product\\product_edit.php')
 3 SYSTEMPATH\View\View.php(216): CodeIgniter\View\View->CodeIgniter\View\{closure}()
 4 SYSTEMPATH\Common.php(1135): CodeIgniter\View\View->render('product/product_edit', [], true)
 5 APPPATH\Controllers\Products.php(124): view('product/product_edit', [...])
 6 SYSTEMPATH\CodeIgniter.php(925): App\Controllers\Products->edit('FCPATH\\assets', 'dist', 'img', 'user1-128x128.jpg')
 7 SYSTEMPATH\CodeIgniter.php(480): CodeIgniter\CodeIgniter->runController(Object(App\Controllers\Products))
 8 SYSTEMPATH\CodeIgniter.php(349): CodeIgniter\CodeIgniter->handleRequest(null, Object(Config\Cache), false)
 9 FCPATH\index.php(67): CodeIgniter\CodeIgniter->run()
10 SYSTEMPATH\Commands\Server\rewrite.php(47): require_once('FCPATH\\index.php')
CRITICAL - 2022-12-29 17:33:54 --> Trying to access array offset on value of type null
in APPPATH\Views\product\product_edit.php on line 53.
 1 APPPATH\Views\product\product_edit.php(53): CodeIgniter\Debug\Exceptions->errorHandler(8, 'Trying to access array offset on value of type null', 'APPPATH\\Views\\product\\product_edit.php', 53, [...])
 2 SYSTEMPATH\View\View.php(213): include('APPPATH\\Views\\product\\product_edit.php')
 3 SYSTEMPATH\View\View.php(216): CodeIgniter\View\View->CodeIgniter\View\{closure}()
 4 SYSTEMPATH\Common.php(1135): CodeIgniter\View\View->render('product/product_edit', [], true)
 5 APPPATH\Controllers\Products.php(124): view('product/product_edit', [...])
 6 SYSTEMPATH\CodeIgniter.php(925): App\Controllers\Products->edit('FCPATH\\assets', 'dist', 'img', 'user8-128x128.jpg')
 7 SYSTEMPATH\CodeIgniter.php(480): CodeIgniter\CodeIgniter->runController(Object(App\Controllers\Products))
 8 SYSTEMPATH\CodeIgniter.php(349): CodeIgniter\CodeIgniter->handleRequest(null, Object(Config\Cache), false)
 9 FCPATH\index.php(67): CodeIgniter\CodeIgniter->run()
10 SYSTEMPATH\Commands\Server\rewrite.php(47): require_once('FCPATH\\index.php')
CRITICAL - 2022-12-29 17:33:54 --> Trying to access array offset on value of type null
in APPPATH\Views\product\product_edit.php on line 53.
 1 APPPATH\Views\product\product_edit.php(53): CodeIgniter\Debug\Exceptions->errorHandler(8, 'Trying to access array offset on value of type null', 'APPPATH\\Views\\product\\product_edit.php', 53, [...])
 2 SYSTEMPATH\View\View.php(213): include('APPPATH\\Views\\product\\product_edit.php')
 3 SYSTEMPATH\View\View.php(216): CodeIgniter\View\View->CodeIgniter\View\{closure}()
 4 SYSTEMPATH\Common.php(1135): CodeIgniter\View\View->render('product/product_edit', [], true)
 5 APPPATH\Controllers\Products.php(124): view('product/product_edit', [...])
 6 SYSTEMPATH\CodeIgniter.php(925): App\Controllers\Products->edit('FCPATH\\assets', 'dist', 'img', 'user3-128x128.jpg')
 7 SYSTEMPATH\CodeIgniter.php(480): CodeIgniter\CodeIgniter->runController(Object(App\Controllers\Products))
 8 SYSTEMPATH\CodeIgniter.php(349): CodeIgniter\CodeIgniter->handleRequest(null, Object(Config\Cache), false)
 9 FCPATH\index.php(67): CodeIgniter\CodeIgniter->run()
10 SYSTEMPATH\Commands\Server\rewrite.php(47): require_once('FCPATH\\index.php')
CRITICAL - 2022-12-29 17:34:07 --> Call to a member function move() on null
in APPPATH\Controllers\Products.php on line 148.
 1 SYSTEMPATH\CodeIgniter.php(925): App\Controllers\Products->update('24')
 2 SYSTEMPATH\CodeIgniter.php(480): CodeIgniter\CodeIgniter->runController(Object(App\Controllers\Products))
 3 SYSTEMPATH\CodeIgniter.php(349): CodeIgniter\CodeIgniter->handleRequest(null, Object(Config\Cache), false)
 4 FCPATH\index.php(67): CodeIgniter\CodeIgniter->run()
 5 SYSTEMPATH\Commands\Server\rewrite.php(47): require_once('FCPATH\\index.php')
CRITICAL - 2022-12-29 17:37:18 --> Trying to access array offset on value of type null
in APPPATH\Views\product\product_edit.php on line 53.
 1 APPPATH\Views\product\product_edit.php(53): CodeIgniter\Debug\Exceptions->errorHandler(8, 'Trying to access array offset on value of type null', 'APPPATH\\Views\\product\\product_edit.php', 53, [...])
 2 SYSTEMPATH\View\View.php(213): include('APPPATH\\Views\\product\\product_edit.php')
 3 SYSTEMPATH\View\View.php(216): CodeIgniter\View\View->CodeIgniter\View\{closure}()
 4 SYSTEMPATH\Common.php(1135): CodeIgniter\View\View->render('product/product_edit', [], true)
 5 APPPATH\Controllers\Products.php(124): view('product/product_edit', [...])
 6 SYSTEMPATH\CodeIgniter.php(925): App\Controllers\Products->edit('FCPATH\\assets', 'dist', 'img', 'user1-128x128.jpg')
 7 SYSTEMPATH\CodeIgniter.php(480): CodeIgniter\CodeIgniter->runController(Object(App\Controllers\Products))
 8 SYSTEMPATH\CodeIgniter.php(349): CodeIgniter\CodeIgniter->handleRequest(null, Object(Config\Cache), false)
 9 FCPATH\index.php(67): CodeIgniter\CodeIgniter->run()
10 SYSTEMPATH\Commands\Server\rewrite.php(47): require_once('FCPATH\\index.php')
CRITICAL - 2022-12-29 17:37:18 --> Trying to access array offset on value of type null
in APPPATH\Views\product\product_edit.php on line 53.
 1 APPPATH\Views\product\product_edit.php(53): CodeIgniter\Debug\Exceptions->errorHandler(8, 'Trying to access array offset on value of type null', 'APPPATH\\Views\\product\\product_edit.php', 53, [...])
 2 SYSTEMPATH\View\View.php(213): include('APPPATH\\Views\\product\\product_edit.php')
 3 SYSTEMPATH\View\View.php(216): CodeIgniter\View\View->CodeIgniter\View\{closure}()
 4 SYSTEMPATH\Common.php(1135): CodeIgniter\View\View->render('product/product_edit', [], true)
 5 APPPATH\Controllers\Products.php(124): view('product/product_edit', [...])
 6 SYSTEMPATH\CodeIgniter.php(925): App\Controllers\Products->edit('FCPATH\\assets', 'dist', 'img', 'user8-128x128.jpg')
 7 SYSTEMPATH\CodeIgniter.php(480): CodeIgniter\CodeIgniter->runController(Object(App\Controllers\Products))
 8 SYSTEMPATH\CodeIgniter.php(349): CodeIgniter\CodeIgniter->handleRequest(null, Object(Config\Cache), false)
 9 FCPATH\index.php(67): CodeIgniter\CodeIgniter->run()
10 SYSTEMPATH\Commands\Server\rewrite.php(47): require_once('FCPATH\\index.php')
CRITICAL - 2022-12-29 17:37:18 --> Trying to access array offset on value of type null
in APPPATH\Views\product\product_edit.php on line 53.
 1 APPPATH\Views\product\product_edit.php(53): CodeIgniter\Debug\Exceptions->errorHandler(8, 'Trying to access array offset on value of type null', 'APPPATH\\Views\\product\\product_edit.php', 53, [...])
 2 SYSTEMPATH\View\View.php(213): include('APPPATH\\Views\\product\\product_edit.php')
 3 SYSTEMPATH\View\View.php(216): CodeIgniter\View\View->CodeIgniter\View\{closure}()
 4 SYSTEMPATH\Common.php(1135): CodeIgniter\View\View->render('product/product_edit', [], true)
 5 APPPATH\Controllers\Products.php(124): view('product/product_edit', [...])
 6 SYSTEMPATH\CodeIgniter.php(925): App\Controllers\Products->edit('FCPATH\\assets', 'dist', 'img', 'user3-128x128.jpg')
 7 SYSTEMPATH\CodeIgniter.php(480): CodeIgniter\CodeIgniter->runController(Object(App\Controllers\Products))
 8 SYSTEMPATH\CodeIgniter.php(349): CodeIgniter\CodeIgniter->handleRequest(null, Object(Config\Cache), false)
 9 FCPATH\index.php(67): CodeIgniter\CodeIgniter->run()
10 SYSTEMPATH\Commands\Server\rewrite.php(47): require_once('FCPATH\\index.php')
CRITICAL - 2022-12-29 17:37:26 --> Trying to access array offset on value of type null
in APPPATH\Views\product\product_edit.php on line 53.
 1 APPPATH\Views\product\product_edit.php(53): CodeIgniter\Debug\Exceptions->errorHandler(8, 'Trying to access array offset on value of type null', 'APPPATH\\Views\\product\\product_edit.php', 53, [...])
 2 SYSTEMPATH\View\View.php(213): include('APPPATH\\Views\\product\\product_edit.php')
 3 SYSTEMPATH\View\View.php(216): CodeIgniter\View\View->CodeIgniter\View\{closure}()
 4 SYSTEMPATH\Common.php(1135): CodeIgniter\View\View->render('product/product_edit', [], true)
 5 APPPATH\Controllers\Products.php(124): view('product/product_edit', [...])
 6 SYSTEMPATH\CodeIgniter.php(925): App\Controllers\Products->edit('FCPATH\\assets', 'dist', 'img', 'user1-128x128.jpg')
 7 SYSTEMPATH\CodeIgniter.php(480): CodeIgniter\CodeIgniter->runController(Object(App\Controllers\Products))
 8 SYSTEMPATH\CodeIgniter.php(349): CodeIgniter\CodeIgniter->handleRequest(null, Object(Config\Cache), false)
 9 FCPATH\index.php(67): CodeIgniter\CodeIgniter->run()
10 SYSTEMPATH\Commands\Server\rewrite.php(47): require_once('FCPATH\\index.php')
CRITICAL - 2022-12-29 17:37:26 --> Trying to access array offset on value of type null
in APPPATH\Views\product\product_edit.php on line 53.
 1 APPPATH\Views\product\product_edit.php(53): CodeIgniter\Debug\Exceptions->errorHandler(8, 'Trying to access array offset on value of type null', 'APPPATH\\Views\\product\\product_edit.php', 53, [...])
 2 SYSTEMPATH\View\View.php(213): include('APPPATH\\Views\\product\\product_edit.php')
 3 SYSTEMPATH\View\View.php(216): CodeIgniter\View\View->CodeIgniter\View\{closure}()
 4 SYSTEMPATH\Common.php(1135): CodeIgniter\View\View->render('product/product_edit', [], true)
 5 APPPATH\Controllers\Products.php(124): view('product/product_edit', [...])
 6 SYSTEMPATH\CodeIgniter.php(925): App\Controllers\Products->edit('FCPATH\\assets', 'dist', 'img', 'user8-128x128.jpg')
 7 SYSTEMPATH\CodeIgniter.php(480): CodeIgniter\CodeIgniter->runController(Object(App\Controllers\Products))
 8 SYSTEMPATH\CodeIgniter.php(349): CodeIgniter\CodeIgniter->handleRequest(null, Object(Config\Cache), false)
 9 FCPATH\index.php(67): CodeIgniter\CodeIgniter->run()
10 SYSTEMPATH\Commands\Server\rewrite.php(47): require_once('FCPATH\\index.php')
CRITICAL - 2022-12-29 17:37:26 --> Trying to access array offset on value of type null
in APPPATH\Views\product\product_edit.php on line 53.
 1 APPPATH\Views\product\product_edit.php(53): CodeIgniter\Debug\Exceptions->errorHandler(8, 'Trying to access array offset on value of type null', 'APPPATH\\Views\\product\\product_edit.php', 53, [...])
 2 SYSTEMPATH\View\View.php(213): include('APPPATH\\Views\\product\\product_edit.php')
 3 SYSTEMPATH\View\View.php(216): CodeIgniter\View\View->CodeIgniter\View\{closure}()
 4 SYSTEMPATH\Common.php(1135): CodeIgniter\View\View->render('product/product_edit', [], true)
 5 APPPATH\Controllers\Products.php(124): view('product/product_edit', [...])
 6 SYSTEMPATH\CodeIgniter.php(925): App\Controllers\Products->edit('FCPATH\\assets', 'dist', 'img', 'user3-128x128.jpg')
 7 SYSTEMPATH\CodeIgniter.php(480): CodeIgniter\CodeIgniter->runController(Object(App\Controllers\Products))
 8 SYSTEMPATH\CodeIgniter.php(349): CodeIgniter\CodeIgniter->handleRequest(null, Object(Config\Cache), false)
 9 FCPATH\index.php(67): CodeIgniter\CodeIgniter->run()
10 SYSTEMPATH\Commands\Server\rewrite.php(47): require_once('FCPATH\\index.php')
CRITICAL - 2022-12-29 17:39:38 --> Trying to access array offset on value of type null
in APPPATH\Views\product\product_edit.php on line 53.
 1 APPPATH\Views\product\product_edit.php(53): CodeIgniter\Debug\Exceptions->errorHandler(8, 'Trying to access array offset on value of type null', 'APPPATH\\Views\\product\\product_edit.php', 53, [...])
 2 SYSTEMPATH\View\View.php(213): include('APPPATH\\Views\\product\\product_edit.php')
 3 SYSTEMPATH\View\View.php(216): CodeIgniter\View\View->CodeIgniter\View\{closure}()
 4 SYSTEMPATH\Common.php(1135): CodeIgniter\View\View->render('product/product_edit', [], true)
 5 APPPATH\Controllers\Products.php(124): view('product/product_edit', [...])
 6 SYSTEMPATH\CodeIgniter.php(925): App\Controllers\Products->edit('FCPATH\\assets', 'dist', 'img', 'user1-128x128.jpg')
 7 SYSTEMPATH\CodeIgniter.php(480): CodeIgniter\CodeIgniter->runController(Object(App\Controllers\Products))
 8 SYSTEMPATH\CodeIgniter.php(349): CodeIgniter\CodeIgniter->handleRequest(null, Object(Config\Cache), false)
 9 FCPATH\index.php(67): CodeIgniter\CodeIgniter->run()
10 SYSTEMPATH\Commands\Server\rewrite.php(47): require_once('FCPATH\\index.php')
CRITICAL - 2022-12-29 17:39:38 --> Trying to access array offset on value of type null
in APPPATH\Views\product\product_edit.php on line 53.
 1 APPPATH\Views\product\product_edit.php(53): CodeIgniter\Debug\Exceptions->errorHandler(8, 'Trying to access array offset on value of type null', 'APPPATH\\Views\\product\\product_edit.php', 53, [...])
 2 SYSTEMPATH\View\View.php(213): include('APPPATH\\Views\\product\\product_edit.php')
 3 SYSTEMPATH\View\View.php(216): CodeIgniter\View\View->CodeIgniter\View\{closure}()
 4 SYSTEMPATH\Common.php(1135): CodeIgniter\View\View->render('product/product_edit', [], true)
 5 APPPATH\Controllers\Products.php(124): view('product/product_edit', [...])
 6 SYSTEMPATH\CodeIgniter.php(925): App\Controllers\Products->edit('FCPATH\\assets', 'dist', 'img', 'user8-128x128.jpg')
 7 SYSTEMPATH\CodeIgniter.php(480): CodeIgniter\CodeIgniter->runController(Object(App\Controllers\Products))
 8 SYSTEMPATH\CodeIgniter.php(349): CodeIgniter\CodeIgniter->handleRequest(null, Object(Config\Cache), false)
 9 FCPATH\index.php(67): CodeIgniter\CodeIgniter->run()
10 SYSTEMPATH\Commands\Server\rewrite.php(47): require_once('FCPATH\\index.php')
CRITICAL - 2022-12-29 17:39:38 --> Trying to access array offset on value of type null
in APPPATH\Views\product\product_edit.php on line 53.
 1 APPPATH\Views\product\product_edit.php(53): CodeIgniter\Debug\Exceptions->errorHandler(8, 'Trying to access array offset on value of type null', 'APPPATH\\Views\\product\\product_edit.php', 53, [...])
 2 SYSTEMPATH\View\View.php(213): include('APPPATH\\Views\\product\\product_edit.php')
 3 SYSTEMPATH\View\View.php(216): CodeIgniter\View\View->CodeIgniter\View\{closure}()
 4 SYSTEMPATH\Common.php(1135): CodeIgniter\View\View->render('product/product_edit', [], true)
 5 APPPATH\Controllers\Products.php(124): view('product/product_edit', [...])
 6 SYSTEMPATH\CodeIgniter.php(925): App\Controllers\Products->edit('FCPATH\\assets', 'dist', 'img', 'user3-128x128.jpg')
 7 SYSTEMPATH\CodeIgniter.php(480): CodeIgniter\CodeIgniter->runController(Object(App\Controllers\Products))
 8 SYSTEMPATH\CodeIgniter.php(349): CodeIgniter\CodeIgniter->handleRequest(null, Object(Config\Cache), false)
 9 FCPATH\index.php(67): CodeIgniter\CodeIgniter->run()
10 SYSTEMPATH\Commands\Server\rewrite.php(47): require_once('FCPATH\\index.php')
CRITICAL - 2022-12-29 18:07:36 --> Trying to access array offset on value of type null
in APPPATH\Views\product\product_edit.php on line 53.
 1 APPPATH\Views\product\product_edit.php(53): CodeIgniter\Debug\Exceptions->errorHandler(8, 'Trying to access array offset on value of type null', 'APPPATH\\Views\\product\\product_edit.php', 53, [...])
 2 SYSTEMPATH\View\View.php(213): include('APPPATH\\Views\\product\\product_edit.php')
 3 SYSTEMPATH\View\View.php(216): CodeIgniter\View\View->CodeIgniter\View\{closure}()
 4 SYSTEMPATH\Common.php(1135): CodeIgniter\View\View->render('product/product_edit', [], true)
 5 APPPATH\Controllers\Products.php(124): view('product/product_edit', [...])
 6 SYSTEMPATH\CodeIgniter.php(925): App\Controllers\Products->edit('FCPATH\\assets', 'dist', 'img', 'user1-128x128.jpg')
 7 SYSTEMPATH\CodeIgniter.php(480): CodeIgniter\CodeIgniter->runController(Object(App\Controllers\Products))
 8 SYSTEMPATH\CodeIgniter.php(349): CodeIgniter\CodeIgniter->handleRequest(null, Object(Config\Cache), false)
 9 FCPATH\index.php(67): CodeIgniter\CodeIgniter->run()
10 SYSTEMPATH\Commands\Server\rewrite.php(47): require_once('FCPATH\\index.php')
CRITICAL - 2022-12-29 18:07:37 --> Trying to access array offset on value of type null
in APPPATH\Views\product\product_edit.php on line 53.
 1 APPPATH\Views\product\product_edit.php(53): CodeIgniter\Debug\Exceptions->errorHandler(8, 'Trying to access array offset on value of type null', 'APPPATH\\Views\\product\\product_edit.php', 53, [...])
 2 SYSTEMPATH\View\View.php(213): include('APPPATH\\Views\\product\\product_edit.php')
 3 SYSTEMPATH\View\View.php(216): CodeIgniter\View\View->CodeIgniter\View\{closure}()
 4 SYSTEMPATH\Common.php(1135): CodeIgniter\View\View->render('product/product_edit', [], true)
 5 APPPATH\Controllers\Products.php(124): view('product/product_edit', [...])
 6 SYSTEMPATH\CodeIgniter.php(925): App\Controllers\Products->edit('FCPATH\\assets', 'dist', 'img', 'user8-128x128.jpg')
 7 SYSTEMPATH\CodeIgniter.php(480): CodeIgniter\CodeIgniter->runController(Object(App\Controllers\Products))
 8 SYSTEMPATH\CodeIgniter.php(349): CodeIgniter\CodeIgniter->handleRequest(null, Object(Config\Cache), false)
 9 FCPATH\index.php(67): CodeIgniter\CodeIgniter->run()
10 SYSTEMPATH\Commands\Server\rewrite.php(47): require_once('FCPATH\\index.php')
CRITICAL - 2022-12-29 18:07:37 --> Trying to access array offset on value of type null
in APPPATH\Views\product\product_edit.php on line 53.
 1 APPPATH\Views\product\product_edit.php(53): CodeIgniter\Debug\Exceptions->errorHandler(8, 'Trying to access array offset on value of type null', 'APPPATH\\Views\\product\\product_edit.php', 53, [...])
 2 SYSTEMPATH\View\View.php(213): include('APPPATH\\Views\\product\\product_edit.php')
 3 SYSTEMPATH\View\View.php(216): CodeIgniter\View\View->CodeIgniter\View\{closure}()
 4 SYSTEMPATH\Common.php(1135): CodeIgniter\View\View->render('product/product_edit', [], true)
 5 APPPATH\Controllers\Products.php(124): view('product/product_edit', [...])
 6 SYSTEMPATH\CodeIgniter.php(925): App\Controllers\Products->edit('FCPATH\\assets', 'dist', 'img', 'user3-128x128.jpg')
 7 SYSTEMPATH\CodeIgniter.php(480): CodeIgniter\CodeIgniter->runController(Object(App\Controllers\Products))
 8 SYSTEMPATH\CodeIgniter.php(349): CodeIgniter\CodeIgniter->handleRequest(null, Object(Config\Cache), false)
 9 FCPATH\index.php(67): CodeIgniter\CodeIgniter->run()
10 SYSTEMPATH\Commands\Server\rewrite.php(47): require_once('FCPATH\\index.php')
CRITICAL - 2022-12-29 18:08:14 --> Trying to access array offset on value of type null
in APPPATH\Views\product\product_edit.php on line 53.
 1 APPPATH\Views\product\product_edit.php(53): CodeIgniter\Debug\Exceptions->errorHandler(8, 'Trying to access array offset on value of type null', 'APPPATH\\Views\\product\\product_edit.php', 53, [...])
 2 SYSTEMPATH\View\View.php(213): include('APPPATH\\Views\\product\\product_edit.php')
 3 SYSTEMPATH\View\View.php(216): CodeIgniter\View\View->CodeIgniter\View\{closure}()
 4 SYSTEMPATH\Common.php(1135): CodeIgniter\View\View->render('product/product_edit', [], true)
 5 APPPATH\Controllers\Products.php(124): view('product/product_edit', [...])
 6 SYSTEMPATH\CodeIgniter.php(925): App\Controllers\Products->edit('FCPATH\\assets', 'dist', 'img', 'user1-128x128.jpg')
 7 SYSTEMPATH\CodeIgniter.php(480): CodeIgniter\CodeIgniter->runController(Object(App\Controllers\Products))
 8 SYSTEMPATH\CodeIgniter.php(349): CodeIgniter\CodeIgniter->handleRequest(null, Object(Config\Cache), false)
 9 FCPATH\index.php(67): CodeIgniter\CodeIgniter->run()
10 SYSTEMPATH\Commands\Server\rewrite.php(47): require_once('FCPATH\\index.php')
CRITICAL - 2022-12-29 18:08:14 --> Trying to access array offset on value of type null
in APPPATH\Views\product\product_edit.php on line 53.
 1 APPPATH\Views\product\product_edit.php(53): CodeIgniter\Debug\Exceptions->errorHandler(8, 'Trying to access array offset on value of type null', 'APPPATH\\Views\\product\\product_edit.php', 53, [...])
 2 SYSTEMPATH\View\View.php(213): include('APPPATH\\Views\\product\\product_edit.php')
 3 SYSTEMPATH\View\View.php(216): CodeIgniter\View\View->CodeIgniter\View\{closure}()
 4 SYSTEMPATH\Common.php(1135): CodeIgniter\View\View->render('product/product_edit', [], true)
 5 APPPATH\Controllers\Products.php(124): view('product/product_edit', [...])
 6 SYSTEMPATH\CodeIgniter.php(925): App\Controllers\Products->edit('FCPATH\\assets', 'dist', 'img', 'user8-128x128.jpg')
 7 SYSTEMPATH\CodeIgniter.php(480): CodeIgniter\CodeIgniter->runController(Object(App\Controllers\Products))
 8 SYSTEMPATH\CodeIgniter.php(349): CodeIgniter\CodeIgniter->handleRequest(null, Object(Config\Cache), false)
 9 FCPATH\index.php(67): CodeIgniter\CodeIgniter->run()
10 SYSTEMPATH\Commands\Server\rewrite.php(47): require_once('FCPATH\\index.php')
CRITICAL - 2022-12-29 18:08:14 --> Trying to access array offset on value of type null
in APPPATH\Views\product\product_edit.php on line 53.
 1 APPPATH\Views\product\product_edit.php(53): CodeIgniter\Debug\Exceptions->errorHandler(8, 'Trying to access array offset on value of type null', 'APPPATH\\Views\\product\\product_edit.php', 53, [...])
 2 SYSTEMPATH\View\View.php(213): include('APPPATH\\Views\\product\\product_edit.php')
 3 SYSTEMPATH\View\View.php(216): CodeIgniter\View\View->CodeIgniter\View\{closure}()
 4 SYSTEMPATH\Common.php(1135): CodeIgniter\View\View->render('product/product_edit', [], true)
 5 APPPATH\Controllers\Products.php(124): view('product/product_edit', [...])
 6 SYSTEMPATH\CodeIgniter.php(925): App\Controllers\Products->edit('FCPATH\\assets', 'dist', 'img', 'user3-128x128.jpg')
 7 SYSTEMPATH\CodeIgniter.php(480): CodeIgniter\CodeIgniter->runController(Object(App\Controllers\Products))
 8 SYSTEMPATH\CodeIgniter.php(349): CodeIgniter\CodeIgniter->handleRequest(null, Object(Config\Cache), false)
 9 FCPATH\index.php(67): CodeIgniter\CodeIgniter->run()
10 SYSTEMPATH\Commands\Server\rewrite.php(47): require_once('FCPATH\\index.php')
CRITICAL - 2022-12-29 18:08:36 --> Trying to access array offset on value of type null
in APPPATH\Views\product\product_edit.php on line 53.
 1 APPPATH\Views\product\product_edit.php(53): CodeIgniter\Debug\Exceptions->errorHandler(8, 'Trying to access array offset on value of type null', 'APPPATH\\Views\\product\\product_edit.php', 53, [...])
 2 SYSTEMPATH\View\View.php(213): include('APPPATH\\Views\\product\\product_edit.php')
 3 SYSTEMPATH\View\View.php(216): CodeIgniter\View\View->CodeIgniter\View\{closure}()
 4 SYSTEMPATH\Common.php(1135): CodeIgniter\View\View->render('product/product_edit', [], true)
 5 APPPATH\Controllers\Products.php(124): view('product/product_edit', [...])
 6 SYSTEMPATH\CodeIgniter.php(925): App\Controllers\Products->edit('FCPATH\\assets', 'dist', 'img', 'user1-128x128.jpg')
 7 SYSTEMPATH\CodeIgniter.php(480): CodeIgniter\CodeIgniter->runController(Object(App\Controllers\Products))
 8 SYSTEMPATH\CodeIgniter.php(349): CodeIgniter\CodeIgniter->handleRequest(null, Object(Config\Cache), false)
 9 FCPATH\index.php(67): CodeIgniter\CodeIgniter->run()
10 SYSTEMPATH\Commands\Server\rewrite.php(47): require_once('FCPATH\\index.php')
CRITICAL - 2022-12-29 18:08:36 --> Trying to access array offset on value of type null
in APPPATH\Views\product\product_edit.php on line 53.
 1 APPPATH\Views\product\product_edit.php(53): CodeIgniter\Debug\Exceptions->errorHandler(8, 'Trying to access array offset on value of type null', 'APPPATH\\Views\\product\\product_edit.php', 53, [...])
 2 SYSTEMPATH\View\View.php(213): include('APPPATH\\Views\\product\\product_edit.php')
 3 SYSTEMPATH\View\View.php(216): CodeIgniter\View\View->CodeIgniter\View\{closure}()
 4 SYSTEMPATH\Common.php(1135): CodeIgniter\View\View->render('product/product_edit', [], true)
 5 APPPATH\Controllers\Products.php(124): view('product/product_edit', [...])
 6 SYSTEMPATH\CodeIgniter.php(925): App\Controllers\Products->edit('FCPATH\\assets', 'dist', 'img', 'user8-128x128.jpg')
 7 SYSTEMPATH\CodeIgniter.php(480): CodeIgniter\CodeIgniter->runController(Object(App\Controllers\Products))
 8 SYSTEMPATH\CodeIgniter.php(349): CodeIgniter\CodeIgniter->handleRequest(null, Object(Config\Cache), false)
 9 FCPATH\index.php(67): CodeIgniter\CodeIgniter->run()
10 SYSTEMPATH\Commands\Server\rewrite.php(47): require_once('FCPATH\\index.php')
CRITICAL - 2022-12-29 18:08:36 --> Trying to access array offset on value of type null
in APPPATH\Views\product\product_edit.php on line 53.
 1 APPPATH\Views\product\product_edit.php(53): CodeIgniter\Debug\Exceptions->errorHandler(8, 'Trying to access array offset on value of type null', 'APPPATH\\Views\\product\\product_edit.php', 53, [...])
 2 SYSTEMPATH\View\View.php(213): include('APPPATH\\Views\\product\\product_edit.php')
 3 SYSTEMPATH\View\View.php(216): CodeIgniter\View\View->CodeIgniter\View\{closure}()
 4 SYSTEMPATH\Common.php(1135): CodeIgniter\View\View->render('product/product_edit', [], true)
 5 APPPATH\Controllers\Products.php(124): view('product/product_edit', [...])
 6 SYSTEMPATH\CodeIgniter.php(925): App\Controllers\Products->edit('FCPATH\\assets', 'dist', 'img', 'user3-128x128.jpg')
 7 SYSTEMPATH\CodeIgniter.php(480): CodeIgniter\CodeIgniter->runController(Object(App\Controllers\Products))
 8 SYSTEMPATH\CodeIgniter.php(349): CodeIgniter\CodeIgniter->handleRequest(null, Object(Config\Cache), false)
 9 FCPATH\index.php(67): CodeIgniter\CodeIgniter->run()
10 SYSTEMPATH\Commands\Server\rewrite.php(47): require_once('FCPATH\\index.php')
CRITICAL - 2022-12-29 18:08:57 --> Trying to access array offset on value of type null
in APPPATH\Views\product\product_edit.php on line 53.
 1 APPPATH\Views\product\product_edit.php(53): CodeIgniter\Debug\Exceptions->errorHandler(8, 'Trying to access array offset on value of type null', 'APPPATH\\Views\\product\\product_edit.php', 53, [...])
 2 SYSTEMPATH\View\View.php(213): include('APPPATH\\Views\\product\\product_edit.php')
 3 SYSTEMPATH\View\View.php(216): CodeIgniter\View\View->CodeIgniter\View\{closure}()
 4 SYSTEMPATH\Common.php(1135): CodeIgniter\View\View->render('product/product_edit', [], true)
 5 APPPATH\Controllers\Products.php(124): view('product/product_edit', [...])
 6 SYSTEMPATH\CodeIgniter.php(925): App\Controllers\Products->edit('FCPATH\\assets', 'dist', 'img', 'user1-128x128.jpg')
 7 SYSTEMPATH\CodeIgniter.php(480): CodeIgniter\CodeIgniter->runController(Object(App\Controllers\Products))
 8 SYSTEMPATH\CodeIgniter.php(349): CodeIgniter\CodeIgniter->handleRequest(null, Object(Config\Cache), false)
 9 FCPATH\index.php(67): CodeIgniter\CodeIgniter->run()
10 SYSTEMPATH\Commands\Server\rewrite.php(47): require_once('FCPATH\\index.php')
CRITICAL - 2022-12-29 18:08:58 --> Trying to access array offset on value of type null
in APPPATH\Views\product\product_edit.php on line 53.
 1 APPPATH\Views\product\product_edit.php(53): CodeIgniter\Debug\Exceptions->errorHandler(8, 'Trying to access array offset on value of type null', 'APPPATH\\Views\\product\\product_edit.php', 53, [...])
 2 SYSTEMPATH\View\View.php(213): include('APPPATH\\Views\\product\\product_edit.php')
 3 SYSTEMPATH\View\View.php(216): CodeIgniter\View\View->CodeIgniter\View\{closure}()
 4 SYSTEMPATH\Common.php(1135): CodeIgniter\View\View->render('product/product_edit', [], true)
 5 APPPATH\Controllers\Products.php(124): view('product/product_edit', [...])
 6 SYSTEMPATH\CodeIgniter.php(925): App\Controllers\Products->edit('FCPATH\\assets', 'dist', 'img', 'user8-128x128.jpg')
 7 SYSTEMPATH\CodeIgniter.php(480): CodeIgniter\CodeIgniter->runController(Object(App\Controllers\Products))
 8 SYSTEMPATH\CodeIgniter.php(349): CodeIgniter\CodeIgniter->handleRequest(null, Object(Config\Cache), false)
 9 FCPATH\index.php(67): CodeIgniter\CodeIgniter->run()
10 SYSTEMPATH\Commands\Server\rewrite.php(47): require_once('FCPATH\\index.php')
CRITICAL - 2022-12-29 18:08:58 --> Trying to access array offset on value of type null
in APPPATH\Views\product\product_edit.php on line 53.
 1 APPPATH\Views\product\product_edit.php(53): CodeIgniter\Debug\Exceptions->errorHandler(8, 'Trying to access array offset on value of type null', 'APPPATH\\Views\\product\\product_edit.php', 53, [...])
 2 SYSTEMPATH\View\View.php(213): include('APPPATH\\Views\\product\\product_edit.php')
 3 SYSTEMPATH\View\View.php(216): CodeIgniter\View\View->CodeIgniter\View\{closure}()
 4 SYSTEMPATH\Common.php(1135): CodeIgniter\View\View->render('product/product_edit', [], true)
 5 APPPATH\Controllers\Products.php(124): view('product/product_edit', [...])
 6 SYSTEMPATH\CodeIgniter.php(925): App\Controllers\Products->edit('FCPATH\\assets', 'dist', 'img', 'user3-128x128.jpg')
 7 SYSTEMPATH\CodeIgniter.php(480): CodeIgniter\CodeIgniter->runController(Object(App\Controllers\Products))
 8 SYSTEMPATH\CodeIgniter.php(349): CodeIgniter\CodeIgniter->handleRequest(null, Object(Config\Cache), false)
 9 FCPATH\index.php(67): CodeIgniter\CodeIgniter->run()
10 SYSTEMPATH\Commands\Server\rewrite.php(47): require_once('FCPATH\\index.php')
CRITICAL - 2022-12-29 18:10:00 --> Trying to access array offset on value of type null
in APPPATH\Views\product\product_edit.php on line 53.
 1 APPPATH\Views\product\product_edit.php(53): CodeIgniter\Debug\Exceptions->errorHandler(8, 'Trying to access array offset on value of type null', 'APPPATH\\Views\\product\\product_edit.php', 53, [...])
 2 SYSTEMPATH\View\View.php(213): include('APPPATH\\Views\\product\\product_edit.php')
 3 SYSTEMPATH\View\View.php(216): CodeIgniter\View\View->CodeIgniter\View\{closure}()
 4 SYSTEMPATH\Common.php(1135): CodeIgniter\View\View->render('product/product_edit', [], true)
 5 APPPATH\Controllers\Products.php(124): view('product/product_edit', [...])
 6 SYSTEMPATH\CodeIgniter.php(925): App\Controllers\Products->edit('FCPATH\\assets', 'dist', 'img', 'user1-128x128.jpg')
 7 SYSTEMPATH\CodeIgniter.php(480): CodeIgniter\CodeIgniter->runController(Object(App\Controllers\Products))
 8 SYSTEMPATH\CodeIgniter.php(349): CodeIgniter\CodeIgniter->handleRequest(null, Object(Config\Cache), false)
 9 FCPATH\index.php(67): CodeIgniter\CodeIgniter->run()
10 SYSTEMPATH\Commands\Server\rewrite.php(47): require_once('FCPATH\\index.php')
CRITICAL - 2022-12-29 18:10:00 --> Trying to access array offset on value of type null
in APPPATH\Views\product\product_edit.php on line 53.
 1 APPPATH\Views\product\product_edit.php(53): CodeIgniter\Debug\Exceptions->errorHandler(8, 'Trying to access array offset on value of type null', 'APPPATH\\Views\\product\\product_edit.php', 53, [...])
 2 SYSTEMPATH\View\View.php(213): include('APPPATH\\Views\\product\\product_edit.php')
 3 SYSTEMPATH\View\View.php(216): CodeIgniter\View\View->CodeIgniter\View\{closure}()
 4 SYSTEMPATH\Common.php(1135): CodeIgniter\View\View->render('product/product_edit', [], true)
 5 APPPATH\Controllers\Products.php(124): view('product/product_edit', [...])
 6 SYSTEMPATH\CodeIgniter.php(925): App\Controllers\Products->edit('FCPATH\\assets', 'dist', 'img', 'user8-128x128.jpg')
 7 SYSTEMPATH\CodeIgniter.php(480): CodeIgniter\CodeIgniter->runController(Object(App\Controllers\Products))
 8 SYSTEMPATH\CodeIgniter.php(349): CodeIgniter\CodeIgniter->handleRequest(null, Object(Config\Cache), false)
 9 FCPATH\index.php(67): CodeIgniter\CodeIgniter->run()
10 SYSTEMPATH\Commands\Server\rewrite.php(47): require_once('FCPATH\\index.php')
CRITICAL - 2022-12-29 18:10:00 --> Trying to access array offset on value of type null
in APPPATH\Views\product\product_edit.php on line 53.
 1 APPPATH\Views\product\product_edit.php(53): CodeIgniter\Debug\Exceptions->errorHandler(8, 'Trying to access array offset on value of type null', 'APPPATH\\Views\\product\\product_edit.php', 53, [...])
 2 SYSTEMPATH\View\View.php(213): include('APPPATH\\Views\\product\\product_edit.php')
 3 SYSTEMPATH\View\View.php(216): CodeIgniter\View\View->CodeIgniter\View\{closure}()
 4 SYSTEMPATH\Common.php(1135): CodeIgniter\View\View->render('product/product_edit', [], true)
 5 APPPATH\Controllers\Products.php(124): view('product/product_edit', [...])
 6 SYSTEMPATH\CodeIgniter.php(925): App\Controllers\Products->edit('FCPATH\\assets', 'dist', 'img', 'user3-128x128.jpg')
 7 SYSTEMPATH\CodeIgniter.php(480): CodeIgniter\CodeIgniter->runController(Object(App\Controllers\Products))
 8 SYSTEMPATH\CodeIgniter.php(349): CodeIgniter\CodeIgniter->handleRequest(null, Object(Config\Cache), false)
 9 FCPATH\index.php(67): CodeIgniter\CodeIgniter->run()
10 SYSTEMPATH\Commands\Server\rewrite.php(47): require_once('FCPATH\\index.php')
CRITICAL - 2022-12-29 18:10:09 --> Trying to access array offset on value of type null
in APPPATH\Views\product\product_edit.php on line 53.
 1 APPPATH\Views\product\product_edit.php(53): CodeIgniter\Debug\Exceptions->errorHandler(8, 'Trying to access array offset on value of type null', 'APPPATH\\Views\\product\\product_edit.php', 53, [...])
 2 SYSTEMPATH\View\View.php(213): include('APPPATH\\Views\\product\\product_edit.php')
 3 SYSTEMPATH\View\View.php(216): CodeIgniter\View\View->CodeIgniter\View\{closure}()
 4 SYSTEMPATH\Common.php(1135): CodeIgniter\View\View->render('product/product_edit', [], true)
 5 APPPATH\Controllers\Products.php(124): view('product/product_edit', [...])
 6 SYSTEMPATH\CodeIgniter.php(925): App\Controllers\Products->edit('FCPATH\\assets', 'dist', 'img', 'user1-128x128.jpg')
 7 SYSTEMPATH\CodeIgniter.php(480): CodeIgniter\CodeIgniter->runController(Object(App\Controllers\Products))
 8 SYSTEMPATH\CodeIgniter.php(349): CodeIgniter\CodeIgniter->handleRequest(null, Object(Config\Cache), false)
 9 FCPATH\index.php(67): CodeIgniter\CodeIgniter->run()
10 SYSTEMPATH\Commands\Server\rewrite.php(47): require_once('FCPATH\\index.php')
CRITICAL - 2022-12-29 18:10:10 --> Trying to access array offset on value of type null
in APPPATH\Views\product\product_edit.php on line 53.
 1 APPPATH\Views\product\product_edit.php(53): CodeIgniter\Debug\Exceptions->errorHandler(8, 'Trying to access array offset on value of type null', 'APPPATH\\Views\\product\\product_edit.php', 53, [...])
 2 SYSTEMPATH\View\View.php(213): include('APPPATH\\Views\\product\\product_edit.php')
 3 SYSTEMPATH\View\View.php(216): CodeIgniter\View\View->CodeIgniter\View\{closure}()
 4 SYSTEMPATH\Common.php(1135): CodeIgniter\View\View->render('product/product_edit', [], true)
 5 APPPATH\Controllers\Products.php(124): view('product/product_edit', [...])
 6 SYSTEMPATH\CodeIgniter.php(925): App\Controllers\Products->edit('FCPATH\\assets', 'dist', 'img', 'user8-128x128.jpg')
 7 SYSTEMPATH\CodeIgniter.php(480): CodeIgniter\CodeIgniter->runController(Object(App\Controllers\Products))
 8 SYSTEMPATH\CodeIgniter.php(349): CodeIgniter\CodeIgniter->handleRequest(null, Object(Config\Cache), false)
 9 FCPATH\index.php(67): CodeIgniter\CodeIgniter->run()
10 SYSTEMPATH\Commands\Server\rewrite.php(47): require_once('FCPATH\\index.php')
CRITICAL - 2022-12-29 18:10:10 --> Trying to access array offset on value of type null
in APPPATH\Views\product\product_edit.php on line 53.
 1 APPPATH\Views\product\product_edit.php(53): CodeIgniter\Debug\Exceptions->errorHandler(8, 'Trying to access array offset on value of type null', 'APPPATH\\Views\\product\\product_edit.php', 53, [...])
 2 SYSTEMPATH\View\View.php(213): include('APPPATH\\Views\\product\\product_edit.php')
 3 SYSTEMPATH\View\View.php(216): CodeIgniter\View\View->CodeIgniter\View\{closure}()
 4 SYSTEMPATH\Common.php(1135): CodeIgniter\View\View->render('product/product_edit', [], true)
 5 APPPATH\Controllers\Products.php(124): view('product/product_edit', [...])
 6 SYSTEMPATH\CodeIgniter.php(925): App\Controllers\Products->edit('FCPATH\\assets', 'dist', 'img', 'user3-128x128.jpg')
 7 SYSTEMPATH\CodeIgniter.php(480): CodeIgniter\CodeIgniter->runController(Object(App\Controllers\Products))
 8 SYSTEMPATH\CodeIgniter.php(349): CodeIgniter\CodeIgniter->handleRequest(null, Object(Config\Cache), false)
 9 FCPATH\index.php(67): CodeIgniter\CodeIgniter->run()
10 SYSTEMPATH\Commands\Server\rewrite.php(47): require_once('FCPATH\\index.php')
CRITICAL - 2022-12-29 18:10:52 --> Trying to access array offset on value of type null
in APPPATH\Views\product\product_edit.php on line 53.
 1 APPPATH\Views\product\product_edit.php(53): CodeIgniter\Debug\Exceptions->errorHandler(8, 'Trying to access array offset on value of type null', 'APPPATH\\Views\\product\\product_edit.php', 53, [...])
 2 SYSTEMPATH\View\View.php(213): include('APPPATH\\Views\\product\\product_edit.php')
 3 SYSTEMPATH\View\View.php(216): CodeIgniter\View\View->CodeIgniter\View\{closure}()
 4 SYSTEMPATH\Common.php(1135): CodeIgniter\View\View->render('product/product_edit', [], true)
 5 APPPATH\Controllers\Products.php(124): view('product/product_edit', [...])
 6 SYSTEMPATH\CodeIgniter.php(925): App\Controllers\Products->edit('FCPATH\\assets', 'dist', 'img', 'user1-128x128.jpg')
 7 SYSTEMPATH\CodeIgniter.php(480): CodeIgniter\CodeIgniter->runController(Object(App\Controllers\Products))
 8 SYSTEMPATH\CodeIgniter.php(349): CodeIgniter\CodeIgniter->handleRequest(null, Object(Config\Cache), false)
 9 FCPATH\index.php(67): CodeIgniter\CodeIgniter->run()
10 SYSTEMPATH\Commands\Server\rewrite.php(47): require_once('FCPATH\\index.php')
CRITICAL - 2022-12-29 18:10:52 --> Trying to access array offset on value of type null
in APPPATH\Views\product\product_edit.php on line 53.
 1 APPPATH\Views\product\product_edit.php(53): CodeIgniter\Debug\Exceptions->errorHandler(8, 'Trying to access array offset on value of type null', 'APPPATH\\Views\\product\\product_edit.php', 53, [...])
 2 SYSTEMPATH\View\View.php(213): include('APPPATH\\Views\\product\\product_edit.php')
 3 SYSTEMPATH\View\View.php(216): CodeIgniter\View\View->CodeIgniter\View\{closure}()
 4 SYSTEMPATH\Common.php(1135): CodeIgniter\View\View->render('product/product_edit', [], true)
 5 APPPATH\Controllers\Products.php(124): view('product/product_edit', [...])
 6 SYSTEMPATH\CodeIgniter.php(925): App\Controllers\Products->edit('FCPATH\\assets', 'dist', 'img', 'user8-128x128.jpg')
 7 SYSTEMPATH\CodeIgniter.php(480): CodeIgniter\CodeIgniter->runController(Object(App\Controllers\Products))
 8 SYSTEMPATH\CodeIgniter.php(349): CodeIgniter\CodeIgniter->handleRequest(null, Object(Config\Cache), false)
 9 FCPATH\index.php(67): CodeIgniter\CodeIgniter->run()
10 SYSTEMPATH\Commands\Server\rewrite.php(47): require_once('FCPATH\\index.php')
CRITICAL - 2022-12-29 18:10:53 --> Trying to access array offset on value of type null
in APPPATH\Views\product\product_edit.php on line 53.
 1 APPPATH\Views\product\product_edit.php(53): CodeIgniter\Debug\Exceptions->errorHandler(8, 'Trying to access array offset on value of type null', 'APPPATH\\Views\\product\\product_edit.php', 53, [...])
 2 SYSTEMPATH\View\View.php(213): include('APPPATH\\Views\\product\\product_edit.php')
 3 SYSTEMPATH\View\View.php(216): CodeIgniter\View\View->CodeIgniter\View\{closure}()
 4 SYSTEMPATH\Common.php(1135): CodeIgniter\View\View->render('product/product_edit', [], true)
 5 APPPATH\Controllers\Products.php(124): view('product/product_edit', [...])
 6 SYSTEMPATH\CodeIgniter.php(925): App\Controllers\Products->edit('FCPATH\\assets', 'dist', 'img', 'user3-128x128.jpg')
 7 SYSTEMPATH\CodeIgniter.php(480): CodeIgniter\CodeIgniter->runController(Object(App\Controllers\Products))
 8 SYSTEMPATH\CodeIgniter.php(349): CodeIgniter\CodeIgniter->handleRequest(null, Object(Config\Cache), false)
 9 FCPATH\index.php(67): CodeIgniter\CodeIgniter->run()
10 SYSTEMPATH\Commands\Server\rewrite.php(47): require_once('FCPATH\\index.php')
CRITICAL - 2022-12-29 18:11:00 --> Trying to access array offset on value of type null
in APPPATH\Views\product\product_edit.php on line 53.
 1 APPPATH\Views\product\product_edit.php(53): CodeIgniter\Debug\Exceptions->errorHandler(8, 'Trying to access array offset on value of type null', 'APPPATH\\Views\\product\\product_edit.php', 53, [...])
 2 SYSTEMPATH\View\View.php(213): include('APPPATH\\Views\\product\\product_edit.php')
 3 SYSTEMPATH\View\View.php(216): CodeIgniter\View\View->CodeIgniter\View\{closure}()
 4 SYSTEMPATH\Common.php(1135): CodeIgniter\View\View->render('product/product_edit', [], true)
 5 APPPATH\Controllers\Products.php(124): view('product/product_edit', [...])
 6 SYSTEMPATH\CodeIgniter.php(925): App\Controllers\Products->edit('FCPATH\\assets', 'dist', 'img', 'user1-128x128.jpg')
 7 SYSTEMPATH\CodeIgniter.php(480): CodeIgniter\CodeIgniter->runController(Object(App\Controllers\Products))
 8 SYSTEMPATH\CodeIgniter.php(349): CodeIgniter\CodeIgniter->handleRequest(null, Object(Config\Cache), false)
 9 FCPATH\index.php(67): CodeIgniter\CodeIgniter->run()
10 SYSTEMPATH\Commands\Server\rewrite.php(47): require_once('FCPATH\\index.php')
CRITICAL - 2022-12-29 18:11:00 --> Trying to access array offset on value of type null
in APPPATH\Views\product\product_edit.php on line 53.
 1 APPPATH\Views\product\product_edit.php(53): CodeIgniter\Debug\Exceptions->errorHandler(8, 'Trying to access array offset on value of type null', 'APPPATH\\Views\\product\\product_edit.php', 53, [...])
 2 SYSTEMPATH\View\View.php(213): include('APPPATH\\Views\\product\\product_edit.php')
 3 SYSTEMPATH\View\View.php(216): CodeIgniter\View\View->CodeIgniter\View\{closure}()
 4 SYSTEMPATH\Common.php(1135): CodeIgniter\View\View->render('product/product_edit', [], true)
 5 APPPATH\Controllers\Products.php(124): view('product/product_edit', [...])
 6 SYSTEMPATH\CodeIgniter.php(925): App\Controllers\Products->edit('FCPATH\\assets', 'dist', 'img', 'user8-128x128.jpg')
 7 SYSTEMPATH\CodeIgniter.php(480): CodeIgniter\CodeIgniter->runController(Object(App\Controllers\Products))
 8 SYSTEMPATH\CodeIgniter.php(349): CodeIgniter\CodeIgniter->handleRequest(null, Object(Config\Cache), false)
 9 FCPATH\index.php(67): CodeIgniter\CodeIgniter->run()
10 SYSTEMPATH\Commands\Server\rewrite.php(47): require_once('FCPATH\\index.php')
CRITICAL - 2022-12-29 18:11:01 --> Trying to access array offset on value of type null
in APPPATH\Views\product\product_edit.php on line 53.
 1 APPPATH\Views\product\product_edit.php(53): CodeIgniter\Debug\Exceptions->errorHandler(8, 'Trying to access array offset on value of type null', 'APPPATH\\Views\\product\\product_edit.php', 53, [...])
 2 SYSTEMPATH\View\View.php(213): include('APPPATH\\Views\\product\\product_edit.php')
 3 SYSTEMPATH\View\View.php(216): CodeIgniter\View\View->CodeIgniter\View\{closure}()
 4 SYSTEMPATH\Common.php(1135): CodeIgniter\View\View->render('product/product_edit', [], true)
 5 APPPATH\Controllers\Products.php(124): view('product/product_edit', [...])
 6 SYSTEMPATH\CodeIgniter.php(925): App\Controllers\Products->edit('FCPATH\\assets', 'dist', 'img', 'user3-128x128.jpg')
 7 SYSTEMPATH\CodeIgniter.php(480): CodeIgniter\CodeIgniter->runController(Object(App\Controllers\Products))
 8 SYSTEMPATH\CodeIgniter.php(349): CodeIgniter\CodeIgniter->handleRequest(null, Object(Config\Cache), false)
 9 FCPATH\index.php(67): CodeIgniter\CodeIgniter->run()
10 SYSTEMPATH\Commands\Server\rewrite.php(47): require_once('FCPATH\\index.php')
CRITICAL - 2022-12-29 18:11:08 --> Trying to access array offset on value of type null
in APPPATH\Views\product\product_edit.php on line 53.
 1 APPPATH\Views\product\product_edit.php(53): CodeIgniter\Debug\Exceptions->errorHandler(8, 'Trying to access array offset on value of type null', 'APPPATH\\Views\\product\\product_edit.php', 53, [...])
 2 SYSTEMPATH\View\View.php(213): include('APPPATH\\Views\\product\\product_edit.php')
 3 SYSTEMPATH\View\View.php(216): CodeIgniter\View\View->CodeIgniter\View\{closure}()
 4 SYSTEMPATH\Common.php(1135): CodeIgniter\View\View->render('product/product_edit', [], true)
 5 APPPATH\Controllers\Products.php(124): view('product/product_edit', [...])
 6 SYSTEMPATH\CodeIgniter.php(925): App\Controllers\Products->edit('FCPATH\\assets', 'dist', 'img', 'user1-128x128.jpg')
 7 SYSTEMPATH\CodeIgniter.php(480): CodeIgniter\CodeIgniter->runController(Object(App\Controllers\Products))
 8 SYSTEMPATH\CodeIgniter.php(349): CodeIgniter\CodeIgniter->handleRequest(null, Object(Config\Cache), false)
 9 FCPATH\index.php(67): CodeIgniter\CodeIgniter->run()
10 SYSTEMPATH\Commands\Server\rewrite.php(47): require_once('FCPATH\\index.php')
CRITICAL - 2022-12-29 18:11:08 --> Trying to access array offset on value of type null
in APPPATH\Views\product\product_edit.php on line 53.
 1 APPPATH\Views\product\product_edit.php(53): CodeIgniter\Debug\Exceptions->errorHandler(8, 'Trying to access array offset on value of type null', 'APPPATH\\Views\\product\\product_edit.php', 53, [...])
 2 SYSTEMPATH\View\View.php(213): include('APPPATH\\Views\\product\\product_edit.php')
 3 SYSTEMPATH\View\View.php(216): CodeIgniter\View\View->CodeIgniter\View\{closure}()
 4 SYSTEMPATH\Common.php(1135): CodeIgniter\View\View->render('product/product_edit', [], true)
 5 APPPATH\Controllers\Products.php(124): view('product/product_edit', [...])
 6 SYSTEMPATH\CodeIgniter.php(925): App\Controllers\Products->edit('FCPATH\\assets', 'dist', 'img', 'user8-128x128.jpg')
 7 SYSTEMPATH\CodeIgniter.php(480): CodeIgniter\CodeIgniter->runController(Object(App\Controllers\Products))
 8 SYSTEMPATH\CodeIgniter.php(349): CodeIgniter\CodeIgniter->handleRequest(null, Object(Config\Cache), false)
 9 FCPATH\index.php(67): CodeIgniter\CodeIgniter->run()
10 SYSTEMPATH\Commands\Server\rewrite.php(47): require_once('FCPATH\\index.php')
CRITICAL - 2022-12-29 18:11:08 --> Trying to access array offset on value of type null
in APPPATH\Views\product\product_edit.php on line 53.
 1 APPPATH\Views\product\product_edit.php(53): CodeIgniter\Debug\Exceptions->errorHandler(8, 'Trying to access array offset on value of type null', 'APPPATH\\Views\\product\\product_edit.php', 53, [...])
 2 SYSTEMPATH\View\View.php(213): include('APPPATH\\Views\\product\\product_edit.php')
 3 SYSTEMPATH\View\View.php(216): CodeIgniter\View\View->CodeIgniter\View\{closure}()
 4 SYSTEMPATH\Common.php(1135): CodeIgniter\View\View->render('product/product_edit', [], true)
 5 APPPATH\Controllers\Products.php(124): view('product/product_edit', [...])
 6 SYSTEMPATH\CodeIgniter.php(925): App\Controllers\Products->edit('FCPATH\\assets', 'dist', 'img', 'user3-128x128.jpg')
 7 SYSTEMPATH\CodeIgniter.php(480): CodeIgniter\CodeIgniter->runController(Object(App\Controllers\Products))
 8 SYSTEMPATH\CodeIgniter.php(349): CodeIgniter\CodeIgniter->handleRequest(null, Object(Config\Cache), false)
 9 FCPATH\index.php(67): CodeIgniter\CodeIgniter->run()
10 SYSTEMPATH\Commands\Server\rewrite.php(47): require_once('FCPATH\\index.php')
CRITICAL - 2022-12-29 18:47:40 --> Undefined index: cat_id
in APPPATH\Views\product\product_entry.php on line 77.
 1 APPPATH\Views\product\product_entry.php(77): CodeIgniter\Debug\Exceptions->errorHandler(8, 'Undefined index: cat_id', 'APPPATH\\Views\\product\\product_entry.php', 77, [...])
 2 SYSTEMPATH\View\View.php(213): include('APPPATH\\Views\\product\\product_entry.php')
 3 SYSTEMPATH\View\View.php(216): CodeIgniter\View\View->CodeIgniter\View\{closure}()
 4 SYSTEMPATH\Common.php(1135): CodeIgniter\View\View->render('product/product_entry', [], true)
 5 APPPATH\Controllers\Products.php(49): view('product/product_entry', [...])
 6 SYSTEMPATH\CodeIgniter.php(925): App\Controllers\Products->new()
 7 SYSTEMPATH\CodeIgniter.php(480): CodeIgniter\CodeIgniter->runController(Object(App\Controllers\Products))
 8 SYSTEMPATH\CodeIgniter.php(349): CodeIgniter\CodeIgniter->handleRequest(null, Object(Config\Cache), false)
 9 FCPATH\index.php(67): CodeIgniter\CodeIgniter->run()
10 SYSTEMPATH\Commands\Server\rewrite.php(47): require_once('FCPATH\\index.php')
ERROR - 2022-12-29 18:54:31 --> mysqli_sql_exception: Column 'product_category' cannot be null in E:\xampp\htdocs\fullstack-codeigniter-project\backend\vendor\codeigniter4\framework\system\Database\MySQLi\Connection.php:292
Stack trace:
#0 E:\xampp\htdocs\fullstack-codeigniter-project\backend\vendor\codeigniter4\framework\system\Database\MySQLi\Connection.php(292): mysqli->query('INSERT INTO `pr...', 0)
#1 E:\xampp\htdocs\fullstack-codeigniter-project\backend\vendor\codeigniter4\framework\system\Database\BaseConnection.php(666): CodeIgniter\Database\MySQLi\Connection->execute('INSERT INTO `pr...')
#2 E:\xampp\htdocs\fullstack-codeigniter-project\backend\vendor\codeigniter4\framework\system\Database\BaseConnection.php(593): CodeIgniter\Database\BaseConnection->simpleQuery('INSERT INTO `pr...')
#3 E:\xampp\htdocs\fullstack-codeigniter-project\backend\vendor\codeigniter4\framework\system\Database\BaseBuilder.php(1916): CodeIgniter\Database\BaseConnection->query('INSERT INTO `pr...', Array, false)
#4 E:\xampp\htdocs\fullstack-codeigniter-project\backend\vendor\codeigniter4\framework\system\Model.php(303): CodeIgniter\Database\BaseBuilder->insert()
#5 E:\xampp\htdocs\fullstack-codeigniter-project\backend\vendor\codeigniter4\framework\system\BaseModel.php(750): CodeIgniter\Model->doInsert(Array)
#6 E:\xampp\htdocs\fullstack-codeigniter-project\backend\vendor\codeigniter4\framework\system\Model.php(695): CodeIgniter\BaseModel->insert(Array, false)
#7 E:\xampp\htdocs\fullstack-codeigniter-project\backend\vendor\codeigniter4\framework\system\BaseModel.php(660): CodeIgniter\Model->insert(Array, false)
#8 E:\xampp\htdocs\fullstack-codeigniter-project\backend\app\Controllers\Products.php(118): CodeIgniter\BaseModel->save(Array)
#9 E:\xampp\htdocs\fullstack-codeigniter-project\backend\vendor\codeigniter4\framework\system\CodeIgniter.php(925): App\Controllers\Products->create()
#10 E:\xampp\htdocs\fullstack-codeigniter-project\backend\vendor\codeigniter4\framework\system\CodeIgniter.php(480): CodeIgniter\CodeIgniter->runController(Object(App\Controllers\Products))
#11 E:\xampp\htdocs\fullstack-codeigniter-project\backend\vendor\codeigniter4\framework\system\CodeIgniter.php(349): CodeIgniter\CodeIgniter->handleRequest(NULL, Object(Config\Cache), false)
#12 E:\xampp\htdocs\fullstack-codeigniter-project\backend\public\index.php(67): CodeIgniter\CodeIgniter->run()
#13 E:\xampp\htdocs\fullstack-codeigniter-project\backend\vendor\codeigniter4\framework\system\Commands\Server\rewrite.php(47): require_once('E:\\xampp\\htdocs...')
#14 {main}
CRITICAL - 2022-12-29 18:54:31 --> Column 'product_category' cannot be null
in SYSTEMPATH\Database\MySQLi\Connection.php on line 292.
 1 SYSTEMPATH\Database\MySQLi\Connection.php(292): mysqli->query('INSERT INTO `products` (`product_name`, `product_details`, `product_price`, `product_image`, `product_category`) VALUES (\'Bat\', \' dddsss\', \'60\', \'/assets/uploads/ledtv_1.jpg\', NULL)', 0)
 2 SYSTEMPATH\Database\BaseConnection.php(666): CodeIgniter\Database\MySQLi\Connection->execute('INSERT INTO `products` (`product_name`, `product_details`, `product_price`, `product_image`, `product_category`) VALUES (\'Bat\', \' dddsss\', \'60\', \'/assets/uploads/ledtv_1.jpg\', NULL)')
 3 SYSTEMPATH\Database\BaseConnection.php(593): CodeIgniter\Database\BaseConnection->simpleQuery('INSERT INTO `products` (`product_name`, `product_details`, `product_price`, `product_image`, `product_category`) VALUES (\'Bat\', \' dddsss\', \'60\', \'/assets/uploads/ledtv_1.jpg\', NULL)')
 4 SYSTEMPATH\Database\BaseBuilder.php(1916): CodeIgniter\Database\BaseConnection->query('INSERT INTO `products` (`product_name`, `product_details`, `product_price`, `product_image`, `product_category`) VALUES (:product_name:, :product_details:, :product_price:, :product_image:, :product_category:)', [...], false)
 5 SYSTEMPATH\Model.php(303): CodeIgniter\Database\BaseBuilder->insert()
 6 SYSTEMPATH\BaseModel.php(750): CodeIgniter\Model->doInsert([...])
 7 SYSTEMPATH\Model.php(695): CodeIgniter\BaseModel->insert([...], false)
 8 SYSTEMPATH\BaseModel.php(660): CodeIgniter\Model->insert([...], false)
 9 APPPATH\Controllers\Products.php(118): CodeIgniter\BaseModel->save([...])
10 SYSTEMPATH\CodeIgniter.php(925): App\Controllers\Products->create()
11 SYSTEMPATH\CodeIgniter.php(480): CodeIgniter\CodeIgniter->runController(Object(App\Controllers\Products))
12 SYSTEMPATH\CodeIgniter.php(349): CodeIgniter\CodeIgniter->handleRequest(null, Object(Config\Cache), false)
13 FCPATH\index.php(67): CodeIgniter\CodeIgniter->run()
14 SYSTEMPATH\Commands\Server\rewrite.php(47): require_once('FCPATH\\index.php')
CRITICAL - 2022-12-29 19:00:23 --> Undefined variable: cats
in APPPATH\Views\product\product_entry.php on line 76.
 1 APPPATH\Views\product\product_entry.php(76): CodeIgniter\Debug\Exceptions->errorHandler(8, 'Undefined variable: cats', 'APPPATH\\Views\\product\\product_entry.php', 76, [...])
 2 SYSTEMPATH\View\View.php(213): include('APPPATH\\Views\\product\\product_entry.php')
 3 SYSTEMPATH\View\View.php(216): CodeIgniter\View\View->CodeIgniter\View\{closure}()
 4 SYSTEMPATH\Common.php(1135): CodeIgniter\View\View->render('product/product_entry', [], true)
 5 APPPATH\Controllers\Products.php(30): view('product/product_entry', [...])
 6 SYSTEMPATH\CodeIgniter.php(925): App\Controllers\Products->index()
 7 SYSTEMPATH\CodeIgniter.php(480): CodeIgniter\CodeIgniter->runController(Object(App\Controllers\Products))
 8 SYSTEMPATH\CodeIgniter.php(349): CodeIgniter\CodeIgniter->handleRequest(null, Object(Config\Cache), false)
 9 FCPATH\index.php(67): CodeIgniter\CodeIgniter->run()
10 SYSTEMPATH\Commands\Server\rewrite.php(47): require_once('FCPATH\\index.php')
CRITICAL - 2022-12-29 19:01:42 --> Undefined variable: cats
in APPPATH\Views\product\product_list.php on line 77.
 1 APPPATH\Views\product\product_list.php(77): CodeIgniter\Debug\Exceptions->errorHandler(8, 'Undefined variable: cats', 'APPPATH\\Views\\product\\product_list.php', 77, [...])
 2 SYSTEMPATH\View\View.php(213): include('APPPATH\\Views\\product\\product_list.php')
 3 SYSTEMPATH\View\View.php(216): CodeIgniter\View\View->CodeIgniter\View\{closure}()
 4 SYSTEMPATH\Common.php(1135): CodeIgniter\View\View->render('product/product_list', [...], true)
 5 APPPATH\Controllers\Products.php(30): view('product/product_list', [...], [...])
 6 SYSTEMPATH\CodeIgniter.php(925): App\Controllers\Products->index()
 7 SYSTEMPATH\CodeIgniter.php(480): CodeIgniter\CodeIgniter->runController(Object(App\Controllers\Products))
 8 SYSTEMPATH\CodeIgniter.php(349): CodeIgniter\CodeIgniter->handleRequest(null, Object(Config\Cache), false)
 9 FCPATH\index.php(67): CodeIgniter\CodeIgniter->run()
10 SYSTEMPATH\Commands\Server\rewrite.php(47): require_once('FCPATH\\index.php')
CRITICAL - 2022-12-29 19:02:40 --> Undefined variable: cats
in APPPATH\Views\product\product_list.php on line 77.
 1 APPPATH\Views\product\product_list.php(77): CodeIgniter\Debug\Exceptions->errorHandler(8, 'Undefined variable: cats', 'APPPATH\\Views\\product\\product_list.php', 77, [...])
 2 SYSTEMPATH\View\View.php(213): include('APPPATH\\Views\\product\\product_list.php')
 3 SYSTEMPATH\View\View.php(216): CodeIgniter\View\View->CodeIgniter\View\{closure}()
 4 SYSTEMPATH\Common.php(1135): CodeIgniter\View\View->render('product/product_list', [], true)
 5 APPPATH\Controllers\Products.php(28): view('product/product_list', [...])
 6 SYSTEMPATH\CodeIgniter.php(925): App\Controllers\Products->index()
 7 SYSTEMPATH\CodeIgniter.php(480): CodeIgniter\CodeIgniter->runController(Object(App\Controllers\Products))
 8 SYSTEMPATH\CodeIgniter.php(349): CodeIgniter\CodeIgniter->handleRequest(null, Object(Config\Cache), false)
 9 FCPATH\index.php(67): CodeIgniter\CodeIgniter->run()
10 SYSTEMPATH\Commands\Server\rewrite.php(47): require_once('FCPATH\\index.php')
CRITICAL - 2022-12-29 19:03:23 --> Undefined variable: cats
in APPPATH\Views\product\product_list.php on line 77.
 1 APPPATH\Views\product\product_list.php(77): CodeIgniter\Debug\Exceptions->errorHandler(8, 'Undefined variable: cats', 'APPPATH\\Views\\product\\product_list.php', 77, [...])
 2 SYSTEMPATH\View\View.php(213): include('APPPATH\\Views\\product\\product_list.php')
 3 SYSTEMPATH\View\View.php(216): CodeIgniter\View\View->CodeIgniter\View\{closure}()
 4 SYSTEMPATH\Common.php(1135): CodeIgniter\View\View->render('product/product_list', [], true)
 5 APPPATH\Controllers\Products.php(28): view('product/product_list', [...])
 6 SYSTEMPATH\CodeIgniter.php(925): App\Controllers\Products->index()
 7 SYSTEMPATH\CodeIgniter.php(480): CodeIgniter\CodeIgniter->runController(Object(App\Controllers\Products))
 8 SYSTEMPATH\CodeIgniter.php(349): CodeIgniter\CodeIgniter->handleRequest(null, Object(Config\Cache), false)
 9 FCPATH\index.php(67): CodeIgniter\CodeIgniter->run()
10 SYSTEMPATH\Commands\Server\rewrite.php(47): require_once('FCPATH\\index.php')
CRITICAL - 2022-12-29 19:03:36 --> Undefined variable: cats
in APPPATH\Views\product\product_list.php on line 77.
 1 APPPATH\Views\product\product_list.php(77): CodeIgniter\Debug\Exceptions->errorHandler(8, 'Undefined variable: cats', 'APPPATH\\Views\\product\\product_list.php', 77, [...])
 2 SYSTEMPATH\View\View.php(213): include('APPPATH\\Views\\product\\product_list.php')
 3 SYSTEMPATH\View\View.php(216): CodeIgniter\View\View->CodeIgniter\View\{closure}()
 4 SYSTEMPATH\Common.php(1135): CodeIgniter\View\View->render('product/product_list', [], true)
 5 APPPATH\Controllers\Products.php(28): view('product/product_list', [...])
 6 SYSTEMPATH\CodeIgniter.php(925): App\Controllers\Products->index()
 7 SYSTEMPATH\CodeIgniter.php(480): CodeIgniter\CodeIgniter->runController(Object(App\Controllers\Products))
 8 SYSTEMPATH\CodeIgniter.php(349): CodeIgniter\CodeIgniter->handleRequest(null, Object(Config\Cache), false)
 9 FCPATH\index.php(67): CodeIgniter\CodeIgniter->run()
10 SYSTEMPATH\Commands\Server\rewrite.php(47): require_once('FCPATH\\index.php')
ERROR - 2022-12-29 19:06:43 --> mysqli_sql_exception: Column 'product_category' cannot be null in E:\xampp\htdocs\fullstack-codeigniter-project\backend\vendor\codeigniter4\framework\system\Database\MySQLi\Connection.php:292
Stack trace:
#0 E:\xampp\htdocs\fullstack-codeigniter-project\backend\vendor\codeigniter4\framework\system\Database\MySQLi\Connection.php(292): mysqli->query('INSERT INTO `pr...', 0)
#1 E:\xampp\htdocs\fullstack-codeigniter-project\backend\vendor\codeigniter4\framework\system\Database\BaseConnection.php(666): CodeIgniter\Database\MySQLi\Connection->execute('INSERT INTO `pr...')
#2 E:\xampp\htdocs\fullstack-codeigniter-project\backend\vendor\codeigniter4\framework\system\Database\BaseConnection.php(593): CodeIgniter\Database\BaseConnection->simpleQuery('INSERT INTO `pr...')
#3 E:\xampp\htdocs\fullstack-codeigniter-project\backend\vendor\codeigniter4\framework\system\Database\BaseBuilder.php(1916): CodeIgniter\Database\BaseConnection->query('INSERT INTO `pr...', Array, false)
#4 E:\xampp\htdocs\fullstack-codeigniter-project\backend\vendor\codeigniter4\framework\system\Model.php(303): CodeIgniter\Database\BaseBuilder->insert()
#5 E:\xampp\htdocs\fullstack-codeigniter-project\backend\vendor\codeigniter4\framework\system\BaseModel.php(750): CodeIgniter\Model->doInsert(Array)
#6 E:\xampp\htdocs\fullstack-codeigniter-project\backend\vendor\codeigniter4\framework\system\Model.php(695): CodeIgniter\BaseModel->insert(Array, false)
#7 E:\xampp\htdocs\fullstack-codeigniter-project\backend\vendor\codeigniter4\framework\system\BaseModel.php(660): CodeIgniter\Model->insert(Array, false)
#8 E:\xampp\htdocs\fullstack-codeigniter-project\backend\app\Controllers\Products.php(124): CodeIgniter\BaseModel->save(Array)
#9 E:\xampp\htdocs\fullstack-codeigniter-project\backend\vendor\codeigniter4\framework\system\CodeIgniter.php(925): App\Controllers\Products->create()
#10 E:\xampp\htdocs\fullstack-codeigniter-project\backend\vendor\codeigniter4\framework\system\CodeIgniter.php(480): CodeIgniter\CodeIgniter->runController(Object(App\Controllers\Products))
#11 E:\xampp\htdocs\fullstack-codeigniter-project\backend\vendor\codeigniter4\framework\system\CodeIgniter.php(349): CodeIgniter\CodeIgniter->handleRequest(NULL, Object(Config\Cache), false)
#12 E:\xampp\htdocs\fullstack-codeigniter-project\backend\public\index.php(67): CodeIgniter\CodeIgniter->run()
#13 E:\xampp\htdocs\fullstack-codeigniter-project\backend\vendor\codeigniter4\framework\system\Commands\Server\rewrite.php(47): require_once('E:\\xampp\\htdocs...')
#14 {main}
CRITICAL - 2022-12-29 19:06:43 --> Column 'product_category' cannot be null
in SYSTEMPATH\Database\MySQLi\Connection.php on line 292.
 1 SYSTEMPATH\Database\MySQLi\Connection.php(292): mysqli->query('INSERT INTO `products` (`product_name`, `product_details`, `product_price`, `product_image`, `product_category`) VALUES (\'Extra\', \'  fffdddd                                    \', \'30\', \'/assets/uploads/sajedul.png\', NULL)', 0)
 2 SYSTEMPATH\Database\BaseConnection.php(666): CodeIgniter\Database\MySQLi\Connection->execute('INSERT INTO `products` (`product_name`, `product_details`, `product_price`, `product_image`, `product_category`) VALUES (\'Extra\', \'  fffdddd                                    \', \'30\', \'/assets/uploads/sajedul.png\', NULL)')
 3 SYSTEMPATH\Database\BaseConnection.php(593): CodeIgniter\Database\BaseConnection->simpleQuery('INSERT INTO `products` (`product_name`, `product_details`, `product_price`, `product_image`, `product_category`) VALUES (\'Extra\', \'  fffdddd                                    \', \'30\', \'/assets/uploads/sajedul.png\', NULL)')
 4 SYSTEMPATH\Database\BaseBuilder.php(1916): CodeIgniter\Database\BaseConnection->query('INSERT INTO `products` (`product_name`, `product_details`, `product_price`, `product_image`, `product_category`) VALUES (:product_name:, :product_details:, :product_price:, :product_image:, :product_category:)', [...], false)
 5 SYSTEMPATH\Model.php(303): CodeIgniter\Database\BaseBuilder->insert()
 6 SYSTEMPATH\BaseModel.php(750): CodeIgniter\Model->doInsert([...])
 7 SYSTEMPATH\Model.php(695): CodeIgniter\BaseModel->insert([...], false)
 8 SYSTEMPATH\BaseModel.php(660): CodeIgniter\Model->insert([...], false)
 9 APPPATH\Controllers\Products.php(124): CodeIgniter\BaseModel->save([...])
10 SYSTEMPATH\CodeIgniter.php(925): App\Controllers\Products->create()
11 SYSTEMPATH\CodeIgniter.php(480): CodeIgniter\CodeIgniter->runController(Object(App\Controllers\Products))
12 SYSTEMPATH\CodeIgniter.php(349): CodeIgniter\CodeIgniter->handleRequest(null, Object(Config\Cache), false)
13 FCPATH\index.php(67): CodeIgniter\CodeIgniter->run()
14 SYSTEMPATH\Commands\Server\rewrite.php(47): require_once('FCPATH\\index.php')
