ERROR - 2022-12-27 03:40:28 --> mysqli_sql_exception: You have an error in your SQL syntax; check the manual that corresponds to your MariaDB server version for the right syntax to use near '0, 1, 2, 3) VALUES (:0:, :1:, :2:, :3:)' at line 1 in E:\xampp\htdocs\fullstack-codeigniter-project\backend\vendor\codeigniter4\framework\system\Database\MySQLi\Connection.php:292
Stack trace:
#0 E:\xampp\htdocs\fullstack-codeigniter-project\backend\vendor\codeigniter4\framework\system\Database\MySQLi\Connection.php(292): mysqli->query('INSERT INTO `pr...', 0)
#1 E:\xampp\htdocs\fullstack-codeigniter-project\backend\vendor\codeigniter4\framework\system\Database\BaseConnection.php(666): CodeIgniter\Database\MySQLi\Connection->execute('INSERT INTO `pr...')
#2 E:\xampp\htdocs\fullstack-codeigniter-project\backend\vendor\codeigniter4\framework\system\Database\BaseConnection.php(593): CodeIgniter\Database\BaseConnection->simpleQuery('INSERT INTO `pr...')
#3 E:\xampp\htdocs\fullstack-codeigniter-project\backend\vendor\codeigniter4\framework\system\Database\BaseBuilder.php(1916): CodeIgniter\Database\BaseConnection->query('INSERT INTO `pr...', Array, false)
#4 E:\xampp\htdocs\fullstack-codeigniter-project\backend\app\Database\Seeds\ProductSeeder.php(38): CodeIgniter\Database\BaseBuilder->insert(Array)
#5 E:\xampp\htdocs\fullstack-codeigniter-project\backend\vendor\codeigniter4\framework\system\Database\Seeder.php(146): App\Database\Seeds\ProductSeeder->run()
#6 E:\xampp\htdocs\fullstack-codeigniter-project\backend\vendor\codeigniter4\framework\system\Commands\Database\Seed.php(77): CodeIgniter\Database\Seeder->call('App\\Database\\Se...')
#7 E:\xampp\htdocs\fullstack-codeigniter-project\backend\vendor\codeigniter4\framework\system\CLI\Commands.php(63): CodeIgniter\Commands\Database\Seed->run(Array)
#8 E:\xampp\htdocs\fullstack-codeigniter-project\backend\vendor\codeigniter4\framework\system\CLI\CommandRunner.php(65): CodeIgniter\CLI\Commands->run('db:seed', Array)
#9 E:\xampp\htdocs\fullstack-codeigniter-project\backend\vendor\codeigniter4\framework\system\CLI\CommandRunner.php(51): CodeIgniter\CLI\CommandRunner->index(Array)
#10 E:\xampp\htdocs\fullstack-codeigniter-project\backend\vendor\codeigniter4\framework\system\CodeIgniter.php(918): CodeIgniter\CLI\CommandRunner->_remap('index', Array)
#11 E:\xampp\htdocs\fullstack-codeigniter-project\backend\vendor\codeigniter4\framework\system\CodeIgniter.php(480): CodeIgniter\CodeIgniter->runController(Object(CodeIgniter\CLI\CommandRunner))
#12 E:\xampp\htdocs\fullstack-codeigniter-project\backend\vendor\codeigniter4\framework\system\CodeIgniter.php(345): CodeIgniter\CodeIgniter->handleRequest(NULL, Object(Config\Cache), false)
#13 E:\xampp\htdocs\fullstack-codeigniter-project\backend\vendor\codeigniter4\framework\system\CLI\Console.php(48): CodeIgniter\CodeIgniter->run()
#14 E:\xampp\htdocs\fullstack-codeigniter-project\backend\spark(98): CodeIgniter\CLI\Console->run()
#15 {main}
CRITICAL - 2022-12-27 04:01:58 --> Invalid file: product.product_entry
in SYSTEMPATH\Exceptions\FrameworkException.php on line 33.
 1 SYSTEMPATH\View\View.php(201): CodeIgniter\Exceptions\FrameworkException::forInvalidFile('product.product_entry')
 2 SYSTEMPATH\Common.php(1135): CodeIgniter\View\View->render('product.product_entry', [], true)
 3 APPPATH\Controllers\Products.php(40): view('product.product_entry')
 4 SYSTEMPATH\CodeIgniter.php(925): App\Controllers\Products->new()
 5 SYSTEMPATH\CodeIgniter.php(480): CodeIgniter\CodeIgniter->runController(Object(App\Controllers\Products))
 6 SYSTEMPATH\CodeIgniter.php(349): CodeIgniter\CodeIgniter->handleRequest(null, Object(Config\Cache), false)
 7 FCPATH\index.php(67): CodeIgniter\CodeIgniter->run()
 8 SYSTEMPATH\Commands\Server\rewrite.php(47): require_once('FCPATH\\index.php')
CRITICAL - 2022-12-27 07:00:30 --> Array to string conversion
in APPPATH\Views\product\product_entry.php on line 67.
 1 APPPATH\Views\product\product_entry.php(67): CodeIgniter\Debug\Exceptions->errorHandler(8, 'Array to string conversion', 'APPPATH\\Views\\product\\product_entry.php', 67, [...])
 2 SYSTEMPATH\View\View.php(213): include('APPPATH\\Views\\product\\product_entry.php')
 3 SYSTEMPATH\View\View.php(216): CodeIgniter\View\View->CodeIgniter\View\{closure}()
 4 SYSTEMPATH\Common.php(1135): CodeIgniter\View\View->render('product/product_entry', [], true)
 5 APPPATH\Controllers\Products.php(61): view('product/product_entry', [...])
 6 SYSTEMPATH\CodeIgniter.php(925): App\Controllers\Products->create()
 7 SYSTEMPATH\CodeIgniter.php(480): CodeIgniter\CodeIgniter->runController(Object(App\Controllers\Products))
 8 SYSTEMPATH\CodeIgniter.php(349): CodeIgniter\CodeIgniter->handleRequest(null, Object(Config\Cache), false)
 9 FCPATH\index.php(67): CodeIgniter\CodeIgniter->run()
10 SYSTEMPATH\Commands\Server\rewrite.php(47): require_once('FCPATH\\index.php')
CRITICAL - 2022-12-27 07:00:58 --> Array to string conversion
in APPPATH\Views\product\product_entry.php on line 68.
 1 APPPATH\Views\product\product_entry.php(68): CodeIgniter\Debug\Exceptions->errorHandler(8, 'Array to string conversion', 'APPPATH\\Views\\product\\product_entry.php', 68, [...])
 2 SYSTEMPATH\View\View.php(213): include('APPPATH\\Views\\product\\product_entry.php')
 3 SYSTEMPATH\View\View.php(216): CodeIgniter\View\View->CodeIgniter\View\{closure}()
 4 SYSTEMPATH\Common.php(1135): CodeIgniter\View\View->render('product/product_entry', [], true)
 5 APPPATH\Controllers\Products.php(61): view('product/product_entry', [...])
 6 SYSTEMPATH\CodeIgniter.php(925): App\Controllers\Products->create()
 7 SYSTEMPATH\CodeIgniter.php(480): CodeIgniter\CodeIgniter->runController(Object(App\Controllers\Products))
 8 SYSTEMPATH\CodeIgniter.php(349): CodeIgniter\CodeIgniter->handleRequest(null, Object(Config\Cache), false)
 9 FCPATH\index.php(67): CodeIgniter\CodeIgniter->run()
10 SYSTEMPATH\Commands\Server\rewrite.php(47): require_once('FCPATH\\index.php')
CRITICAL - 2022-12-27 07:01:39 --> Array to string conversion
in APPPATH\Views\product\product_entry.php on line 68.
 1 APPPATH\Views\product\product_entry.php(68): CodeIgniter\Debug\Exceptions->errorHandler(8, 'Array to string conversion', 'APPPATH\\Views\\product\\product_entry.php', 68, [...])
 2 SYSTEMPATH\View\View.php(213): include('APPPATH\\Views\\product\\product_entry.php')
 3 SYSTEMPATH\View\View.php(216): CodeIgniter\View\View->CodeIgniter\View\{closure}()
 4 SYSTEMPATH\Common.php(1135): CodeIgniter\View\View->render('product/product_entry', [], true)
 5 APPPATH\Controllers\Products.php(61): view('product/product_entry', [...])
 6 SYSTEMPATH\CodeIgniter.php(925): App\Controllers\Products->create()
 7 SYSTEMPATH\CodeIgniter.php(480): CodeIgniter\CodeIgniter->runController(Object(App\Controllers\Products))
 8 SYSTEMPATH\CodeIgniter.php(349): CodeIgniter\CodeIgniter->handleRequest(null, Object(Config\Cache), false)
 9 FCPATH\index.php(67): CodeIgniter\CodeIgniter->run()
10 SYSTEMPATH\Commands\Server\rewrite.php(47): require_once('FCPATH\\index.php')
