CRITICAL - 2023-01-03 17:05:00 --> syntax error, unexpected '->' (T_OBJECT_OPERATOR), expecting identifier (T_STRING) or variable (T_VARIABLE) or '{' or '$'
in APPPATH\Controllers\Qb.php on line 14.
 1 SYSTEMPATH\Autoloader\Autoloader.php(260): CodeIgniter\Autoloader\Autoloader->includeFile('APPPATH\\Controllers\\Qb.php')
 2 SYSTEMPATH\Autoloader\Autoloader.php(238): CodeIgniter\Autoloader\Autoloader->loadInNamespace('App\\Controllers\\Qb')
 3 [internal function]: CodeIgniter\Autoloader\Autoloader->loadClass('App\\Controllers\\Qb')
 4 [internal function]: spl_autoload_call('App\\Controllers\\Qb')
 5 SYSTEMPATH\CodeIgniter.php(875): class_exists('\\App\\Controllers\\Qb', true)
 6 SYSTEMPATH\CodeIgniter.php(467): CodeIgniter\CodeIgniter->startController()
 7 SYSTEMPATH\CodeIgniter.php(349): CodeIgniter\CodeIgniter->handleRequest(null, Object(Config\Cache), false)
 8 FCPATH\index.php(67): CodeIgniter\CodeIgniter->run()
 9 SYSTEMPATH\Commands\Server\rewrite.php(47): require_once('FCPATH\\index.php')
CRITICAL - 2023-01-03 18:21:25 --> Trying to access array offset on value of type null
in APPPATH\Views\product\product_edit.php on line 53.
 1 APPPATH\Views\product\product_edit.php(53): CodeIgniter\Debug\Exceptions->errorHandler(8, 'Trying to access array offset on value of type null', 'APPPATH\\Views\\product\\product_edit.php', 53, [...])
 2 SYSTEMPATH\View\View.php(213): include('APPPATH\\Views\\product\\product_edit.php')
 3 SYSTEMPATH\View\View.php(216): CodeIgniter\View\View->CodeIgniter\View\{closure}()
 4 SYSTEMPATH\Common.php(1135): CodeIgniter\View\View->render('product/product_edit', [], true)
 5 APPPATH\Controllers\Products.php(144): view('product/product_edit', [...])
 6 SYSTEMPATH\CodeIgniter.php(925): App\Controllers\Products->edit('FCPATH\\assets', 'dist', 'img', 'user1-128x128.jpg')
 7 SYSTEMPATH\CodeIgniter.php(480): CodeIgniter\CodeIgniter->runController(Object(App\Controllers\Products))
 8 SYSTEMPATH\CodeIgniter.php(349): CodeIgniter\CodeIgniter->handleRequest(null, Object(Config\Cache), false)
 9 FCPATH\index.php(67): CodeIgniter\CodeIgniter->run()
10 SYSTEMPATH\Commands\Server\rewrite.php(47): require_once('FCPATH\\index.php')
CRITICAL - 2023-01-03 18:21:25 --> Trying to access array offset on value of type null
in APPPATH\Views\product\product_edit.php on line 53.
 1 APPPATH\Views\product\product_edit.php(53): CodeIgniter\Debug\Exceptions->errorHandler(8, 'Trying to access array offset on value of type null', 'APPPATH\\Views\\product\\product_edit.php', 53, [...])
 2 SYSTEMPATH\View\View.php(213): include('APPPATH\\Views\\product\\product_edit.php')
 3 SYSTEMPATH\View\View.php(216): CodeIgniter\View\View->CodeIgniter\View\{closure}()
 4 SYSTEMPATH\Common.php(1135): CodeIgniter\View\View->render('product/product_edit', [], true)
 5 APPPATH\Controllers\Products.php(144): view('product/product_edit', [...])
 6 SYSTEMPATH\CodeIgniter.php(925): App\Controllers\Products->edit('FCPATH\\assets', 'dist', 'img', 'user8-128x128.jpg')
 7 SYSTEMPATH\CodeIgniter.php(480): CodeIgniter\CodeIgniter->runController(Object(App\Controllers\Products))
 8 SYSTEMPATH\CodeIgniter.php(349): CodeIgniter\CodeIgniter->handleRequest(null, Object(Config\Cache), false)
 9 FCPATH\index.php(67): CodeIgniter\CodeIgniter->run()
10 SYSTEMPATH\Commands\Server\rewrite.php(47): require_once('FCPATH\\index.php')
CRITICAL - 2023-01-03 18:21:26 --> Trying to access array offset on value of type null
in APPPATH\Views\product\product_edit.php on line 53.
 1 APPPATH\Views\product\product_edit.php(53): CodeIgniter\Debug\Exceptions->errorHandler(8, 'Trying to access array offset on value of type null', 'APPPATH\\Views\\product\\product_edit.php', 53, [...])
 2 SYSTEMPATH\View\View.php(213): include('APPPATH\\Views\\product\\product_edit.php')
 3 SYSTEMPATH\View\View.php(216): CodeIgniter\View\View->CodeIgniter\View\{closure}()
 4 SYSTEMPATH\Common.php(1135): CodeIgniter\View\View->render('product/product_edit', [], true)
 5 APPPATH\Controllers\Products.php(144): view('product/product_edit', [...])
 6 SYSTEMPATH\CodeIgniter.php(925): App\Controllers\Products->edit('FCPATH\\assets', 'dist', 'img', 'user3-128x128.jpg')
 7 SYSTEMPATH\CodeIgniter.php(480): CodeIgniter\CodeIgniter->runController(Object(App\Controllers\Products))
 8 SYSTEMPATH\CodeIgniter.php(349): CodeIgniter\CodeIgniter->handleRequest(null, Object(Config\Cache), false)
 9 FCPATH\index.php(67): CodeIgniter\CodeIgniter->run()
10 SYSTEMPATH\Commands\Server\rewrite.php(47): require_once('FCPATH\\index.php')
CRITICAL - 2023-01-03 18:28:38 --> Trying to access array offset on value of type null
in APPPATH\Views\product\product_edit.php on line 53.
 1 APPPATH\Views\product\product_edit.php(53): CodeIgniter\Debug\Exceptions->errorHandler(8, 'Trying to access array offset on value of type null', 'APPPATH\\Views\\product\\product_edit.php', 53, [...])
 2 SYSTEMPATH\View\View.php(213): include('APPPATH\\Views\\product\\product_edit.php')
 3 SYSTEMPATH\View\View.php(216): CodeIgniter\View\View->CodeIgniter\View\{closure}()
 4 SYSTEMPATH\Common.php(1135): CodeIgniter\View\View->render('product/product_edit', [], true)
 5 APPPATH\Controllers\Products.php(144): view('product/product_edit', [...])
 6 SYSTEMPATH\CodeIgniter.php(925): App\Controllers\Products->edit('FCPATH\\assets', 'dist', 'img', 'user1-128x128.jpg')
 7 SYSTEMPATH\CodeIgniter.php(480): CodeIgniter\CodeIgniter->runController(Object(App\Controllers\Products))
 8 SYSTEMPATH\CodeIgniter.php(349): CodeIgniter\CodeIgniter->handleRequest(null, Object(Config\Cache), false)
 9 FCPATH\index.php(67): CodeIgniter\CodeIgniter->run()
10 SYSTEMPATH\Commands\Server\rewrite.php(47): require_once('FCPATH\\index.php')
CRITICAL - 2023-01-03 18:28:38 --> Trying to access array offset on value of type null
in APPPATH\Views\product\product_edit.php on line 53.
 1 APPPATH\Views\product\product_edit.php(53): CodeIgniter\Debug\Exceptions->errorHandler(8, 'Trying to access array offset on value of type null', 'APPPATH\\Views\\product\\product_edit.php', 53, [...])
 2 SYSTEMPATH\View\View.php(213): include('APPPATH\\Views\\product\\product_edit.php')
 3 SYSTEMPATH\View\View.php(216): CodeIgniter\View\View->CodeIgniter\View\{closure}()
 4 SYSTEMPATH\Common.php(1135): CodeIgniter\View\View->render('product/product_edit', [], true)
 5 APPPATH\Controllers\Products.php(144): view('product/product_edit', [...])
 6 SYSTEMPATH\CodeIgniter.php(925): App\Controllers\Products->edit('FCPATH\\assets', 'dist', 'img', 'user8-128x128.jpg')
 7 SYSTEMPATH\CodeIgniter.php(480): CodeIgniter\CodeIgniter->runController(Object(App\Controllers\Products))
 8 SYSTEMPATH\CodeIgniter.php(349): CodeIgniter\CodeIgniter->handleRequest(null, Object(Config\Cache), false)
 9 FCPATH\index.php(67): CodeIgniter\CodeIgniter->run()
10 SYSTEMPATH\Commands\Server\rewrite.php(47): require_once('FCPATH\\index.php')
CRITICAL - 2023-01-03 18:28:38 --> Trying to access array offset on value of type null
in APPPATH\Views\product\product_edit.php on line 53.
 1 APPPATH\Views\product\product_edit.php(53): CodeIgniter\Debug\Exceptions->errorHandler(8, 'Trying to access array offset on value of type null', 'APPPATH\\Views\\product\\product_edit.php', 53, [...])
 2 SYSTEMPATH\View\View.php(213): include('APPPATH\\Views\\product\\product_edit.php')
 3 SYSTEMPATH\View\View.php(216): CodeIgniter\View\View->CodeIgniter\View\{closure}()
 4 SYSTEMPATH\Common.php(1135): CodeIgniter\View\View->render('product/product_edit', [], true)
 5 APPPATH\Controllers\Products.php(144): view('product/product_edit', [...])
 6 SYSTEMPATH\CodeIgniter.php(925): App\Controllers\Products->edit('FCPATH\\assets', 'dist', 'img', 'user3-128x128.jpg')
 7 SYSTEMPATH\CodeIgniter.php(480): CodeIgniter\CodeIgniter->runController(Object(App\Controllers\Products))
 8 SYSTEMPATH\CodeIgniter.php(349): CodeIgniter\CodeIgniter->handleRequest(null, Object(Config\Cache), false)
 9 FCPATH\index.php(67): CodeIgniter\CodeIgniter->run()
10 SYSTEMPATH\Commands\Server\rewrite.php(47): require_once('FCPATH\\index.php')
